[2024-03-05T17:49:58.121+0000] {taskinstance.py:1979} INFO - Dependencies all met for dep_context=non-requeueable deps ti=<TaskInstance: airflow_main_m_dag.process_null_data manual__2024-03-05T17:49:21.797656+00:00 [queued]>
[2024-03-05T17:49:58.144+0000] {taskinstance.py:1979} INFO - Dependencies all met for dep_context=requeueable deps ti=<TaskInstance: airflow_main_m_dag.process_null_data manual__2024-03-05T17:49:21.797656+00:00 [queued]>
[2024-03-05T17:49:58.145+0000] {taskinstance.py:2193} INFO - Starting attempt 1 of 1
[2024-03-05T17:49:58.209+0000] {taskinstance.py:2214} INFO - Executing <Task(PythonOperator): process_null_data> on 2024-03-05 17:49:21.797656+00:00
[2024-03-05T17:49:58.223+0000] {standard_task_runner.py:60} INFO - Started process 270 to run task
[2024-03-05T17:49:58.228+0000] {standard_task_runner.py:87} INFO - Running: ['airflow', 'tasks', 'run', 'airflow_main_m_dag', 'process_null_data', 'manual__2024-03-05T17:49:21.797656+00:00', '--job-id', '7', '--raw', '--subdir', 'DAGS_FOLDER/airflow_main_m_dag.py', '--cfg-path', '/tmp/tmpcup8gquy']
[2024-03-05T17:49:58.232+0000] {standard_task_runner.py:88} INFO - Job 7: Subtask process_null_data
[2024-03-05T17:49:58.423+0000] {task_command.py:423} INFO - Running <TaskInstance: airflow_main_m_dag.process_null_data manual__2024-03-05T17:49:21.797656+00:00 [running]> on host 78c66e2b2da2
[2024-03-05T17:49:58.653+0000] {taskinstance.py:2510} INFO - Exporting env vars: AIRFLOW_CTX_DAG_OWNER='airflow' AIRFLOW_CTX_DAG_ID='airflow_main_m_dag' AIRFLOW_CTX_TASK_ID='process_null_data' AIRFLOW_CTX_EXECUTION_DATE='2024-03-05T17:49:21.797656+00:00' AIRFLOW_CTX_TRY_NUMBER='1' AIRFLOW_CTX_DAG_RUN_ID='manual__2024-03-05T17:49:21.797656+00:00'
[2024-03-05T17:49:59.307+0000] {logging_mixin.py:188} WARNING - /opt/airflow/dags/airflow_main_m_dag.py:71 FutureWarning: Passing literal json to 'read_json' is deprecated and will be removed in a future version. To read from a literal string, wrap it in a 'StringIO' object.
[2024-03-05T17:49:59.703+0000] {logging_mixin.py:188} INFO - Cantidad de columnas con NaN: 14
[2024-03-05T17:49:59.706+0000] {logging_mixin.py:188} INFO - Campos vacios ESTU_TIENE ETNIA: 0
[2024-03-05T17:49:59.717+0000] {logging_mixin.py:188} INFO - ESTU_LIMITA_MOTRIZ               0
ESTU_LIMITA_INVIDENTE            0
ESTU_LIMITA_CONDICIONESPECIAL    0
ESTU_LIMITA_SORDO                0
ESTU_LIMITA_AUTISMO              0
dtype: int64
[2024-03-05T17:49:59.733+0000] {logging_mixin.py:188} INFO - Columnas que faltan por rellenar 8
[2024-03-05T17:49:59.777+0000] {logging_mixin.py:188} INFO - Columnas que faltan por rellenar 0
[2024-03-05T17:50:02.361+0000] {crypto.py:82} WARNING - empty cryptography key - values will not be stored encrypted.
[2024-03-05T17:50:03.084+0000] {python.py:202} INFO - Done. Returned value was: None
[2024-03-05T17:50:03.110+0000] {taskinstance.py:1149} INFO - Marking task as SUCCESS. dag_id=airflow_main_m_dag, task_id=process_null_data, execution_date=20240305T174921, start_date=20240305T174958, end_date=20240305T175003
[2024-03-05T17:50:03.265+0000] {local_task_job_runner.py:234} INFO - Task exited with return code 0
[2024-03-05T17:50:03.577+0000] {taskinstance.py:3309} INFO - 1 downstream tasks scheduled from follow-on schedule check
