[2024-03-05T17:45:31.975+0000] {manager.py:469} INFO - Processing files using up to 1 processes at a time 
[2024-03-05T17:45:31.977+0000] {manager.py:470} INFO - Process each file at most once every 30 seconds
[2024-03-05T17:45:31.979+0000] {manager.py:471} INFO - Checking for new files in /opt/airflow/dags every 300 seconds
[2024-03-05T17:45:31.981+0000] {manager.py:738} INFO - Searching for files in /opt/airflow/dags
[2024-03-05T17:45:31.986+0000] {manager.py:741} INFO - There are 0 files in /opt/airflow/dags
[2024-03-05T17:45:44.792+0000] {manager.py:469} INFO - Processing files using up to 1 processes at a time 
[2024-03-05T17:45:44.797+0000] {manager.py:470} INFO - Process each file at most once every 30 seconds
[2024-03-05T17:45:44.800+0000] {manager.py:471} INFO - Checking for new files in /opt/airflow/dags every 300 seconds
[2024-03-05T17:45:44.810+0000] {manager.py:738} INFO - Searching for files in /opt/airflow/dags
[2024-03-05T17:45:44.825+0000] {manager.py:741} INFO - There are 0 files in /opt/airflow/dags
[2024-03-05T17:47:46.854+0000] {manager.py:451} INFO - Exiting gracefully upon receiving signal 15
[2024-03-05T17:47:58.725+0000] {manager.py:469} INFO - Processing files using up to 1 processes at a time 
[2024-03-05T17:47:58.727+0000] {manager.py:470} INFO - Process each file at most once every 30 seconds
[2024-03-05T17:47:58.729+0000] {manager.py:471} INFO - Checking for new files in /opt/airflow/dags every 300 seconds
[2024-03-05T17:47:58.731+0000] {manager.py:738} INFO - Searching for files in /opt/airflow/dags
[2024-03-05T17:47:58.974+0000] {manager.py:741} INFO - There are 5 files in /opt/airflow/dags
[2024-03-05T17:48:00.276+0000] {manager.py:879} INFO - 
================================================================================
DAG File Processing Stats

File Path                                      PID    Runtime      # DAGs    # Errors  Last Runtime    Last Run
---------------------------------------------  -----  ---------  --------  ----------  --------------  -------------------
/opt/airflow/dags/sad_dag.py                                            1           0  1.12s           2024-03-05T17:48:00
/opt/airflow/dags/airflow_main_dag.py                                   0           0
/opt/airflow/dags/airflow_main_m_dag.py                                 0           0
/opt/airflow/dags/basic_classification_dag.py                           0           0
/opt/airflow/dags/welcome_dag.py                                        0           0
================================================================================
[2024-03-05T17:48:31.465+0000] {manager.py:879} INFO - 
================================================================================
DAG File Processing Stats

File Path                                      PID    Runtime      # DAGs    # Errors  Last Runtime    Last Run
---------------------------------------------  -----  ---------  --------  ----------  --------------  -------------------
/opt/airflow/dags/airflow_main_m_dag.py                                 1           0  7.96s           2024-03-05T17:48:09
/opt/airflow/dags/airflow_main_dag.py                                   1           0  1.92s           2024-03-05T17:48:13
/opt/airflow/dags/basic_classification_dag.py                           1           0  1.91s           2024-03-05T17:48:15
/opt/airflow/dags/welcome_dag.py                                        1           0  0.72s           2024-03-05T17:48:17
/opt/airflow/dags/sad_dag.py                                            1           0  0.41s           2024-03-05T17:48:31
================================================================================
[2024-03-05T17:49:04.595+0000] {manager.py:879} INFO - 
================================================================================
DAG File Processing Stats

File Path                                      PID    Runtime      # DAGs    # Errors  Last Runtime    Last Run
---------------------------------------------  -----  ---------  --------  ----------  --------------  -------------------
/opt/airflow/dags/sad_dag.py                                            1           0  2.04s           2024-03-05T17:49:04
/opt/airflow/dags/airflow_main_m_dag.py                                 1           0  1.61s           2024-03-05T17:48:41
/opt/airflow/dags/airflow_main_dag.py                                   1           0  1.61s           2024-03-05T17:48:45
/opt/airflow/dags/basic_classification_dag.py                           1           0  1.51s           2024-03-05T17:48:48
/opt/airflow/dags/welcome_dag.py                                        1           0  0.42s           2024-03-05T17:48:49
================================================================================
[2024-03-05T17:49:35.322+0000] {manager.py:879} INFO - 
================================================================================
DAG File Processing Stats

File Path                                      PID    Runtime      # DAGs    # Errors  Last Runtime    Last Run
---------------------------------------------  -----  ---------  --------  ----------  --------------  -------------------
/opt/airflow/dags/airflow_main_m_dag.py                                 1           0  5.46s           2024-03-05T17:49:17
/opt/airflow/dags/basic_classification_dag.py                           1           0  4.56s           2024-03-05T17:49:26
/opt/airflow/dags/airflow_main_dag.py                                   1           0  1.91s           2024-03-05T17:49:21
/opt/airflow/dags/sad_dag.py                                            1           0  0.61s           2024-03-05T17:49:35
/opt/airflow/dags/welcome_dag.py                                        1           0  0.31s           2024-03-05T17:49:28
================================================================================
[2024-03-05T17:50:05.394+0000] {manager.py:879} INFO - 
================================================================================
DAG File Processing Stats

File Path                                      PID    Runtime      # DAGs    # Errors  Last Runtime    Last Run
---------------------------------------------  -----  ---------  --------  ----------  --------------  -------------------
/opt/airflow/dags/airflow_main_dag.py                                   1           0  3.02s           2024-03-05T17:49:59
/opt/airflow/dags/basic_classification_dag.py                           1           0  2.05s           2024-03-05T17:50:05
/opt/airflow/dags/airflow_main_m_dag.py                                 1           0  1.81s           2024-03-05T17:49:55
/opt/airflow/dags/sad_dag.py                                            1           0  0.61s           2024-03-05T17:49:35
/opt/airflow/dags/welcome_dag.py                                        1           0  0.31s           2024-03-05T17:49:28
================================================================================
[2024-03-05T17:50:34.208+0000] {manager.py:738} INFO - Searching for files in /opt/airflow/dags
[2024-03-05T17:50:34.474+0000] {manager.py:741} INFO - There are 6 files in /opt/airflow/dags
[2024-03-05T17:50:47.359+0000] {manager.py:879} INFO - 
================================================================================
DAG File Processing Stats

File Path                                      PID    Runtime      # DAGs    # Errors  Last Runtime    Last Run
---------------------------------------------  -----  ---------  --------  ----------  --------------  -------------------
/opt/airflow/dags/airflow_main_f_dag.py                                 1           0  7.34s           2024-03-05T17:50:42
/opt/airflow/dags/airflow_main_m_dag.py                                 1           0  2.11s           2024-03-05T17:50:47
/opt/airflow/dags/sad_dag.py                                            1           0  0.51s           2024-03-05T17:50:44
/opt/airflow/dags/airflow_main_dag.py                                   0           0
/opt/airflow/dags/basic_classification_dag.py                           0           0
/opt/airflow/dags/welcome_dag.py                                        0           0
================================================================================
[2024-03-05T17:50:48.159+0000] {manager.py:879} INFO - 
================================================================================
DAG File Processing Stats

File Path                                      PID    Runtime      # DAGs    # Errors  Last Runtime    Last Run
---------------------------------------------  -----  ---------  --------  ----------  --------------  -------------------
/opt/airflow/dags/airflow_main_m_dag.py                                 1           0  2.31s           2024-03-05T17:50:28
/opt/airflow/dags/basic_classification_dag.py                           1           0  2.05s           2024-03-05T17:50:05
/opt/airflow/dags/airflow_main_dag.py                                   1           0  1.82s           2024-03-05T17:50:31
/opt/airflow/dags/welcome_dag.py                                        1           0  0.41s           2024-03-05T17:50:07
/opt/airflow/dags/sad_dag.py                                            1           0  0.31s           2024-03-05T17:50:48
================================================================================
[2024-03-05T18:40:26.658+0000] {manager.py:738} INFO - Searching for files in /opt/airflow/dags
[2024-03-05T18:40:27.091+0000] {manager.py:738} INFO - Searching for files in /opt/airflow/dags
[2024-03-05T18:40:31.625+0000] {manager.py:741} INFO - There are 6 files in /opt/airflow/dags
[2024-03-05T18:40:32.316+0000] {manager.py:741} INFO - There are 6 files in /opt/airflow/dags
[2024-03-05T18:40:52.019+0000] {manager.py:879} INFO - 
================================================================================
DAG File Processing Stats

File Path                                      PID    Runtime      # DAGs    # Errors  Last Runtime    Last Run
---------------------------------------------  -----  ---------  --------  ----------  --------------  -------------------
/opt/airflow/dags/airflow_main_f_dag.py                                 1           0  14.86s          2024-03-05T18:40:52
/opt/airflow/dags/airflow_main_dag.py                                   1           0  3.39s           2024-03-05T17:50:52
/opt/airflow/dags/airflow_main_m_dag.py                                 1           0  2.11s           2024-03-05T17:50:47
/opt/airflow/dags/basic_classification_dag.py                           1           0  2.02s           2024-03-05T17:50:56
/opt/airflow/dags/welcome_dag.py                                        1           0  1.63s           2024-03-05T17:50:59
/opt/airflow/dags/sad_dag.py                                            1           0  0.51s           2024-03-05T17:50:44
================================================================================
[2024-03-05T18:40:52.383+0000] {manager.py:879} INFO - 
================================================================================
DAG File Processing Stats

File Path                                      PID    Runtime      # DAGs    # Errors  Last Runtime    Last Run
---------------------------------------------  -----  ---------  --------  ----------  --------------  -------------------
/opt/airflow/dags/airflow_main_f_dag.py                                 1           0  16.38s          2024-03-05T18:40:52
/opt/airflow/dags/basic_classification_dag.py                           1           0  4.64s           2024-03-05T17:50:53
/opt/airflow/dags/airflow_main_m_dag.py                                 1           0  2.53s           2024-03-05T17:51:02
/opt/airflow/dags/airflow_main_dag.py                                   1           0  2.12s           2024-03-05T17:51:04
/opt/airflow/dags/welcome_dag.py                                        1           0  0.41s           2024-03-05T17:50:55
/opt/airflow/dags/sad_dag.py                                            1           0  0.31s           2024-03-05T17:50:48
================================================================================
[2024-03-05T18:41:26.598+0000] {manager.py:879} INFO - 
================================================================================
DAG File Processing Stats

File Path                                      PID    Runtime      # DAGs    # Errors  Last Runtime    Last Run
---------------------------------------------  -----  ---------  --------  ----------  --------------  -------------------
/opt/airflow/dags/airflow_main_f_dag.py                                 1           0  4.05s           2024-03-05T18:41:26
/opt/airflow/dags/airflow_main_m_dag.py                                 1           0  2.42s           2024-03-05T18:40:58
/opt/airflow/dags/airflow_main_dag.py                                   1           0  2.12s           2024-03-05T18:41:01
/opt/airflow/dags/basic_classification_dag.py                           1           0  1.82s           2024-03-05T18:41:04
/opt/airflow/dags/sad_dag.py                                            1           0  0.62s           2024-03-05T18:40:54
/opt/airflow/dags/welcome_dag.py                                        1           0  0.31s           2024-03-05T18:41:06
================================================================================
[2024-03-05T18:41:26.625+0000] {manager.py:879} INFO - 
================================================================================
DAG File Processing Stats

File Path                                      PID    Runtime      # DAGs    # Errors  Last Runtime    Last Run
---------------------------------------------  -----  ---------  --------  ----------  --------------  -------------------
/opt/airflow/dags/airflow_main_f_dag.py                                 1           0  3.96s           2024-03-05T18:41:26
/opt/airflow/dags/airflow_main_m_dag.py                                 1           0  2.32s           2024-03-05T18:40:57
/opt/airflow/dags/airflow_main_dag.py                                   1           0  1.91s           2024-03-05T18:41:01
/opt/airflow/dags/basic_classification_dag.py                           1           0  1.51s           2024-03-05T18:41:03
/opt/airflow/dags/sad_dag.py                                            1           0  0.61s           2024-03-05T18:40:54
/opt/airflow/dags/welcome_dag.py                                        1           0  0.31s           2024-03-05T18:41:05
================================================================================
[2024-03-05T18:41:58.688+0000] {manager.py:879} INFO - 
================================================================================
DAG File Processing Stats

File Path                                      PID    Runtime      # DAGs    # Errors  Last Runtime    Last Run
---------------------------------------------  -----  ---------  --------  ----------  --------------  -------------------
/opt/airflow/dags/basic_classification_dag.py                           1           0  1.85s           2024-03-05T18:41:36
/opt/airflow/dags/airflow_main_dag.py                                   1           0  1.72s           2024-03-05T18:41:33
/opt/airflow/dags/airflow_main_f_dag.py                                 1           0  1.71s           2024-03-05T18:41:58
/opt/airflow/dags/airflow_main_m_dag.py                                 1           0  1.61s           2024-03-05T18:41:31
/opt/airflow/dags/sad_dag.py                                            1           0  0.42s           2024-03-05T18:41:28
/opt/airflow/dags/welcome_dag.py                                        1           0  0.41s           2024-03-05T18:41:38
================================================================================
[2024-03-05T18:41:58.799+0000] {manager.py:879} INFO - 
================================================================================
DAG File Processing Stats

File Path                                      PID    Runtime      # DAGs    # Errors  Last Runtime    Last Run
---------------------------------------------  -----  ---------  --------  ----------  --------------  -------------------
/opt/airflow/dags/basic_classification_dag.py                           1           0  2.21s           2024-03-05T18:41:37
/opt/airflow/dags/airflow_main_f_dag.py                                 1           0  1.82s           2024-03-05T18:41:58
/opt/airflow/dags/airflow_main_dag.py                                   1           0  1.82s           2024-03-05T18:41:33
/opt/airflow/dags/airflow_main_m_dag.py                                 1           0  1.81s           2024-03-05T18:41:31
/opt/airflow/dags/sad_dag.py                                            1           0  0.41s           2024-03-05T18:41:28
/opt/airflow/dags/welcome_dag.py                                        1           0  0.41s           2024-03-05T18:41:38
================================================================================
[2024-03-05T18:42:31.149+0000] {manager.py:879} INFO - 
================================================================================
DAG File Processing Stats

File Path                                      PID    Runtime      # DAGs    # Errors  Last Runtime    Last Run
---------------------------------------------  -----  ---------  --------  ----------  --------------  -------------------
/opt/airflow/dags/airflow_main_f_dag.py                                 1           0  2.32s           2024-03-05T18:42:31
/opt/airflow/dags/basic_classification_dag.py                           1           0  1.71s           2024-03-05T18:42:09
/opt/airflow/dags/airflow_main_m_dag.py                                 1           0  1.32s           2024-03-05T18:42:02
/opt/airflow/dags/airflow_main_dag.py                                   1           0  1.31s           2024-03-05T18:42:05
/opt/airflow/dags/welcome_dag.py                                        1           0  0.31s           2024-03-05T18:42:10
/opt/airflow/dags/sad_dag.py                                            1           0  0.31s           2024-03-05T18:42:00
================================================================================
[2024-03-05T18:42:31.630+0000] {manager.py:879} INFO - 
================================================================================
DAG File Processing Stats

File Path                                      PID    Runtime      # DAGs    # Errors  Last Runtime    Last Run
---------------------------------------------  -----  ---------  --------  ----------  --------------  -------------------
/opt/airflow/dags/airflow_main_f_dag.py                                 1           0  2.51s           2024-03-05T18:42:31
/opt/airflow/dags/basic_classification_dag.py                           1           0  1.82s           2024-03-05T18:42:09
/opt/airflow/dags/airflow_main_m_dag.py                                 1           0  1.61s           2024-03-05T18:42:04
/opt/airflow/dags/airflow_main_dag.py                                   1           0  1.51s           2024-03-05T18:42:06
/opt/airflow/dags/sad_dag.py                                            1           0  0.31s           2024-03-05T18:42:00
/opt/airflow/dags/welcome_dag.py                                        1           0  0.31s           2024-03-05T18:42:11
================================================================================
[2024-03-05T18:43:02.782+0000] {manager.py:879} INFO - 
================================================================================
DAG File Processing Stats

File Path                                      PID    Runtime      # DAGs    # Errors  Last Runtime    Last Run
---------------------------------------------  -----  ---------  --------  ----------  --------------  -------------------
/opt/airflow/dags/airflow_main_f_dag.py                                 1           0  1.53s           2024-03-05T18:43:02
/opt/airflow/dags/basic_classification_dag.py                           1           0  1.46s           2024-03-05T18:42:40
/opt/airflow/dags/airflow_main_m_dag.py                                 1           0  1.42s           2024-03-05T18:42:34
/opt/airflow/dags/airflow_main_dag.py                                   1           0  1.31s           2024-03-05T18:42:37
/opt/airflow/dags/welcome_dag.py                                        1           0  0.41s           2024-03-05T18:42:41
/opt/airflow/dags/sad_dag.py                                            1           0  0.31s           2024-03-05T18:42:31
================================================================================
[2024-03-05T18:43:03.471+0000] {manager.py:879} INFO - 
================================================================================
DAG File Processing Stats

File Path                                      PID    Runtime      # DAGs    # Errors  Last Runtime    Last Run
---------------------------------------------  -----  ---------  --------  ----------  --------------  -------------------
/opt/airflow/dags/airflow_main_f_dag.py                                 1           0  1.71s           2024-03-05T18:43:03
/opt/airflow/dags/basic_classification_dag.py                           1           0  1.62s           2024-03-05T18:42:42
/opt/airflow/dags/airflow_main_dag.py                                   1           0  1.51s           2024-03-05T18:42:38
/opt/airflow/dags/airflow_main_m_dag.py                                 1           0  1.41s           2024-03-05T18:42:35
/opt/airflow/dags/sad_dag.py                                            1           0  0.31s           2024-03-05T18:42:33
/opt/airflow/dags/welcome_dag.py                                        1           0  0.31s           2024-03-05T18:42:43
================================================================================
[2024-03-05T18:43:35.625+0000] {manager.py:879} INFO - 
================================================================================
DAG File Processing Stats

File Path                                      PID    Runtime      # DAGs    # Errors  Last Runtime    Last Run
---------------------------------------------  -----  ---------  --------  ----------  --------------  -------------------
/opt/airflow/dags/airflow_main_f_dag.py                                 1           0  2.42s           2024-03-05T18:43:35
/opt/airflow/dags/airflow_main_m_dag.py                                 1           0  1.81s           2024-03-05T18:43:07
/opt/airflow/dags/airflow_main_dag.py                                   1           0  1.44s           2024-03-05T18:43:09
/opt/airflow/dags/basic_classification_dag.py                           1           0  1.31s           2024-03-05T18:43:13
/opt/airflow/dags/welcome_dag.py                                        1           0  0.82s           2024-03-05T18:43:15
/opt/airflow/dags/sad_dag.py                                            1           0  0.31s           2024-03-05T18:43:04
================================================================================
[2024-03-05T18:43:36.259+0000] {manager.py:879} INFO - 
================================================================================
DAG File Processing Stats

File Path                                      PID    Runtime      # DAGs    # Errors  Last Runtime    Last Run
---------------------------------------------  -----  ---------  --------  ----------  --------------  -------------------
/opt/airflow/dags/basic_classification_dag.py                           1           0  2.95s           2024-03-05T18:43:16
/opt/airflow/dags/airflow_main_f_dag.py                                 1           0  2.74s           2024-03-05T18:43:36
/opt/airflow/dags/airflow_main_m_dag.py                                 1           0  1.71s           2024-03-05T18:43:07
/opt/airflow/dags/airflow_main_dag.py                                   1           0  1.51s           2024-03-05T18:43:10
/opt/airflow/dags/welcome_dag.py                                        1           0  0.32s           2024-03-05T18:43:18
/opt/airflow/dags/sad_dag.py                                            1           0  0.31s           2024-03-05T18:43:04
================================================================================
[2024-03-05T18:44:09.018+0000] {manager.py:879} INFO - 
================================================================================
DAG File Processing Stats

File Path                                      PID    Runtime      # DAGs    # Errors  Last Runtime    Last Run
---------------------------------------------  -----  ---------  --------  ----------  --------------  -------------------
/opt/airflow/dags/airflow_main_f_dag.py                                 1           0  2.94s           2024-03-05T18:44:09
/opt/airflow/dags/airflow_main_m_dag.py                                 1           0  2.62s           2024-03-05T18:43:41
/opt/airflow/dags/airflow_main_dag.py                                   1           0  2.22s           2024-03-05T18:43:44
/opt/airflow/dags/basic_classification_dag.py                           1           0  1.92s           2024-03-05T18:43:47
/opt/airflow/dags/welcome_dag.py                                        1           0  0.51s           2024-03-05T18:43:49
/opt/airflow/dags/sad_dag.py                                            1           0  0.51s           2024-03-05T18:43:37
================================================================================
[2024-03-05T18:44:10.525+0000] {manager.py:879} INFO - 
================================================================================
DAG File Processing Stats

File Path                                      PID    Runtime      # DAGs    # Errors  Last Runtime    Last Run
---------------------------------------------  -----  ---------  --------  ----------  --------------  -------------------
/opt/airflow/dags/airflow_main_f_dag.py                                 1           0  3.45s           2024-03-05T18:44:10
/opt/airflow/dags/airflow_main_m_dag.py                                 1           0  2.74s           2024-03-05T18:43:41
/opt/airflow/dags/basic_classification_dag.py                           1           0  2.63s           2024-03-05T18:43:50
/opt/airflow/dags/airflow_main_dag.py                                   1           0  2.34s           2024-03-05T18:43:44
/opt/airflow/dags/sad_dag.py                                            1           0  0.44s           2024-03-05T18:43:37
/opt/airflow/dags/welcome_dag.py                                        1           0  0.41s           2024-03-05T18:43:51
================================================================================
[2024-03-05T18:44:43.773+0000] {manager.py:879} INFO - 
================================================================================
DAG File Processing Stats

File Path                                      PID    Runtime      # DAGs    # Errors  Last Runtime    Last Run
---------------------------------------------  -----  ---------  --------  ----------  --------------  -------------------
/opt/airflow/dags/airflow_main_f_dag.py                                 1           0  3.96s           2024-03-05T18:44:43
/opt/airflow/dags/airflow_main_dag.py                                   1           0  3.70s           2024-03-05T18:44:20
/opt/airflow/dags/basic_classification_dag.py                           1           0  2.95s           2024-03-05T18:44:24
/opt/airflow/dags/airflow_main_m_dag.py                                 1           0  2.93s           2024-03-05T18:44:15
/opt/airflow/dags/welcome_dag.py                                        1           0  0.72s           2024-03-05T18:44:26
/opt/airflow/dags/sad_dag.py                                            1           0  0.52s           2024-03-05T18:44:10
================================================================================
[2024-03-05T18:44:45.033+0000] {manager.py:879} INFO - 
================================================================================
DAG File Processing Stats

File Path                                      PID    Runtime      # DAGs    # Errors  Last Runtime    Last Run
---------------------------------------------  -----  ---------  --------  ----------  --------------  -------------------
/opt/airflow/dags/airflow_main_dag.py                                   1           0  3.74s           2024-03-05T18:44:20
/opt/airflow/dags/airflow_main_f_dag.py                                 1           0  3.55s           2024-03-05T18:44:45
/opt/airflow/dags/airflow_main_m_dag.py                                 1           0  3.13s           2024-03-05T18:44:15
/opt/airflow/dags/basic_classification_dag.py                           1           0  3.03s           2024-03-05T18:44:24
/opt/airflow/dags/sad_dag.py                                            1           0  0.71s           2024-03-05T18:44:11
/opt/airflow/dags/welcome_dag.py                                        1           0  0.61s           2024-03-05T18:44:26
================================================================================
[2024-03-05T18:45:18.926+0000] {manager.py:879} INFO - 
================================================================================
DAG File Processing Stats

File Path                                      PID    Runtime      # DAGs    # Errors  Last Runtime    Last Run
---------------------------------------------  -----  ---------  --------  ----------  --------------  -------------------
/opt/airflow/dags/airflow_main_dag.py                                   1           0  17.00s          2024-03-05T18:45:09
/opt/airflow/dags/basic_classification_dag.py                           1           0  6.10s           2024-03-05T18:45:18
/opt/airflow/dags/airflow_main_f_dag.py                                 1           0  3.96s           2024-03-05T18:44:43
/opt/airflow/dags/airflow_main_m_dag.py                                 1           0  3.53s           2024-03-05T18:44:51
/opt/airflow/dags/sad_dag.py                                            1           0  1.02s           2024-03-05T18:44:46
/opt/airflow/dags/welcome_dag.py                                        1           0  0.72s           2024-03-05T18:44:26
================================================================================
[2024-03-05T18:45:19.287+0000] {manager.py:879} INFO - 
================================================================================
DAG File Processing Stats

File Path                                      PID    Runtime      # DAGs    # Errors  Last Runtime    Last Run
---------------------------------------------  -----  ---------  --------  ----------  --------------  -------------------
/opt/airflow/dags/airflow_main_dag.py                                   1           0  17.88s          2024-03-05T18:45:11
/opt/airflow/dags/basic_classification_dag.py                           1           0  4.91s           2024-03-05T18:45:19
/opt/airflow/dags/airflow_main_m_dag.py                                 1           0  3.93s           2024-03-05T18:44:51
/opt/airflow/dags/airflow_main_f_dag.py                                 1           0  3.55s           2024-03-05T18:44:45
/opt/airflow/dags/sad_dag.py                                            1           0  0.94s           2024-03-05T18:44:46
/opt/airflow/dags/welcome_dag.py                                        1           0  0.61s           2024-03-05T18:44:26
================================================================================
[2024-03-05T18:45:27.638+0000] {manager.py:738} INFO - Searching for files in /opt/airflow/dags
[2024-03-05T18:45:28.337+0000] {manager.py:738} INFO - Searching for files in /opt/airflow/dags
[2024-03-05T18:45:28.556+0000] {manager.py:741} INFO - There are 6 files in /opt/airflow/dags
[2024-03-05T18:45:28.735+0000] {manager.py:741} INFO - There are 6 files in /opt/airflow/dags
[2024-03-05T18:45:53.924+0000] {manager.py:879} INFO - 
================================================================================
DAG File Processing Stats

File Path                                      PID    Runtime      # DAGs    # Errors  Last Runtime    Last Run
---------------------------------------------  -----  ---------  --------  ----------  --------------  -------------------
/opt/airflow/dags/basic_classification_dag.py                           1           0  4.55s           2024-03-05T18:45:53
/opt/airflow/dags/airflow_main_f_dag.py                                 1           0  3.64s           2024-03-05T18:45:26
/opt/airflow/dags/airflow_main_m_dag.py                                 1           0  3.13s           2024-03-05T18:45:33
/opt/airflow/dags/airflow_main_dag.py                                   1           0  2.84s           2024-03-05T18:45:44
/opt/airflow/dags/welcome_dag.py                                        1           0  0.61s           2024-03-05T18:45:21
/opt/airflow/dags/sad_dag.py                                            1           0  0.51s           2024-03-05T18:45:29
================================================================================
[2024-03-05T18:45:54.672+0000] {manager.py:879} INFO - 
================================================================================
DAG File Processing Stats

File Path                                      PID    Runtime      # DAGs    # Errors  Last Runtime    Last Run
---------------------------------------------  -----  ---------  --------  ----------  --------------  -------------------
/opt/airflow/dags/basic_classification_dag.py                           1           0  4.68s           2024-03-05T18:45:54
/opt/airflow/dags/airflow_main_f_dag.py                                 1           0  3.32s           2024-03-05T18:45:25
/opt/airflow/dags/airflow_main_m_dag.py                                 1           0  3.14s           2024-03-05T18:45:32
/opt/airflow/dags/airflow_main_dag.py                                   1           0  3.05s           2024-03-05T18:45:42
/opt/airflow/dags/welcome_dag.py                                        1           0  0.72s           2024-03-05T18:45:21
/opt/airflow/dags/sad_dag.py                                            1           0  0.41s           2024-03-05T18:45:26
================================================================================
[2024-03-05T18:46:33.888+0000] {manager.py:879} INFO - 
================================================================================
DAG File Processing Stats

File Path                                      PID    Runtime      # DAGs    # Errors  Last Runtime    Last Run
---------------------------------------------  -----  ---------  --------  ----------  --------------  -------------------
/opt/airflow/dags/airflow_main_dag.py                                   1           0  10.36s          2024-03-05T18:46:33
/opt/airflow/dags/airflow_main_m_dag.py                                 1           0  8.57s           2024-03-05T18:46:21
/opt/airflow/dags/airflow_main_f_dag.py                                 1           0  8.50s           2024-03-05T18:46:05
/opt/airflow/dags/basic_classification_dag.py                           1           0  4.55s           2024-03-05T18:45:53
/opt/airflow/dags/sad_dag.py                                            1           0  0.83s           2024-03-05T18:46:11
/opt/airflow/dags/welcome_dag.py                                        1           0  0.44s           2024-03-05T18:45:55
================================================================================
[2024-03-05T18:46:37.128+0000] {manager.py:879} INFO - 
================================================================================
DAG File Processing Stats

File Path                                      PID    Runtime      # DAGs    # Errors  Last Runtime    Last Run
---------------------------------------------  -----  ---------  --------  ----------  --------------  -------------------
/opt/airflow/dags/airflow_main_f_dag.py                                 1           0  5.87s           2024-03-05T18:46:01
/opt/airflow/dags/basic_classification_dag.py                           1           0  4.68s           2024-03-05T18:45:54
/opt/airflow/dags/airflow_main_m_dag.py                                 1           0  3.14s           2024-03-05T18:45:32
/opt/airflow/dags/airflow_main_dag.py                                   1           0  3.05s           2024-03-05T18:45:42
/opt/airflow/dags/welcome_dag.py                                        1           0  0.62s           2024-03-05T18:46:37
/opt/airflow/dags/sad_dag.py                                            1           0  0.41s           2024-03-05T18:45:26
================================================================================
[2024-03-05T18:47:08.137+0000] {manager.py:879} INFO - 
================================================================================
DAG File Processing Stats

File Path                                      PID    Runtime      # DAGs    # Errors  Last Runtime    Last Run
---------------------------------------------  -----  ---------  --------  ----------  --------------  -------------------
/opt/airflow/dags/basic_classification_dag.py                           1           0  3.76s           2024-03-05T18:47:05
/opt/airflow/dags/airflow_main_m_dag.py                                 1           0  3.42s           2024-03-05T18:46:56
/opt/airflow/dags/airflow_main_dag.py                                   1           0  3.03s           2024-03-05T18:47:00
/opt/airflow/dags/airflow_main_f_dag.py                                 1           0  2.63s           2024-03-05T18:46:50
/opt/airflow/dags/welcome_dag.py                                        1           0  0.74s           2024-03-05T18:47:08
/opt/airflow/dags/sad_dag.py                                            1           0  0.51s           2024-03-05T18:46:51
================================================================================
[2024-03-05T18:47:08.666+0000] {manager.py:879} INFO - 
================================================================================
DAG File Processing Stats

File Path                                      PID    Runtime      # DAGs    # Errors  Last Runtime    Last Run
---------------------------------------------  -----  ---------  --------  ----------  --------------  -------------------
/opt/airflow/dags/airflow_main_f_dag.py                                 1           0  4.81s           2024-03-05T18:46:40
/opt/airflow/dags/airflow_main_dag.py                                   1           0  3.96s           2024-03-05T18:47:08
/opt/airflow/dags/airflow_main_m_dag.py                                 1           0  3.73s           2024-03-05T18:47:03
/opt/airflow/dags/basic_classification_dag.py                           1           0  3.23s           2024-03-05T18:46:45
/opt/airflow/dags/welcome_dag.py                                        1           0  0.61s           2024-03-05T18:46:46
/opt/airflow/dags/sad_dag.py                                            1           0  0.61s           2024-03-05T18:46:58
================================================================================
[2024-03-05T18:47:41.567+0000] {manager.py:879} INFO - 
================================================================================
DAG File Processing Stats

File Path                                      PID    Runtime      # DAGs    # Errors  Last Runtime    Last Run
---------------------------------------------  -----  ---------  --------  ----------  --------------  -------------------
/opt/airflow/dags/airflow_main_m_dag.py                                 1           0  6.30s           2024-03-05T18:47:41
/opt/airflow/dags/airflow_main_dag.py                                   1           0  3.96s           2024-03-05T18:47:08
/opt/airflow/dags/basic_classification_dag.py                           1           0  3.43s           2024-03-05T18:47:19
/opt/airflow/dags/airflow_main_f_dag.py                                 1           0  3.02s           2024-03-05T18:47:14
/opt/airflow/dags/sad_dag.py                                            1           0  2.50s           2024-03-05T18:47:31
/opt/airflow/dags/welcome_dag.py                                        1           0  0.62s           2024-03-05T18:47:20
================================================================================
[2024-03-05T18:47:45.194+0000] {manager.py:879} INFO - 
================================================================================
DAG File Processing Stats

File Path                                      PID    Runtime      # DAGs    # Errors  Last Runtime    Last Run
---------------------------------------------  -----  ---------  --------  ----------  --------------  -------------------
/opt/airflow/dags/airflow_main_m_dag.py                                 1           0  8.33s           2024-03-05T18:47:36
/opt/airflow/dags/airflow_main_dag.py                                   1           0  5.99s           2024-03-05T18:47:45
/opt/airflow/dags/basic_classification_dag.py                           1           0  3.76s           2024-03-05T18:47:05
/opt/airflow/dags/airflow_main_f_dag.py                                 1           0  2.89s           2024-03-05T18:47:24
/opt/airflow/dags/welcome_dag.py                                        1           0  0.74s           2024-03-05T18:47:08
/opt/airflow/dags/sad_dag.py                                            1           0  0.52s           2024-03-05T18:47:26
================================================================================
[2024-03-05T18:48:16.055+0000] {manager.py:879} INFO - 
================================================================================
DAG File Processing Stats

File Path                                      PID    Runtime      # DAGs    # Errors  Last Runtime    Last Run
---------------------------------------------  -----  ---------  --------  ----------  --------------  -------------------
/opt/airflow/dags/airflow_main_dag.py                                   1           0  6.89s           2024-03-05T18:47:50
/opt/airflow/dags/airflow_main_f_dag.py                                 1           0  6.40s           2024-03-05T18:47:58
/opt/airflow/dags/basic_classification_dag.py                           1           0  3.76s           2024-03-05T18:48:05
/opt/airflow/dags/airflow_main_m_dag.py                                 1           0  3.42s           2024-03-05T18:48:16
/opt/airflow/dags/welcome_dag.py                                        1           0  0.51s           2024-03-05T18:48:06
/opt/airflow/dags/sad_dag.py                                            1           0  0.51s           2024-03-05T18:48:07
================================================================================
[2024-03-05T18:48:18.599+0000] {manager.py:879} INFO - 
================================================================================
DAG File Processing Stats

File Path                                      PID    Runtime      # DAGs    # Errors  Last Runtime    Last Run
---------------------------------------------  -----  ---------  --------  ----------  --------------  -------------------
/opt/airflow/dags/airflow_main_f_dag.py                                 1           0  7.04s           2024-03-05T18:48:03
/opt/airflow/dags/basic_classification_dag.py                           1           0  4.44s           2024-03-05T18:47:52
/opt/airflow/dags/airflow_main_dag.py                                   1           0  2.35s           2024-03-05T18:48:18
/opt/airflow/dags/airflow_main_m_dag.py                                 1           0  2.12s           2024-03-05T18:48:09
/opt/airflow/dags/welcome_dag.py                                        1           0  0.83s           2024-03-05T18:47:54
/opt/airflow/dags/sad_dag.py                                            1           0  0.43s           2024-03-05T18:48:04
================================================================================
[2024-03-05T18:48:52.165+0000] {manager.py:879} INFO - 
================================================================================
DAG File Processing Stats

File Path                                      PID    Runtime      # DAGs    # Errors  Last Runtime    Last Run
---------------------------------------------  -----  ---------  --------  ----------  --------------  -------------------
/opt/airflow/dags/airflow_main_m_dag.py                                 1           0  5.74s           2024-03-05T18:48:52
/opt/airflow/dags/airflow_main_f_dag.py                                 1           0  3.93s           2024-03-05T18:48:33
/opt/airflow/dags/basic_classification_dag.py                           1           0  3.45s           2024-03-05T18:48:39
/opt/airflow/dags/airflow_main_dag.py                                   1           0  2.62s           2024-03-05T18:48:24
/opt/airflow/dags/welcome_dag.py                                        1           0  0.62s           2024-03-05T18:48:41
/opt/airflow/dags/sad_dag.py                                            1           0  0.52s           2024-03-05T18:48:43
================================================================================
[2024-03-05T18:48:57.589+0000] {manager.py:879} INFO - 
================================================================================
DAG File Processing Stats

File Path                                      PID    Runtime      # DAGs    # Errors  Last Runtime    Last Run
---------------------------------------------  -----  ---------  --------  ----------  --------------  -------------------
/opt/airflow/dags/airflow_main_dag.py                                   1           0  8.38s           2024-03-05T18:48:57
/opt/airflow/dags/airflow_main_f_dag.py                                 1           0  4.15s           2024-03-05T18:48:37
/opt/airflow/dags/airflow_main_m_dag.py                                 1           0  3.14s           2024-03-05T18:48:43
/opt/airflow/dags/basic_classification_dag.py                           1           0  2.63s           2024-03-05T18:48:25
/opt/airflow/dags/welcome_dag.py                                        1           0  0.81s           2024-03-05T18:48:27
/opt/airflow/dags/sad_dag.py                                            1           0  0.42s           2024-03-05T18:48:39
================================================================================
[2024-03-05T18:49:24.537+0000] {manager.py:879} INFO - 
================================================================================
DAG File Processing Stats

File Path                                      PID    Runtime      # DAGs    # Errors  Last Runtime    Last Run
---------------------------------------------  -----  ---------  --------  ----------  --------------  -------------------
/opt/airflow/dags/airflow_main_dag.py                                   1           0  7.36s           2024-03-05T18:49:04
/opt/airflow/dags/airflow_main_f_dag.py                                 1           0  5.45s           2024-03-05T18:49:10
/opt/airflow/dags/basic_classification_dag.py                           1           0  4.27s           2024-03-05T18:49:16
/opt/airflow/dags/airflow_main_m_dag.py                                 1           0  1.61s           2024-03-05T18:49:24
/opt/airflow/dags/welcome_dag.py                                        1           0  0.61s           2024-03-05T18:49:18
/opt/airflow/dags/sad_dag.py                                            1           0  0.51s           2024-03-05T18:49:20
================================================================================
