[2024-03-05T17:48:01.506+0000] {processor.py:161} INFO - Started process (PID=115) to work on /opt/airflow/dags/airflow_main_m_dag.py
[2024-03-05T17:48:01.508+0000] {processor.py:830} INFO - Processing file /opt/airflow/dags/airflow_main_m_dag.py for tasks to queue
[2024-03-05T17:48:01.511+0000] {logging_mixin.py:188} INFO - [2024-03-05T17:48:01.510+0000] {dagbag.py:540} INFO - Filling up the DagBag from /opt/airflow/dags/airflow_main_m_dag.py
[2024-03-05T17:48:05.988+0000] {processor.py:840} INFO - DAG(s) 'airflow_main_m_dag' retrieved from /opt/airflow/dags/airflow_main_m_dag.py
[2024-03-05T17:48:08.229+0000] {logging_mixin.py:188} INFO - [2024-03-05T17:48:08.223+0000] {override.py:1769} INFO - Created Permission View: can edit on DAG:airflow_main_m_dag
[2024-03-05T17:48:08.603+0000] {logging_mixin.py:188} INFO - [2024-03-05T17:48:08.602+0000] {override.py:1769} INFO - Created Permission View: can read on DAG:airflow_main_m_dag
[2024-03-05T17:48:08.838+0000] {logging_mixin.py:188} INFO - [2024-03-05T17:48:08.835+0000] {override.py:1769} INFO - Created Permission View: can delete on DAG:airflow_main_m_dag
[2024-03-05T17:48:08.843+0000] {logging_mixin.py:188} INFO - [2024-03-05T17:48:08.839+0000] {dag.py:3047} INFO - Sync 1 DAGs
[2024-03-05T17:48:09.001+0000] {logging_mixin.py:188} INFO - [2024-03-05T17:48:08.999+0000] {dag.py:3069} INFO - Creating ORM DAG for airflow_main_m_dag
[2024-03-05T17:48:09.009+0000] {logging_mixin.py:188} INFO - [2024-03-05T17:48:09.007+0000] {dag.py:3834} INFO - Setting next_dagrun for airflow_main_m_dag to None, run_after=None
[2024-03-05T17:48:09.371+0000] {processor.py:183} INFO - Processing /opt/airflow/dags/airflow_main_m_dag.py took 7.867 seconds
[2024-03-05T17:48:40.236+0000] {processor.py:161} INFO - Started process (PID=144) to work on /opt/airflow/dags/airflow_main_m_dag.py
[2024-03-05T17:48:40.237+0000] {processor.py:830} INFO - Processing file /opt/airflow/dags/airflow_main_m_dag.py for tasks to queue
[2024-03-05T17:48:40.239+0000] {logging_mixin.py:188} INFO - [2024-03-05T17:48:40.238+0000] {dagbag.py:540} INFO - Filling up the DagBag from /opt/airflow/dags/airflow_main_m_dag.py
[2024-03-05T17:48:41.582+0000] {processor.py:840} INFO - DAG(s) 'airflow_main_m_dag' retrieved from /opt/airflow/dags/airflow_main_m_dag.py
[2024-03-05T17:48:41.656+0000] {logging_mixin.py:188} INFO - [2024-03-05T17:48:41.655+0000] {dag.py:3047} INFO - Sync 1 DAGs
[2024-03-05T17:48:41.681+0000] {logging_mixin.py:188} INFO - [2024-03-05T17:48:41.681+0000] {dag.py:3834} INFO - Setting next_dagrun for airflow_main_m_dag to None, run_after=None
[2024-03-05T17:48:41.767+0000] {processor.py:183} INFO - Processing /opt/airflow/dags/airflow_main_m_dag.py took 1.535 seconds
[2024-03-05T17:49:12.600+0000] {processor.py:161} INFO - Started process (PID=173) to work on /opt/airflow/dags/airflow_main_m_dag.py
[2024-03-05T17:49:12.604+0000] {processor.py:830} INFO - Processing file /opt/airflow/dags/airflow_main_m_dag.py for tasks to queue
[2024-03-05T17:49:12.606+0000] {logging_mixin.py:188} INFO - [2024-03-05T17:49:12.605+0000] {dagbag.py:540} INFO - Filling up the DagBag from /opt/airflow/dags/airflow_main_m_dag.py
[2024-03-05T17:49:17.804+0000] {processor.py:840} INFO - DAG(s) 'airflow_main_m_dag' retrieved from /opt/airflow/dags/airflow_main_m_dag.py
[2024-03-05T17:49:17.845+0000] {logging_mixin.py:188} INFO - [2024-03-05T17:49:17.845+0000] {dag.py:3047} INFO - Sync 1 DAGs
[2024-03-05T17:49:17.864+0000] {logging_mixin.py:188} INFO - [2024-03-05T17:49:17.863+0000] {dag.py:3834} INFO - Setting next_dagrun for airflow_main_m_dag to None, run_after=None
[2024-03-05T17:49:17.964+0000] {processor.py:183} INFO - Processing /opt/airflow/dags/airflow_main_m_dag.py took 5.373 seconds
[2024-03-05T17:49:53.291+0000] {processor.py:161} INFO - Started process (PID=237) to work on /opt/airflow/dags/airflow_main_m_dag.py
[2024-03-05T17:49:53.293+0000] {processor.py:830} INFO - Processing file /opt/airflow/dags/airflow_main_m_dag.py for tasks to queue
[2024-03-05T17:49:53.295+0000] {logging_mixin.py:188} INFO - [2024-03-05T17:49:53.294+0000] {dagbag.py:540} INFO - Filling up the DagBag from /opt/airflow/dags/airflow_main_m_dag.py
[2024-03-05T17:49:54.846+0000] {processor.py:840} INFO - DAG(s) 'airflow_main_m_dag' retrieved from /opt/airflow/dags/airflow_main_m_dag.py
[2024-03-05T17:49:54.919+0000] {logging_mixin.py:188} INFO - [2024-03-05T17:49:54.918+0000] {dag.py:3047} INFO - Sync 1 DAGs
[2024-03-05T17:49:54.949+0000] {logging_mixin.py:188} INFO - [2024-03-05T17:49:54.949+0000] {dag.py:3834} INFO - Setting next_dagrun for airflow_main_m_dag to None, run_after=None
[2024-03-05T17:49:55.048+0000] {processor.py:183} INFO - Processing /opt/airflow/dags/airflow_main_m_dag.py took 1.761 seconds
[2024-03-05T17:50:26.220+0000] {processor.py:161} INFO - Started process (PID=317) to work on /opt/airflow/dags/airflow_main_m_dag.py
[2024-03-05T17:50:26.222+0000] {processor.py:830} INFO - Processing file /opt/airflow/dags/airflow_main_m_dag.py for tasks to queue
[2024-03-05T17:50:26.223+0000] {logging_mixin.py:188} INFO - [2024-03-05T17:50:26.223+0000] {dagbag.py:540} INFO - Filling up the DagBag from /opt/airflow/dags/airflow_main_m_dag.py
[2024-03-05T17:50:28.215+0000] {processor.py:840} INFO - DAG(s) 'airflow_main_m_dag' retrieved from /opt/airflow/dags/airflow_main_m_dag.py
[2024-03-05T17:50:28.252+0000] {logging_mixin.py:188} INFO - [2024-03-05T17:50:28.251+0000] {dag.py:3047} INFO - Sync 1 DAGs
[2024-03-05T17:50:28.275+0000] {logging_mixin.py:188} INFO - [2024-03-05T17:50:28.274+0000] {dag.py:3834} INFO - Setting next_dagrun for airflow_main_m_dag to None, run_after=None
[2024-03-05T17:50:28.410+0000] {processor.py:183} INFO - Processing /opt/airflow/dags/airflow_main_m_dag.py took 2.194 seconds
[2024-03-05T17:50:45.272+0000] {processor.py:161} INFO - Started process (PID=378) to work on /opt/airflow/dags/airflow_main_m_dag.py
[2024-03-05T17:50:45.274+0000] {processor.py:830} INFO - Processing file /opt/airflow/dags/airflow_main_m_dag.py for tasks to queue
[2024-03-05T17:50:45.276+0000] {logging_mixin.py:188} INFO - [2024-03-05T17:50:45.276+0000] {dagbag.py:540} INFO - Filling up the DagBag from /opt/airflow/dags/airflow_main_m_dag.py
[2024-03-05T17:50:47.121+0000] {processor.py:840} INFO - DAG(s) 'airflow_main_m_dag' retrieved from /opt/airflow/dags/airflow_main_m_dag.py
[2024-03-05T17:50:47.162+0000] {logging_mixin.py:188} INFO - [2024-03-05T17:50:47.161+0000] {dag.py:3047} INFO - Sync 1 DAGs
[2024-03-05T17:50:47.180+0000] {logging_mixin.py:188} INFO - [2024-03-05T17:50:47.180+0000] {dag.py:3834} INFO - Setting next_dagrun for airflow_main_m_dag to None, run_after=None
[2024-03-05T17:50:47.295+0000] {processor.py:183} INFO - Processing /opt/airflow/dags/airflow_main_m_dag.py took 2.028 seconds
[2024-03-05T17:50:59.778+0000] {processor.py:161} INFO - Started process (PID=417) to work on /opt/airflow/dags/airflow_main_m_dag.py
[2024-03-05T17:50:59.783+0000] {processor.py:830} INFO - Processing file /opt/airflow/dags/airflow_main_m_dag.py for tasks to queue
[2024-03-05T17:50:59.786+0000] {logging_mixin.py:188} INFO - [2024-03-05T17:50:59.785+0000] {dagbag.py:540} INFO - Filling up the DagBag from /opt/airflow/dags/airflow_main_m_dag.py
[2024-03-05T17:51:02.046+0000] {processor.py:840} INFO - DAG(s) 'airflow_main_m_dag' retrieved from /opt/airflow/dags/airflow_main_m_dag.py
[2024-03-05T17:51:02.082+0000] {logging_mixin.py:188} INFO - [2024-03-05T17:51:02.082+0000] {dag.py:3047} INFO - Sync 1 DAGs
[2024-03-05T17:51:02.097+0000] {logging_mixin.py:188} INFO - [2024-03-05T17:51:02.097+0000] {dag.py:3834} INFO - Setting next_dagrun for airflow_main_m_dag to None, run_after=None
[2024-03-05T17:51:02.189+0000] {processor.py:183} INFO - Processing /opt/airflow/dags/airflow_main_m_dag.py took 2.421 seconds
[2024-03-05T18:40:55.558+0000] {processor.py:161} INFO - Started process (PID=470) to work on /opt/airflow/dags/airflow_main_m_dag.py
[2024-03-05T18:40:55.560+0000] {processor.py:830} INFO - Processing file /opt/airflow/dags/airflow_main_m_dag.py for tasks to queue
[2024-03-05T18:40:55.563+0000] {logging_mixin.py:188} INFO - [2024-03-05T18:40:55.562+0000] {dagbag.py:540} INFO - Filling up the DagBag from /opt/airflow/dags/airflow_main_m_dag.py
[2024-03-05T18:40:55.819+0000] {processor.py:161} INFO - Started process (PID=472) to work on /opt/airflow/dags/airflow_main_m_dag.py
[2024-03-05T18:40:55.821+0000] {processor.py:830} INFO - Processing file /opt/airflow/dags/airflow_main_m_dag.py for tasks to queue
[2024-03-05T18:40:55.823+0000] {logging_mixin.py:188} INFO - [2024-03-05T18:40:55.822+0000] {dagbag.py:540} INFO - Filling up the DagBag from /opt/airflow/dags/airflow_main_m_dag.py
[2024-03-05T18:40:57.624+0000] {processor.py:840} INFO - DAG(s) 'airflow_main_m_dag' retrieved from /opt/airflow/dags/airflow_main_m_dag.py
[2024-03-05T18:40:57.669+0000] {logging_mixin.py:188} INFO - [2024-03-05T18:40:57.668+0000] {dag.py:3047} INFO - Sync 1 DAGs
[2024-03-05T18:40:57.695+0000] {logging_mixin.py:188} INFO - [2024-03-05T18:40:57.695+0000] {dag.py:3834} INFO - Setting next_dagrun for airflow_main_m_dag to None, run_after=None
[2024-03-05T18:40:57.803+0000] {processor.py:183} INFO - Processing /opt/airflow/dags/airflow_main_m_dag.py took 2.250 seconds
[2024-03-05T18:40:57.957+0000] {processor.py:840} INFO - DAG(s) 'airflow_main_m_dag' retrieved from /opt/airflow/dags/airflow_main_m_dag.py
[2024-03-05T18:40:58.027+0000] {logging_mixin.py:188} INFO - [2024-03-05T18:40:58.027+0000] {dag.py:3047} INFO - Sync 1 DAGs
[2024-03-05T18:40:58.051+0000] {logging_mixin.py:188} INFO - [2024-03-05T18:40:58.050+0000] {dag.py:3834} INFO - Setting next_dagrun for airflow_main_m_dag to None, run_after=None
[2024-03-05T18:40:58.145+0000] {processor.py:183} INFO - Processing /opt/airflow/dags/airflow_main_m_dag.py took 2.331 seconds
[2024-03-05T18:41:29.765+0000] {processor.py:161} INFO - Started process (PID=546) to work on /opt/airflow/dags/airflow_main_m_dag.py
[2024-03-05T18:41:29.766+0000] {processor.py:830} INFO - Processing file /opt/airflow/dags/airflow_main_m_dag.py for tasks to queue
[2024-03-05T18:41:29.768+0000] {logging_mixin.py:188} INFO - [2024-03-05T18:41:29.767+0000] {dagbag.py:540} INFO - Filling up the DagBag from /opt/airflow/dags/airflow_main_m_dag.py
[2024-03-05T18:41:29.782+0000] {processor.py:161} INFO - Started process (PID=547) to work on /opt/airflow/dags/airflow_main_m_dag.py
[2024-03-05T18:41:29.784+0000] {processor.py:830} INFO - Processing file /opt/airflow/dags/airflow_main_m_dag.py for tasks to queue
[2024-03-05T18:41:29.786+0000] {logging_mixin.py:188} INFO - [2024-03-05T18:41:29.786+0000] {dagbag.py:540} INFO - Filling up the DagBag from /opt/airflow/dags/airflow_main_m_dag.py
[2024-03-05T18:41:31.140+0000] {processor.py:840} INFO - DAG(s) 'airflow_main_m_dag' retrieved from /opt/airflow/dags/airflow_main_m_dag.py
[2024-03-05T18:41:31.179+0000] {logging_mixin.py:188} INFO - [2024-03-05T18:41:31.178+0000] {dag.py:3047} INFO - Sync 1 DAGs
[2024-03-05T18:41:31.203+0000] {logging_mixin.py:188} INFO - [2024-03-05T18:41:31.202+0000] {dag.py:3834} INFO - Setting next_dagrun for airflow_main_m_dag to None, run_after=None
[2024-03-05T18:41:31.291+0000] {processor.py:183} INFO - Processing /opt/airflow/dags/airflow_main_m_dag.py took 1.530 seconds
[2024-03-05T18:41:31.344+0000] {processor.py:840} INFO - DAG(s) 'airflow_main_m_dag' retrieved from /opt/airflow/dags/airflow_main_m_dag.py
[2024-03-05T18:41:31.383+0000] {logging_mixin.py:188} INFO - [2024-03-05T18:41:31.383+0000] {dag.py:3047} INFO - Sync 1 DAGs
[2024-03-05T18:41:31.398+0000] {logging_mixin.py:188} INFO - [2024-03-05T18:41:31.398+0000] {dag.py:3834} INFO - Setting next_dagrun for airflow_main_m_dag to None, run_after=None
[2024-03-05T18:41:31.487+0000] {processor.py:183} INFO - Processing /opt/airflow/dags/airflow_main_m_dag.py took 1.709 seconds
[2024-03-05T18:42:01.436+0000] {processor.py:161} INFO - Started process (PID=622) to work on /opt/airflow/dags/airflow_main_m_dag.py
[2024-03-05T18:42:01.438+0000] {processor.py:830} INFO - Processing file /opt/airflow/dags/airflow_main_m_dag.py for tasks to queue
[2024-03-05T18:42:01.439+0000] {logging_mixin.py:188} INFO - [2024-03-05T18:42:01.439+0000] {dagbag.py:540} INFO - Filling up the DagBag from /opt/airflow/dags/airflow_main_m_dag.py
[2024-03-05T18:42:02.526+0000] {processor.py:840} INFO - DAG(s) 'airflow_main_m_dag' retrieved from /opt/airflow/dags/airflow_main_m_dag.py
[2024-03-05T18:42:02.543+0000] {processor.py:161} INFO - Started process (PID=631) to work on /opt/airflow/dags/airflow_main_m_dag.py
[2024-03-05T18:42:02.545+0000] {processor.py:830} INFO - Processing file /opt/airflow/dags/airflow_main_m_dag.py for tasks to queue
[2024-03-05T18:42:02.546+0000] {logging_mixin.py:188} INFO - [2024-03-05T18:42:02.546+0000] {dagbag.py:540} INFO - Filling up the DagBag from /opt/airflow/dags/airflow_main_m_dag.py
[2024-03-05T18:42:02.572+0000] {logging_mixin.py:188} INFO - [2024-03-05T18:42:02.571+0000] {dag.py:3047} INFO - Sync 1 DAGs
[2024-03-05T18:42:02.587+0000] {logging_mixin.py:188} INFO - [2024-03-05T18:42:02.586+0000] {dag.py:3834} INFO - Setting next_dagrun for airflow_main_m_dag to None, run_after=None
[2024-03-05T18:42:02.699+0000] {processor.py:183} INFO - Processing /opt/airflow/dags/airflow_main_m_dag.py took 1.267 seconds
[2024-03-05T18:42:03.925+0000] {processor.py:840} INFO - DAG(s) 'airflow_main_m_dag' retrieved from /opt/airflow/dags/airflow_main_m_dag.py
[2024-03-05T18:42:03.972+0000] {logging_mixin.py:188} INFO - [2024-03-05T18:42:03.972+0000] {dag.py:3047} INFO - Sync 1 DAGs
[2024-03-05T18:42:03.988+0000] {logging_mixin.py:188} INFO - [2024-03-05T18:42:03.987+0000] {dag.py:3834} INFO - Setting next_dagrun for airflow_main_m_dag to None, run_after=None
[2024-03-05T18:42:04.086+0000] {processor.py:183} INFO - Processing /opt/airflow/dags/airflow_main_m_dag.py took 1.547 seconds
[2024-03-05T18:42:33.234+0000] {processor.py:161} INFO - Started process (PID=698) to work on /opt/airflow/dags/airflow_main_m_dag.py
[2024-03-05T18:42:33.235+0000] {processor.py:830} INFO - Processing file /opt/airflow/dags/airflow_main_m_dag.py for tasks to queue
[2024-03-05T18:42:33.238+0000] {logging_mixin.py:188} INFO - [2024-03-05T18:42:33.237+0000] {dagbag.py:540} INFO - Filling up the DagBag from /opt/airflow/dags/airflow_main_m_dag.py
[2024-03-05T18:42:34.373+0000] {processor.py:161} INFO - Started process (PID=707) to work on /opt/airflow/dags/airflow_main_m_dag.py
[2024-03-05T18:42:34.375+0000] {processor.py:830} INFO - Processing file /opt/airflow/dags/airflow_main_m_dag.py for tasks to queue
[2024-03-05T18:42:34.377+0000] {logging_mixin.py:188} INFO - [2024-03-05T18:42:34.376+0000] {dagbag.py:540} INFO - Filling up the DagBag from /opt/airflow/dags/airflow_main_m_dag.py
[2024-03-05T18:42:34.445+0000] {processor.py:840} INFO - DAG(s) 'airflow_main_m_dag' retrieved from /opt/airflow/dags/airflow_main_m_dag.py
[2024-03-05T18:42:34.481+0000] {logging_mixin.py:188} INFO - [2024-03-05T18:42:34.481+0000] {dag.py:3047} INFO - Sync 1 DAGs
[2024-03-05T18:42:34.496+0000] {logging_mixin.py:188} INFO - [2024-03-05T18:42:34.496+0000] {dag.py:3834} INFO - Setting next_dagrun for airflow_main_m_dag to None, run_after=None
[2024-03-05T18:42:34.590+0000] {processor.py:183} INFO - Processing /opt/airflow/dags/airflow_main_m_dag.py took 1.362 seconds
[2024-03-05T18:42:35.565+0000] {processor.py:840} INFO - DAG(s) 'airflow_main_m_dag' retrieved from /opt/airflow/dags/airflow_main_m_dag.py
[2024-03-05T18:42:35.604+0000] {logging_mixin.py:188} INFO - [2024-03-05T18:42:35.603+0000] {dag.py:3047} INFO - Sync 1 DAGs
[2024-03-05T18:42:35.619+0000] {logging_mixin.py:188} INFO - [2024-03-05T18:42:35.619+0000] {dag.py:3834} INFO - Setting next_dagrun for airflow_main_m_dag to None, run_after=None
[2024-03-05T18:42:35.728+0000] {processor.py:183} INFO - Processing /opt/airflow/dags/airflow_main_m_dag.py took 1.358 seconds
[2024-03-05T18:43:05.538+0000] {processor.py:161} INFO - Started process (PID=774) to work on /opt/airflow/dags/airflow_main_m_dag.py
[2024-03-05T18:43:05.539+0000] {processor.py:830} INFO - Processing file /opt/airflow/dags/airflow_main_m_dag.py for tasks to queue
[2024-03-05T18:43:05.541+0000] {logging_mixin.py:188} INFO - [2024-03-05T18:43:05.541+0000] {dagbag.py:540} INFO - Filling up the DagBag from /opt/airflow/dags/airflow_main_m_dag.py
[2024-03-05T18:43:06.167+0000] {processor.py:161} INFO - Started process (PID=783) to work on /opt/airflow/dags/airflow_main_m_dag.py
[2024-03-05T18:43:06.172+0000] {processor.py:830} INFO - Processing file /opt/airflow/dags/airflow_main_m_dag.py for tasks to queue
[2024-03-05T18:43:06.175+0000] {logging_mixin.py:188} INFO - [2024-03-05T18:43:06.174+0000] {dagbag.py:540} INFO - Filling up the DagBag from /opt/airflow/dags/airflow_main_m_dag.py
[2024-03-05T18:43:07.054+0000] {processor.py:840} INFO - DAG(s) 'airflow_main_m_dag' retrieved from /opt/airflow/dags/airflow_main_m_dag.py
[2024-03-05T18:43:07.129+0000] {logging_mixin.py:188} INFO - [2024-03-05T18:43:07.129+0000] {dag.py:3047} INFO - Sync 1 DAGs
[2024-03-05T18:43:07.150+0000] {logging_mixin.py:188} INFO - [2024-03-05T18:43:07.150+0000] {dag.py:3834} INFO - Setting next_dagrun for airflow_main_m_dag to None, run_after=None
[2024-03-05T18:43:07.241+0000] {processor.py:183} INFO - Processing /opt/airflow/dags/airflow_main_m_dag.py took 1.707 seconds
[2024-03-05T18:43:07.669+0000] {processor.py:840} INFO - DAG(s) 'airflow_main_m_dag' retrieved from /opt/airflow/dags/airflow_main_m_dag.py
[2024-03-05T18:43:07.710+0000] {logging_mixin.py:188} INFO - [2024-03-05T18:43:07.710+0000] {dag.py:3047} INFO - Sync 1 DAGs
[2024-03-05T18:43:07.727+0000] {logging_mixin.py:188} INFO - [2024-03-05T18:43:07.726+0000] {dag.py:3834} INFO - Setting next_dagrun for airflow_main_m_dag to None, run_after=None
[2024-03-05T18:43:07.820+0000] {processor.py:183} INFO - Processing /opt/airflow/dags/airflow_main_m_dag.py took 1.657 seconds
[2024-03-05T18:43:38.444+0000] {processor.py:161} INFO - Started process (PID=850) to work on /opt/airflow/dags/airflow_main_m_dag.py
[2024-03-05T18:43:38.447+0000] {processor.py:830} INFO - Processing file /opt/airflow/dags/airflow_main_m_dag.py for tasks to queue
[2024-03-05T18:43:38.451+0000] {logging_mixin.py:188} INFO - [2024-03-05T18:43:38.450+0000] {dagbag.py:540} INFO - Filling up the DagBag from /opt/airflow/dags/airflow_main_m_dag.py
[2024-03-05T18:43:38.699+0000] {processor.py:161} INFO - Started process (PID=852) to work on /opt/airflow/dags/airflow_main_m_dag.py
[2024-03-05T18:43:38.701+0000] {processor.py:830} INFO - Processing file /opt/airflow/dags/airflow_main_m_dag.py for tasks to queue
[2024-03-05T18:43:38.706+0000] {logging_mixin.py:188} INFO - [2024-03-05T18:43:38.705+0000] {dagbag.py:540} INFO - Filling up the DagBag from /opt/airflow/dags/airflow_main_m_dag.py
[2024-03-05T18:43:40.721+0000] {processor.py:840} INFO - DAG(s) 'airflow_main_m_dag' retrieved from /opt/airflow/dags/airflow_main_m_dag.py
[2024-03-05T18:43:40.778+0000] {logging_mixin.py:188} INFO - [2024-03-05T18:43:40.778+0000] {dag.py:3047} INFO - Sync 1 DAGs
[2024-03-05T18:43:40.811+0000] {logging_mixin.py:188} INFO - [2024-03-05T18:43:40.811+0000] {dag.py:3834} INFO - Setting next_dagrun for airflow_main_m_dag to None, run_after=None
[2024-03-05T18:43:40.972+0000] {processor.py:183} INFO - Processing /opt/airflow/dags/airflow_main_m_dag.py took 2.537 seconds
[2024-03-05T18:43:41.115+0000] {processor.py:840} INFO - DAG(s) 'airflow_main_m_dag' retrieved from /opt/airflow/dags/airflow_main_m_dag.py
[2024-03-05T18:43:41.161+0000] {logging_mixin.py:188} INFO - [2024-03-05T18:43:41.161+0000] {dag.py:3047} INFO - Sync 1 DAGs
[2024-03-05T18:43:41.191+0000] {logging_mixin.py:188} INFO - [2024-03-05T18:43:41.190+0000] {dag.py:3834} INFO - Setting next_dagrun for airflow_main_m_dag to None, run_after=None
[2024-03-05T18:43:41.358+0000] {processor.py:183} INFO - Processing /opt/airflow/dags/airflow_main_m_dag.py took 2.664 seconds
[2024-03-05T18:44:12.375+0000] {processor.py:161} INFO - Started process (PID=927) to work on /opt/airflow/dags/airflow_main_m_dag.py
[2024-03-05T18:44:12.375+0000] {processor.py:161} INFO - Started process (PID=926) to work on /opt/airflow/dags/airflow_main_m_dag.py
[2024-03-05T18:44:12.377+0000] {processor.py:830} INFO - Processing file /opt/airflow/dags/airflow_main_m_dag.py for tasks to queue
[2024-03-05T18:44:12.379+0000] {processor.py:830} INFO - Processing file /opt/airflow/dags/airflow_main_m_dag.py for tasks to queue
[2024-03-05T18:44:12.380+0000] {logging_mixin.py:188} INFO - [2024-03-05T18:44:12.379+0000] {dagbag.py:540} INFO - Filling up the DagBag from /opt/airflow/dags/airflow_main_m_dag.py
[2024-03-05T18:44:12.389+0000] {logging_mixin.py:188} INFO - [2024-03-05T18:44:12.383+0000] {dagbag.py:540} INFO - Filling up the DagBag from /opt/airflow/dags/airflow_main_m_dag.py
[2024-03-05T18:44:14.930+0000] {processor.py:840} INFO - DAG(s) 'airflow_main_m_dag' retrieved from /opt/airflow/dags/airflow_main_m_dag.py
[2024-03-05T18:44:14.994+0000] {logging_mixin.py:188} INFO - [2024-03-05T18:44:14.992+0000] {dag.py:3047} INFO - Sync 1 DAGs
[2024-03-05T18:44:15.024+0000] {logging_mixin.py:188} INFO - [2024-03-05T18:44:15.023+0000] {dag.py:3834} INFO - Setting next_dagrun for airflow_main_m_dag to None, run_after=None
[2024-03-05T18:44:15.037+0000] {processor.py:840} INFO - DAG(s) 'airflow_main_m_dag' retrieved from /opt/airflow/dags/airflow_main_m_dag.py
[2024-03-05T18:44:15.121+0000] {logging_mixin.py:188} INFO - [2024-03-05T18:44:15.120+0000] {dag.py:3047} INFO - Sync 1 DAGs
[2024-03-05T18:44:15.162+0000] {logging_mixin.py:188} INFO - [2024-03-05T18:44:15.161+0000] {dag.py:3834} INFO - Setting next_dagrun for airflow_main_m_dag to None, run_after=None
[2024-03-05T18:44:15.171+0000] {processor.py:183} INFO - Processing /opt/airflow/dags/airflow_main_m_dag.py took 2.800 seconds
[2024-03-05T18:44:15.383+0000] {processor.py:183} INFO - Processing /opt/airflow/dags/airflow_main_m_dag.py took 3.012 seconds
[2024-03-05T18:44:47.700+0000] {processor.py:161} INFO - Started process (PID=1002) to work on /opt/airflow/dags/airflow_main_m_dag.py
[2024-03-05T18:44:47.702+0000] {processor.py:830} INFO - Processing file /opt/airflow/dags/airflow_main_m_dag.py for tasks to queue
[2024-03-05T18:44:47.704+0000] {logging_mixin.py:188} INFO - [2024-03-05T18:44:47.703+0000] {dagbag.py:540} INFO - Filling up the DagBag from /opt/airflow/dags/airflow_main_m_dag.py
[2024-03-05T18:44:47.951+0000] {processor.py:161} INFO - Started process (PID=1004) to work on /opt/airflow/dags/airflow_main_m_dag.py
[2024-03-05T18:44:47.954+0000] {processor.py:830} INFO - Processing file /opt/airflow/dags/airflow_main_m_dag.py for tasks to queue
[2024-03-05T18:44:47.957+0000] {logging_mixin.py:188} INFO - [2024-03-05T18:44:47.956+0000] {dagbag.py:540} INFO - Filling up the DagBag from /opt/airflow/dags/airflow_main_m_dag.py
[2024-03-05T18:44:50.829+0000] {processor.py:840} INFO - DAG(s) 'airflow_main_m_dag' retrieved from /opt/airflow/dags/airflow_main_m_dag.py
[2024-03-05T18:44:50.926+0000] {logging_mixin.py:188} INFO - [2024-03-05T18:44:50.925+0000] {dag.py:3047} INFO - Sync 1 DAGs
[2024-03-05T18:44:50.960+0000] {logging_mixin.py:188} INFO - [2024-03-05T18:44:50.959+0000] {dag.py:3834} INFO - Setting next_dagrun for airflow_main_m_dag to None, run_after=None
[2024-03-05T18:44:51.124+0000] {processor.py:183} INFO - Processing /opt/airflow/dags/airflow_main_m_dag.py took 3.427 seconds
[2024-03-05T18:44:51.464+0000] {processor.py:840} INFO - DAG(s) 'airflow_main_m_dag' retrieved from /opt/airflow/dags/airflow_main_m_dag.py
[2024-03-05T18:44:51.589+0000] {logging_mixin.py:188} INFO - [2024-03-05T18:44:51.589+0000] {dag.py:3047} INFO - Sync 1 DAGs
[2024-03-05T18:44:51.627+0000] {logging_mixin.py:188} INFO - [2024-03-05T18:44:51.627+0000] {dag.py:3834} INFO - Setting next_dagrun for airflow_main_m_dag to None, run_after=None
[2024-03-05T18:44:51.771+0000] {processor.py:183} INFO - Processing /opt/airflow/dags/airflow_main_m_dag.py took 3.833 seconds
[2024-03-05T18:45:28.969+0000] {processor.py:161} INFO - Started process (PID=1078) to work on /opt/airflow/dags/airflow_main_m_dag.py
[2024-03-05T18:45:28.972+0000] {processor.py:830} INFO - Processing file /opt/airflow/dags/airflow_main_m_dag.py for tasks to queue
[2024-03-05T18:45:28.976+0000] {logging_mixin.py:188} INFO - [2024-03-05T18:45:28.973+0000] {dagbag.py:540} INFO - Filling up the DagBag from /opt/airflow/dags/airflow_main_m_dag.py
[2024-03-05T18:45:30.642+0000] {processor.py:161} INFO - Started process (PID=1087) to work on /opt/airflow/dags/airflow_main_m_dag.py
[2024-03-05T18:45:30.645+0000] {processor.py:830} INFO - Processing file /opt/airflow/dags/airflow_main_m_dag.py for tasks to queue
[2024-03-05T18:45:30.651+0000] {logging_mixin.py:188} INFO - [2024-03-05T18:45:30.649+0000] {dagbag.py:540} INFO - Filling up the DagBag from /opt/airflow/dags/airflow_main_m_dag.py
[2024-03-05T18:45:31.671+0000] {processor.py:840} INFO - DAG(s) 'airflow_main_m_dag' retrieved from /opt/airflow/dags/airflow_main_m_dag.py
[2024-03-05T18:45:31.766+0000] {logging_mixin.py:188} INFO - [2024-03-05T18:45:31.765+0000] {dag.py:3047} INFO - Sync 1 DAGs
[2024-03-05T18:45:31.828+0000] {logging_mixin.py:188} INFO - [2024-03-05T18:45:31.827+0000] {dag.py:3834} INFO - Setting next_dagrun for airflow_main_m_dag to None, run_after=None
[2024-03-05T18:45:32.030+0000] {processor.py:183} INFO - Processing /opt/airflow/dags/airflow_main_m_dag.py took 3.065 seconds
[2024-03-05T18:45:33.377+0000] {processor.py:840} INFO - DAG(s) 'airflow_main_m_dag' retrieved from /opt/airflow/dags/airflow_main_m_dag.py
[2024-03-05T18:45:33.433+0000] {logging_mixin.py:188} INFO - [2024-03-05T18:45:33.433+0000] {dag.py:3047} INFO - Sync 1 DAGs
[2024-03-05T18:45:33.459+0000] {logging_mixin.py:188} INFO - [2024-03-05T18:45:33.458+0000] {dag.py:3834} INFO - Setting next_dagrun for airflow_main_m_dag to None, run_after=None
[2024-03-05T18:45:33.630+0000] {processor.py:183} INFO - Processing /opt/airflow/dags/airflow_main_m_dag.py took 2.997 seconds
[2024-03-05T18:46:13.128+0000] {processor.py:161} INFO - Started process (PID=1153) to work on /opt/airflow/dags/airflow_main_m_dag.py
[2024-03-05T18:46:13.131+0000] {processor.py:830} INFO - Processing file /opt/airflow/dags/airflow_main_m_dag.py for tasks to queue
[2024-03-05T18:46:13.137+0000] {logging_mixin.py:188} INFO - [2024-03-05T18:46:13.136+0000] {dagbag.py:540} INFO - Filling up the DagBag from /opt/airflow/dags/airflow_main_m_dag.py
[2024-03-05T18:46:19.788+0000] {processor.py:840} INFO - DAG(s) 'airflow_main_m_dag' retrieved from /opt/airflow/dags/airflow_main_m_dag.py
[2024-03-05T18:46:20.406+0000] {logging_mixin.py:188} INFO - [2024-03-05T18:46:20.404+0000] {dag.py:3047} INFO - Sync 1 DAGs
[2024-03-05T18:46:20.549+0000] {logging_mixin.py:188} INFO - [2024-03-05T18:46:20.548+0000] {dag.py:3834} INFO - Setting next_dagrun for airflow_main_m_dag to None, run_after=None
[2024-03-05T18:46:21.561+0000] {processor.py:183} INFO - Processing /opt/airflow/dags/airflow_main_m_dag.py took 8.445 seconds
[2024-03-05T18:46:53.085+0000] {processor.py:161} INFO - Started process (PID=1226) to work on /opt/airflow/dags/airflow_main_m_dag.py
[2024-03-05T18:46:53.088+0000] {processor.py:830} INFO - Processing file /opt/airflow/dags/airflow_main_m_dag.py for tasks to queue
[2024-03-05T18:46:53.090+0000] {logging_mixin.py:188} INFO - [2024-03-05T18:46:53.089+0000] {dagbag.py:540} INFO - Filling up the DagBag from /opt/airflow/dags/airflow_main_m_dag.py
[2024-03-05T18:46:56.008+0000] {processor.py:840} INFO - DAG(s) 'airflow_main_m_dag' retrieved from /opt/airflow/dags/airflow_main_m_dag.py
[2024-03-05T18:46:56.071+0000] {logging_mixin.py:188} INFO - [2024-03-05T18:46:56.070+0000] {dag.py:3047} INFO - Sync 1 DAGs
[2024-03-05T18:46:56.130+0000] {logging_mixin.py:188} INFO - [2024-03-05T18:46:56.130+0000] {dag.py:3834} INFO - Setting next_dagrun for airflow_main_m_dag to None, run_after=None
[2024-03-05T18:46:56.360+0000] {processor.py:183} INFO - Processing /opt/airflow/dags/airflow_main_m_dag.py took 3.285 seconds
[2024-03-05T18:46:59.543+0000] {processor.py:161} INFO - Started process (PID=1246) to work on /opt/airflow/dags/airflow_main_m_dag.py
[2024-03-05T18:46:59.545+0000] {processor.py:830} INFO - Processing file /opt/airflow/dags/airflow_main_m_dag.py for tasks to queue
[2024-03-05T18:46:59.549+0000] {logging_mixin.py:188} INFO - [2024-03-05T18:46:59.546+0000] {dagbag.py:540} INFO - Filling up the DagBag from /opt/airflow/dags/airflow_main_m_dag.py
[2024-03-05T18:47:02.876+0000] {processor.py:840} INFO - DAG(s) 'airflow_main_m_dag' retrieved from /opt/airflow/dags/airflow_main_m_dag.py
[2024-03-05T18:47:02.944+0000] {logging_mixin.py:188} INFO - [2024-03-05T18:47:02.943+0000] {dag.py:3047} INFO - Sync 1 DAGs
[2024-03-05T18:47:02.974+0000] {logging_mixin.py:188} INFO - [2024-03-05T18:47:02.974+0000] {dag.py:3834} INFO - Setting next_dagrun for airflow_main_m_dag to None, run_after=None
[2024-03-05T18:47:03.192+0000] {processor.py:183} INFO - Processing /opt/airflow/dags/airflow_main_m_dag.py took 3.656 seconds
[2024-03-05T18:47:28.303+0000] {processor.py:161} INFO - Started process (PID=1303) to work on /opt/airflow/dags/airflow_main_m_dag.py
[2024-03-05T18:47:28.308+0000] {processor.py:830} INFO - Processing file /opt/airflow/dags/airflow_main_m_dag.py for tasks to queue
[2024-03-05T18:47:28.311+0000] {logging_mixin.py:188} INFO - [2024-03-05T18:47:28.310+0000] {dagbag.py:540} INFO - Filling up the DagBag from /opt/airflow/dags/airflow_main_m_dag.py
[2024-03-05T18:47:34.656+0000] {processor.py:840} INFO - DAG(s) 'airflow_main_m_dag' retrieved from /opt/airflow/dags/airflow_main_m_dag.py
[2024-03-05T18:47:34.948+0000] {logging_mixin.py:188} INFO - [2024-03-05T18:47:34.946+0000] {dag.py:3047} INFO - Sync 1 DAGs
[2024-03-05T18:47:35.076+0000] {logging_mixin.py:188} INFO - [2024-03-05T18:47:35.074+0000] {dag.py:3834} INFO - Setting next_dagrun for airflow_main_m_dag to None, run_after=None
[2024-03-05T18:47:35.373+0000] {processor.py:161} INFO - Started process (PID=1313) to work on /opt/airflow/dags/airflow_main_m_dag.py
[2024-03-05T18:47:35.386+0000] {processor.py:830} INFO - Processing file /opt/airflow/dags/airflow_main_m_dag.py for tasks to queue
[2024-03-05T18:47:35.396+0000] {logging_mixin.py:188} INFO - [2024-03-05T18:47:35.393+0000] {dagbag.py:540} INFO - Filling up the DagBag from /opt/airflow/dags/airflow_main_m_dag.py
[2024-03-05T18:47:36.305+0000] {processor.py:183} INFO - Processing /opt/airflow/dags/airflow_main_m_dag.py took 8.019 seconds
[2024-03-05T18:47:41.187+0000] {processor.py:840} INFO - DAG(s) 'airflow_main_m_dag' retrieved from /opt/airflow/dags/airflow_main_m_dag.py
[2024-03-05T18:47:41.272+0000] {logging_mixin.py:188} INFO - [2024-03-05T18:47:41.271+0000] {dag.py:3047} INFO - Sync 1 DAGs
[2024-03-05T18:47:41.302+0000] {logging_mixin.py:188} INFO - [2024-03-05T18:47:41.302+0000] {dag.py:3834} INFO - Setting next_dagrun for airflow_main_m_dag to None, run_after=None
[2024-03-05T18:47:41.496+0000] {processor.py:183} INFO - Processing /opt/airflow/dags/airflow_main_m_dag.py took 6.142 seconds
[2024-03-05T18:48:07.562+0000] {processor.py:161} INFO - Started process (PID=1380) to work on /opt/airflow/dags/airflow_main_m_dag.py
[2024-03-05T18:48:07.564+0000] {processor.py:830} INFO - Processing file /opt/airflow/dags/airflow_main_m_dag.py for tasks to queue
[2024-03-05T18:48:07.566+0000] {logging_mixin.py:188} INFO - [2024-03-05T18:48:07.565+0000] {dagbag.py:540} INFO - Filling up the DagBag from /opt/airflow/dags/airflow_main_m_dag.py
[2024-03-05T18:48:09.294+0000] {processor.py:840} INFO - DAG(s) 'airflow_main_m_dag' retrieved from /opt/airflow/dags/airflow_main_m_dag.py
[2024-03-05T18:48:09.354+0000] {logging_mixin.py:188} INFO - [2024-03-05T18:48:09.353+0000] {dag.py:3047} INFO - Sync 1 DAGs
[2024-03-05T18:48:09.381+0000] {logging_mixin.py:188} INFO - [2024-03-05T18:48:09.381+0000] {dag.py:3834} INFO - Setting next_dagrun for airflow_main_m_dag to None, run_after=None
[2024-03-05T18:48:09.542+0000] {processor.py:183} INFO - Processing /opt/airflow/dags/airflow_main_m_dag.py took 1.989 seconds
[2024-03-05T18:48:12.668+0000] {processor.py:161} INFO - Started process (PID=1389) to work on /opt/airflow/dags/airflow_main_m_dag.py
[2024-03-05T18:48:12.672+0000] {processor.py:830} INFO - Processing file /opt/airflow/dags/airflow_main_m_dag.py for tasks to queue
[2024-03-05T18:48:12.673+0000] {logging_mixin.py:188} INFO - [2024-03-05T18:48:12.673+0000] {dagbag.py:540} INFO - Filling up the DagBag from /opt/airflow/dags/airflow_main_m_dag.py
[2024-03-05T18:48:15.796+0000] {processor.py:840} INFO - DAG(s) 'airflow_main_m_dag' retrieved from /opt/airflow/dags/airflow_main_m_dag.py
[2024-03-05T18:48:15.843+0000] {logging_mixin.py:188} INFO - [2024-03-05T18:48:15.843+0000] {dag.py:3047} INFO - Sync 1 DAGs
[2024-03-05T18:48:15.869+0000] {logging_mixin.py:188} INFO - [2024-03-05T18:48:15.868+0000] {dag.py:3834} INFO - Setting next_dagrun for airflow_main_m_dag to None, run_after=None
[2024-03-05T18:48:16.000+0000] {processor.py:183} INFO - Processing /opt/airflow/dags/airflow_main_m_dag.py took 3.337 seconds
[2024-03-05T18:48:40.875+0000] {processor.py:161} INFO - Started process (PID=1454) to work on /opt/airflow/dags/airflow_main_m_dag.py
[2024-03-05T18:48:40.877+0000] {processor.py:830} INFO - Processing file /opt/airflow/dags/airflow_main_m_dag.py for tasks to queue
[2024-03-05T18:48:40.879+0000] {logging_mixin.py:188} INFO - [2024-03-05T18:48:40.878+0000] {dagbag.py:540} INFO - Filling up the DagBag from /opt/airflow/dags/airflow_main_m_dag.py
[2024-03-05T18:48:43.599+0000] {processor.py:840} INFO - DAG(s) 'airflow_main_m_dag' retrieved from /opt/airflow/dags/airflow_main_m_dag.py
[2024-03-05T18:48:43.669+0000] {logging_mixin.py:188} INFO - [2024-03-05T18:48:43.668+0000] {dag.py:3047} INFO - Sync 1 DAGs
[2024-03-05T18:48:43.730+0000] {logging_mixin.py:188} INFO - [2024-03-05T18:48:43.727+0000] {dag.py:3834} INFO - Setting next_dagrun for airflow_main_m_dag to None, run_after=None
[2024-03-05T18:48:43.924+0000] {processor.py:183} INFO - Processing /opt/airflow/dags/airflow_main_m_dag.py took 3.061 seconds
[2024-03-05T18:48:46.482+0000] {processor.py:161} INFO - Started process (PID=1465) to work on /opt/airflow/dags/airflow_main_m_dag.py
[2024-03-05T18:48:46.487+0000] {processor.py:830} INFO - Processing file /opt/airflow/dags/airflow_main_m_dag.py for tasks to queue
[2024-03-05T18:48:46.499+0000] {logging_mixin.py:188} INFO - [2024-03-05T18:48:46.498+0000] {dagbag.py:540} INFO - Filling up the DagBag from /opt/airflow/dags/airflow_main_m_dag.py
[2024-03-05T18:48:49.822+0000] {processor.py:840} INFO - DAG(s) 'airflow_main_m_dag' retrieved from /opt/airflow/dags/airflow_main_m_dag.py
[2024-03-05T18:48:50.242+0000] {logging_mixin.py:188} INFO - [2024-03-05T18:48:50.240+0000] {dag.py:3047} INFO - Sync 1 DAGs
[2024-03-05T18:48:50.400+0000] {logging_mixin.py:188} INFO - [2024-03-05T18:48:50.399+0000] {dag.py:3834} INFO - Setting next_dagrun for airflow_main_m_dag to None, run_after=None
[2024-03-05T18:48:51.941+0000] {processor.py:183} INFO - Processing /opt/airflow/dags/airflow_main_m_dag.py took 5.468 seconds
[2024-03-05T18:49:17.318+0000] {processor.py:161} INFO - Started process (PID=1530) to work on /opt/airflow/dags/airflow_main_m_dag.py
[2024-03-05T18:49:17.320+0000] {processor.py:830} INFO - Processing file /opt/airflow/dags/airflow_main_m_dag.py for tasks to queue
[2024-03-05T18:49:17.322+0000] {logging_mixin.py:188} INFO - [2024-03-05T18:49:17.321+0000] {dagbag.py:540} INFO - Filling up the DagBag from /opt/airflow/dags/airflow_main_m_dag.py
[2024-03-05T18:49:19.847+0000] {processor.py:840} INFO - DAG(s) 'airflow_main_m_dag' retrieved from /opt/airflow/dags/airflow_main_m_dag.py
[2024-03-05T18:49:19.909+0000] {logging_mixin.py:188} INFO - [2024-03-05T18:49:19.908+0000] {dag.py:3047} INFO - Sync 1 DAGs
[2024-03-05T18:49:19.950+0000] {logging_mixin.py:188} INFO - [2024-03-05T18:49:19.949+0000] {dag.py:3834} INFO - Setting next_dagrun for airflow_main_m_dag to None, run_after=None
[2024-03-05T18:49:20.094+0000] {processor.py:183} INFO - Processing /opt/airflow/dags/airflow_main_m_dag.py took 2.782 seconds
[2024-03-05T18:49:22.951+0000] {processor.py:161} INFO - Started process (PID=1541) to work on /opt/airflow/dags/airflow_main_m_dag.py
[2024-03-05T18:49:22.953+0000] {processor.py:830} INFO - Processing file /opt/airflow/dags/airflow_main_m_dag.py for tasks to queue
[2024-03-05T18:49:22.954+0000] {logging_mixin.py:188} INFO - [2024-03-05T18:49:22.954+0000] {dagbag.py:540} INFO - Filling up the DagBag from /opt/airflow/dags/airflow_main_m_dag.py
[2024-03-05T18:49:24.286+0000] {processor.py:840} INFO - DAG(s) 'airflow_main_m_dag' retrieved from /opt/airflow/dags/airflow_main_m_dag.py
[2024-03-05T18:49:24.344+0000] {logging_mixin.py:188} INFO - [2024-03-05T18:49:24.343+0000] {dag.py:3047} INFO - Sync 1 DAGs
[2024-03-05T18:49:24.371+0000] {logging_mixin.py:188} INFO - [2024-03-05T18:49:24.370+0000] {dag.py:3834} INFO - Setting next_dagrun for airflow_main_m_dag to None, run_after=None
[2024-03-05T18:49:24.474+0000] {processor.py:183} INFO - Processing /opt/airflow/dags/airflow_main_m_dag.py took 1.527 seconds
