[2024-03-05T17:48:11.189+0000] {processor.py:161} INFO - Started process (PID=124) to work on /opt/airflow/dags/airflow_main_dag.py
[2024-03-05T17:48:11.191+0000] {processor.py:830} INFO - Processing file /opt/airflow/dags/airflow_main_dag.py for tasks to queue
[2024-03-05T17:48:11.192+0000] {logging_mixin.py:188} INFO - [2024-03-05T17:48:11.192+0000] {dagbag.py:540} INFO - Filling up the DagBag from /opt/airflow/dags/airflow_main_dag.py
[2024-03-05T17:48:12.520+0000] {processor.py:840} INFO - DAG(s) 'airflow_main_dag' retrieved from /opt/airflow/dags/airflow_main_dag.py
[2024-03-05T17:48:12.799+0000] {logging_mixin.py:188} INFO - [2024-03-05T17:48:12.798+0000] {override.py:1769} INFO - Created Permission View: can edit on DAG:airflow_main_dag
[2024-03-05T17:48:12.852+0000] {logging_mixin.py:188} INFO - [2024-03-05T17:48:12.851+0000] {override.py:1769} INFO - Created Permission View: can read on DAG:airflow_main_dag
[2024-03-05T17:48:12.896+0000] {logging_mixin.py:188} INFO - [2024-03-05T17:48:12.896+0000] {override.py:1769} INFO - Created Permission View: can delete on DAG:airflow_main_dag
[2024-03-05T17:48:12.898+0000] {logging_mixin.py:188} INFO - [2024-03-05T17:48:12.897+0000] {dag.py:3047} INFO - Sync 1 DAGs
[2024-03-05T17:48:12.924+0000] {logging_mixin.py:188} INFO - [2024-03-05T17:48:12.923+0000] {dag.py:3069} INFO - Creating ORM DAG for airflow_main_dag
[2024-03-05T17:48:12.925+0000] {logging_mixin.py:188} INFO - [2024-03-05T17:48:12.925+0000] {dag.py:3834} INFO - Setting next_dagrun for airflow_main_dag to None, run_after=None
[2024-03-05T17:48:13.052+0000] {processor.py:183} INFO - Processing /opt/airflow/dags/airflow_main_dag.py took 1.867 seconds
[2024-03-05T17:48:44.312+0000] {processor.py:161} INFO - Started process (PID=153) to work on /opt/airflow/dags/airflow_main_dag.py
[2024-03-05T17:48:44.313+0000] {processor.py:830} INFO - Processing file /opt/airflow/dags/airflow_main_dag.py for tasks to queue
[2024-03-05T17:48:44.315+0000] {logging_mixin.py:188} INFO - [2024-03-05T17:48:44.314+0000] {dagbag.py:540} INFO - Filling up the DagBag from /opt/airflow/dags/airflow_main_dag.py
[2024-03-05T17:48:45.662+0000] {processor.py:840} INFO - DAG(s) 'airflow_main_dag' retrieved from /opt/airflow/dags/airflow_main_dag.py
[2024-03-05T17:48:45.701+0000] {logging_mixin.py:188} INFO - [2024-03-05T17:48:45.701+0000] {dag.py:3047} INFO - Sync 1 DAGs
[2024-03-05T17:48:45.718+0000] {logging_mixin.py:188} INFO - [2024-03-05T17:48:45.718+0000] {dag.py:3834} INFO - Setting next_dagrun for airflow_main_dag to None, run_after=None
[2024-03-05T17:48:45.812+0000] {processor.py:183} INFO - Processing /opt/airflow/dags/airflow_main_dag.py took 1.505 seconds
[2024-03-05T17:49:19.322+0000] {processor.py:161} INFO - Started process (PID=182) to work on /opt/airflow/dags/airflow_main_dag.py
[2024-03-05T17:49:19.324+0000] {processor.py:830} INFO - Processing file /opt/airflow/dags/airflow_main_dag.py for tasks to queue
[2024-03-05T17:49:19.325+0000] {logging_mixin.py:188} INFO - [2024-03-05T17:49:19.325+0000] {dagbag.py:540} INFO - Filling up the DagBag from /opt/airflow/dags/airflow_main_dag.py
[2024-03-05T17:49:20.952+0000] {processor.py:840} INFO - DAG(s) 'airflow_main_dag' retrieved from /opt/airflow/dags/airflow_main_dag.py
[2024-03-05T17:49:21.000+0000] {logging_mixin.py:188} INFO - [2024-03-05T17:49:20.999+0000] {dag.py:3047} INFO - Sync 1 DAGs
[2024-03-05T17:49:21.034+0000] {logging_mixin.py:188} INFO - [2024-03-05T17:49:21.033+0000] {dag.py:3834} INFO - Setting next_dagrun for airflow_main_dag to None, run_after=None
[2024-03-05T17:49:21.143+0000] {processor.py:183} INFO - Processing /opt/airflow/dags/airflow_main_dag.py took 1.823 seconds
[2024-03-05T17:49:56.312+0000] {processor.py:161} INFO - Started process (PID=254) to work on /opt/airflow/dags/airflow_main_dag.py
[2024-03-05T17:49:56.314+0000] {processor.py:830} INFO - Processing file /opt/airflow/dags/airflow_main_dag.py for tasks to queue
[2024-03-05T17:49:56.316+0000] {logging_mixin.py:188} INFO - [2024-03-05T17:49:56.315+0000] {dagbag.py:540} INFO - Filling up the DagBag from /opt/airflow/dags/airflow_main_dag.py
[2024-03-05T17:49:58.717+0000] {processor.py:840} INFO - DAG(s) 'airflow_main_dag' retrieved from /opt/airflow/dags/airflow_main_dag.py
[2024-03-05T17:49:59.088+0000] {logging_mixin.py:188} INFO - [2024-03-05T17:49:59.087+0000] {dag.py:3047} INFO - Sync 1 DAGs
[2024-03-05T17:49:59.111+0000] {logging_mixin.py:188} INFO - [2024-03-05T17:49:59.111+0000] {dag.py:3834} INFO - Setting next_dagrun for airflow_main_dag to None, run_after=None
[2024-03-05T17:49:59.219+0000] {processor.py:183} INFO - Processing /opt/airflow/dags/airflow_main_dag.py took 2.911 seconds
[2024-03-05T17:50:29.770+0000] {processor.py:161} INFO - Started process (PID=341) to work on /opt/airflow/dags/airflow_main_dag.py
[2024-03-05T17:50:29.772+0000] {processor.py:830} INFO - Processing file /opt/airflow/dags/airflow_main_dag.py for tasks to queue
[2024-03-05T17:50:29.773+0000] {logging_mixin.py:188} INFO - [2024-03-05T17:50:29.773+0000] {dagbag.py:540} INFO - Filling up the DagBag from /opt/airflow/dags/airflow_main_dag.py
[2024-03-05T17:50:31.356+0000] {processor.py:840} INFO - DAG(s) 'airflow_main_dag' retrieved from /opt/airflow/dags/airflow_main_dag.py
[2024-03-05T17:50:31.398+0000] {logging_mixin.py:188} INFO - [2024-03-05T17:50:31.397+0000] {dag.py:3047} INFO - Sync 1 DAGs
[2024-03-05T17:50:31.413+0000] {logging_mixin.py:188} INFO - [2024-03-05T17:50:31.412+0000] {dag.py:3834} INFO - Setting next_dagrun for airflow_main_dag to None, run_after=None
[2024-03-05T17:50:31.530+0000] {processor.py:183} INFO - Processing /opt/airflow/dags/airflow_main_dag.py took 1.763 seconds
[2024-03-05T17:50:48.942+0000] {processor.py:161} INFO - Started process (PID=388) to work on /opt/airflow/dags/airflow_main_dag.py
[2024-03-05T17:50:48.944+0000] {processor.py:830} INFO - Processing file /opt/airflow/dags/airflow_main_dag.py for tasks to queue
[2024-03-05T17:50:48.945+0000] {logging_mixin.py:188} INFO - [2024-03-05T17:50:48.945+0000] {dagbag.py:540} INFO - Filling up the DagBag from /opt/airflow/dags/airflow_main_dag.py
[2024-03-05T17:50:51.239+0000] {processor.py:840} INFO - DAG(s) 'airflow_main_dag' retrieved from /opt/airflow/dags/airflow_main_dag.py
[2024-03-05T17:50:51.480+0000] {logging_mixin.py:188} INFO - [2024-03-05T17:50:51.478+0000] {dag.py:3047} INFO - Sync 1 DAGs
[2024-03-05T17:50:51.545+0000] {logging_mixin.py:188} INFO - [2024-03-05T17:50:51.544+0000] {dag.py:3834} INFO - Setting next_dagrun for airflow_main_dag to None, run_after=None
[2024-03-05T17:50:52.227+0000] {processor.py:183} INFO - Processing /opt/airflow/dags/airflow_main_dag.py took 3.288 seconds
[2024-03-05T17:51:02.916+0000] {processor.py:161} INFO - Started process (PID=426) to work on /opt/airflow/dags/airflow_main_dag.py
[2024-03-05T17:51:02.919+0000] {processor.py:830} INFO - Processing file /opt/airflow/dags/airflow_main_dag.py for tasks to queue
[2024-03-05T17:51:02.923+0000] {logging_mixin.py:188} INFO - [2024-03-05T17:51:02.922+0000] {dagbag.py:540} INFO - Filling up the DagBag from /opt/airflow/dags/airflow_main_dag.py
[2024-03-05T17:51:04.720+0000] {processor.py:840} INFO - DAG(s) 'airflow_main_dag' retrieved from /opt/airflow/dags/airflow_main_dag.py
[2024-03-05T17:51:04.760+0000] {logging_mixin.py:188} INFO - [2024-03-05T17:51:04.759+0000] {dag.py:3047} INFO - Sync 1 DAGs
[2024-03-05T17:51:04.777+0000] {logging_mixin.py:188} INFO - [2024-03-05T17:51:04.776+0000] {dag.py:3834} INFO - Setting next_dagrun for airflow_main_dag to None, run_after=None
[2024-03-05T17:51:04.906+0000] {processor.py:183} INFO - Processing /opt/airflow/dags/airflow_main_dag.py took 2.008 seconds
[2024-03-05T18:40:59.118+0000] {processor.py:161} INFO - Started process (PID=488) to work on /opt/airflow/dags/airflow_main_dag.py
[2024-03-05T18:40:59.121+0000] {processor.py:830} INFO - Processing file /opt/airflow/dags/airflow_main_dag.py for tasks to queue
[2024-03-05T18:40:59.123+0000] {logging_mixin.py:188} INFO - [2024-03-05T18:40:59.123+0000] {dagbag.py:540} INFO - Filling up the DagBag from /opt/airflow/dags/airflow_main_dag.py
[2024-03-05T18:40:59.469+0000] {processor.py:161} INFO - Started process (PID=490) to work on /opt/airflow/dags/airflow_main_dag.py
[2024-03-05T18:40:59.471+0000] {processor.py:830} INFO - Processing file /opt/airflow/dags/airflow_main_dag.py for tasks to queue
[2024-03-05T18:40:59.472+0000] {logging_mixin.py:188} INFO - [2024-03-05T18:40:59.472+0000] {dagbag.py:540} INFO - Filling up the DagBag from /opt/airflow/dags/airflow_main_dag.py
[2024-03-05T18:41:00.834+0000] {processor.py:840} INFO - DAG(s) 'airflow_main_dag' retrieved from /opt/airflow/dags/airflow_main_dag.py
[2024-03-05T18:41:00.870+0000] {logging_mixin.py:188} INFO - [2024-03-05T18:41:00.870+0000] {dag.py:3047} INFO - Sync 1 DAGs
[2024-03-05T18:41:00.886+0000] {logging_mixin.py:188} INFO - [2024-03-05T18:41:00.885+0000] {dag.py:3834} INFO - Setting next_dagrun for airflow_main_dag to None, run_after=None
[2024-03-05T18:41:00.975+0000] {processor.py:183} INFO - Processing /opt/airflow/dags/airflow_main_dag.py took 1.862 seconds
[2024-03-05T18:41:01.291+0000] {processor.py:840} INFO - DAG(s) 'airflow_main_dag' retrieved from /opt/airflow/dags/airflow_main_dag.py
[2024-03-05T18:41:01.349+0000] {logging_mixin.py:188} INFO - [2024-03-05T18:41:01.346+0000] {dag.py:3047} INFO - Sync 1 DAGs
[2024-03-05T18:41:01.372+0000] {logging_mixin.py:188} INFO - [2024-03-05T18:41:01.371+0000] {dag.py:3834} INFO - Setting next_dagrun for airflow_main_dag to None, run_after=None
[2024-03-05T18:41:01.480+0000] {processor.py:183} INFO - Processing /opt/airflow/dags/airflow_main_dag.py took 2.015 seconds
[2024-03-05T18:41:32.097+0000] {processor.py:161} INFO - Started process (PID=564) to work on /opt/airflow/dags/airflow_main_dag.py
[2024-03-05T18:41:32.097+0000] {processor.py:161} INFO - Started process (PID=565) to work on /opt/airflow/dags/airflow_main_dag.py
[2024-03-05T18:41:32.099+0000] {processor.py:830} INFO - Processing file /opt/airflow/dags/airflow_main_dag.py for tasks to queue
[2024-03-05T18:41:32.099+0000] {processor.py:830} INFO - Processing file /opt/airflow/dags/airflow_main_dag.py for tasks to queue
[2024-03-05T18:41:32.100+0000] {logging_mixin.py:188} INFO - [2024-03-05T18:41:32.100+0000] {dagbag.py:540} INFO - Filling up the DagBag from /opt/airflow/dags/airflow_main_dag.py
[2024-03-05T18:41:32.101+0000] {logging_mixin.py:188} INFO - [2024-03-05T18:41:32.100+0000] {dagbag.py:540} INFO - Filling up the DagBag from /opt/airflow/dags/airflow_main_dag.py
[2024-03-05T18:41:33.551+0000] {processor.py:840} INFO - DAG(s) 'airflow_main_dag' retrieved from /opt/airflow/dags/airflow_main_dag.py
[2024-03-05T18:41:33.589+0000] {logging_mixin.py:188} INFO - [2024-03-05T18:41:33.588+0000] {dag.py:3047} INFO - Sync 1 DAGs
[2024-03-05T18:41:33.608+0000] {logging_mixin.py:188} INFO - [2024-03-05T18:41:33.607+0000] {dag.py:3834} INFO - Setting next_dagrun for airflow_main_dag to None, run_after=None
[2024-03-05T18:41:33.721+0000] {processor.py:840} INFO - DAG(s) 'airflow_main_dag' retrieved from /opt/airflow/dags/airflow_main_dag.py
[2024-03-05T18:41:33.729+0000] {processor.py:183} INFO - Processing /opt/airflow/dags/airflow_main_dag.py took 1.636 seconds
[2024-03-05T18:41:33.759+0000] {logging_mixin.py:188} INFO - [2024-03-05T18:41:33.758+0000] {dag.py:3047} INFO - Sync 1 DAGs
[2024-03-05T18:41:33.774+0000] {logging_mixin.py:188} INFO - [2024-03-05T18:41:33.774+0000] {dag.py:3834} INFO - Setting next_dagrun for airflow_main_dag to None, run_after=None
[2024-03-05T18:41:33.867+0000] {processor.py:183} INFO - Processing /opt/airflow/dags/airflow_main_dag.py took 1.773 seconds
[2024-03-05T18:42:03.927+0000] {processor.py:161} INFO - Started process (PID=640) to work on /opt/airflow/dags/airflow_main_dag.py
[2024-03-05T18:42:03.929+0000] {processor.py:830} INFO - Processing file /opt/airflow/dags/airflow_main_dag.py for tasks to queue
[2024-03-05T18:42:03.932+0000] {logging_mixin.py:188} INFO - [2024-03-05T18:42:03.931+0000] {dagbag.py:540} INFO - Filling up the DagBag from /opt/airflow/dags/airflow_main_dag.py
[2024-03-05T18:42:05.032+0000] {processor.py:840} INFO - DAG(s) 'airflow_main_dag' retrieved from /opt/airflow/dags/airflow_main_dag.py
[2024-03-05T18:42:05.066+0000] {logging_mixin.py:188} INFO - [2024-03-05T18:42:05.065+0000] {dag.py:3047} INFO - Sync 1 DAGs
[2024-03-05T18:42:05.080+0000] {logging_mixin.py:188} INFO - [2024-03-05T18:42:05.080+0000] {dag.py:3834} INFO - Setting next_dagrun for airflow_main_dag to None, run_after=None
[2024-03-05T18:42:05.180+0000] {processor.py:183} INFO - Processing /opt/airflow/dags/airflow_main_dag.py took 1.260 seconds
[2024-03-05T18:42:05.335+0000] {processor.py:161} INFO - Started process (PID=649) to work on /opt/airflow/dags/airflow_main_dag.py
[2024-03-05T18:42:05.337+0000] {processor.py:830} INFO - Processing file /opt/airflow/dags/airflow_main_dag.py for tasks to queue
[2024-03-05T18:42:05.339+0000] {logging_mixin.py:188} INFO - [2024-03-05T18:42:05.338+0000] {dagbag.py:540} INFO - Filling up the DagBag from /opt/airflow/dags/airflow_main_dag.py
[2024-03-05T18:42:06.638+0000] {processor.py:840} INFO - DAG(s) 'airflow_main_dag' retrieved from /opt/airflow/dags/airflow_main_dag.py
[2024-03-05T18:42:06.678+0000] {logging_mixin.py:188} INFO - [2024-03-05T18:42:06.678+0000] {dag.py:3047} INFO - Sync 1 DAGs
[2024-03-05T18:42:06.696+0000] {logging_mixin.py:188} INFO - [2024-03-05T18:42:06.696+0000] {dag.py:3834} INFO - Setting next_dagrun for airflow_main_dag to None, run_after=None
[2024-03-05T18:42:06.793+0000] {processor.py:183} INFO - Processing /opt/airflow/dags/airflow_main_dag.py took 1.463 seconds
[2024-03-05T18:42:35.806+0000] {processor.py:161} INFO - Started process (PID=716) to work on /opt/airflow/dags/airflow_main_dag.py
[2024-03-05T18:42:35.809+0000] {processor.py:830} INFO - Processing file /opt/airflow/dags/airflow_main_dag.py for tasks to queue
[2024-03-05T18:42:35.811+0000] {logging_mixin.py:188} INFO - [2024-03-05T18:42:35.810+0000] {dagbag.py:540} INFO - Filling up the DagBag from /opt/airflow/dags/airflow_main_dag.py
[2024-03-05T18:42:36.868+0000] {processor.py:840} INFO - DAG(s) 'airflow_main_dag' retrieved from /opt/airflow/dags/airflow_main_dag.py
[2024-03-05T18:42:36.923+0000] {logging_mixin.py:188} INFO - [2024-03-05T18:42:36.923+0000] {dag.py:3047} INFO - Sync 1 DAGs
[2024-03-05T18:42:36.939+0000] {logging_mixin.py:188} INFO - [2024-03-05T18:42:36.939+0000] {dag.py:3834} INFO - Setting next_dagrun for airflow_main_dag to None, run_after=None
[2024-03-05T18:42:36.967+0000] {processor.py:161} INFO - Started process (PID=725) to work on /opt/airflow/dags/airflow_main_dag.py
[2024-03-05T18:42:36.968+0000] {processor.py:830} INFO - Processing file /opt/airflow/dags/airflow_main_dag.py for tasks to queue
[2024-03-05T18:42:36.970+0000] {logging_mixin.py:188} INFO - [2024-03-05T18:42:36.969+0000] {dagbag.py:540} INFO - Filling up the DagBag from /opt/airflow/dags/airflow_main_dag.py
[2024-03-05T18:42:37.044+0000] {processor.py:183} INFO - Processing /opt/airflow/dags/airflow_main_dag.py took 1.242 seconds
[2024-03-05T18:42:38.248+0000] {processor.py:840} INFO - DAG(s) 'airflow_main_dag' retrieved from /opt/airflow/dags/airflow_main_dag.py
[2024-03-05T18:42:38.281+0000] {logging_mixin.py:188} INFO - [2024-03-05T18:42:38.281+0000] {dag.py:3047} INFO - Sync 1 DAGs
[2024-03-05T18:42:38.301+0000] {logging_mixin.py:188} INFO - [2024-03-05T18:42:38.301+0000] {dag.py:3834} INFO - Setting next_dagrun for airflow_main_dag to None, run_after=None
[2024-03-05T18:42:38.412+0000] {processor.py:183} INFO - Processing /opt/airflow/dags/airflow_main_dag.py took 1.456 seconds
[2024-03-05T18:43:08.088+0000] {processor.py:161} INFO - Started process (PID=792) to work on /opt/airflow/dags/airflow_main_dag.py
[2024-03-05T18:43:08.090+0000] {processor.py:830} INFO - Processing file /opt/airflow/dags/airflow_main_dag.py for tasks to queue
[2024-03-05T18:43:08.091+0000] {logging_mixin.py:188} INFO - [2024-03-05T18:43:08.091+0000] {dagbag.py:540} INFO - Filling up the DagBag from /opt/airflow/dags/airflow_main_dag.py
[2024-03-05T18:43:09.003+0000] {processor.py:161} INFO - Started process (PID=801) to work on /opt/airflow/dags/airflow_main_dag.py
[2024-03-05T18:43:09.006+0000] {processor.py:830} INFO - Processing file /opt/airflow/dags/airflow_main_dag.py for tasks to queue
[2024-03-05T18:43:09.007+0000] {logging_mixin.py:188} INFO - [2024-03-05T18:43:09.007+0000] {dagbag.py:540} INFO - Filling up the DagBag from /opt/airflow/dags/airflow_main_dag.py
[2024-03-05T18:43:09.309+0000] {processor.py:840} INFO - DAG(s) 'airflow_main_dag' retrieved from /opt/airflow/dags/airflow_main_dag.py
[2024-03-05T18:43:09.340+0000] {logging_mixin.py:188} INFO - [2024-03-05T18:43:09.339+0000] {dag.py:3047} INFO - Sync 1 DAGs
[2024-03-05T18:43:09.358+0000] {logging_mixin.py:188} INFO - [2024-03-05T18:43:09.358+0000] {dag.py:3834} INFO - Setting next_dagrun for airflow_main_dag to None, run_after=None
[2024-03-05T18:43:09.454+0000] {processor.py:183} INFO - Processing /opt/airflow/dags/airflow_main_dag.py took 1.369 seconds
[2024-03-05T18:43:10.238+0000] {processor.py:840} INFO - DAG(s) 'airflow_main_dag' retrieved from /opt/airflow/dags/airflow_main_dag.py
[2024-03-05T18:43:10.276+0000] {logging_mixin.py:188} INFO - [2024-03-05T18:43:10.275+0000] {dag.py:3047} INFO - Sync 1 DAGs
[2024-03-05T18:43:10.305+0000] {logging_mixin.py:188} INFO - [2024-03-05T18:43:10.304+0000] {dag.py:3834} INFO - Setting next_dagrun for airflow_main_dag to None, run_after=None
[2024-03-05T18:43:10.402+0000] {processor.py:183} INFO - Processing /opt/airflow/dags/airflow_main_dag.py took 1.402 seconds
[2024-03-05T18:43:42.290+0000] {processor.py:161} INFO - Started process (PID=868) to work on /opt/airflow/dags/airflow_main_dag.py
[2024-03-05T18:43:42.292+0000] {processor.py:830} INFO - Processing file /opt/airflow/dags/airflow_main_dag.py for tasks to queue
[2024-03-05T18:43:42.293+0000] {logging_mixin.py:188} INFO - [2024-03-05T18:43:42.293+0000] {dagbag.py:540} INFO - Filling up the DagBag from /opt/airflow/dags/airflow_main_dag.py
[2024-03-05T18:43:42.680+0000] {processor.py:161} INFO - Started process (PID=870) to work on /opt/airflow/dags/airflow_main_dag.py
[2024-03-05T18:43:42.683+0000] {processor.py:830} INFO - Processing file /opt/airflow/dags/airflow_main_dag.py for tasks to queue
[2024-03-05T18:43:42.686+0000] {logging_mixin.py:188} INFO - [2024-03-05T18:43:42.685+0000] {dagbag.py:540} INFO - Filling up the DagBag from /opt/airflow/dags/airflow_main_dag.py
[2024-03-05T18:43:44.211+0000] {processor.py:840} INFO - DAG(s) 'airflow_main_dag' retrieved from /opt/airflow/dags/airflow_main_dag.py
[2024-03-05T18:43:44.266+0000] {logging_mixin.py:188} INFO - [2024-03-05T18:43:44.264+0000] {dag.py:3047} INFO - Sync 1 DAGs
[2024-03-05T18:43:44.284+0000] {logging_mixin.py:188} INFO - [2024-03-05T18:43:44.284+0000] {dag.py:3834} INFO - Setting next_dagrun for airflow_main_dag to None, run_after=None
[2024-03-05T18:43:44.416+0000] {processor.py:183} INFO - Processing /opt/airflow/dags/airflow_main_dag.py took 2.129 seconds
[2024-03-05T18:43:44.770+0000] {processor.py:840} INFO - DAG(s) 'airflow_main_dag' retrieved from /opt/airflow/dags/airflow_main_dag.py
[2024-03-05T18:43:44.819+0000] {logging_mixin.py:188} INFO - [2024-03-05T18:43:44.818+0000] {dag.py:3047} INFO - Sync 1 DAGs
[2024-03-05T18:43:44.840+0000] {logging_mixin.py:188} INFO - [2024-03-05T18:43:44.840+0000] {dag.py:3834} INFO - Setting next_dagrun for airflow_main_dag to None, run_after=None
[2024-03-05T18:43:44.965+0000] {processor.py:183} INFO - Processing /opt/airflow/dags/airflow_main_dag.py took 2.290 seconds
[2024-03-05T18:44:16.666+0000] {processor.py:161} INFO - Started process (PID=944) to work on /opt/airflow/dags/airflow_main_dag.py
[2024-03-05T18:44:16.694+0000] {processor.py:830} INFO - Processing file /opt/airflow/dags/airflow_main_dag.py for tasks to queue
[2024-03-05T18:44:16.732+0000] {logging_mixin.py:188} INFO - [2024-03-05T18:44:16.726+0000] {dagbag.py:540} INFO - Filling up the DagBag from /opt/airflow/dags/airflow_main_dag.py
[2024-03-05T18:44:17.137+0000] {processor.py:161} INFO - Started process (PID=945) to work on /opt/airflow/dags/airflow_main_dag.py
[2024-03-05T18:44:17.158+0000] {processor.py:830} INFO - Processing file /opt/airflow/dags/airflow_main_dag.py for tasks to queue
[2024-03-05T18:44:17.167+0000] {logging_mixin.py:188} INFO - [2024-03-05T18:44:17.165+0000] {dagbag.py:540} INFO - Filling up the DagBag from /opt/airflow/dags/airflow_main_dag.py
[2024-03-05T18:44:19.697+0000] {processor.py:840} INFO - DAG(s) 'airflow_main_dag' retrieved from /opt/airflow/dags/airflow_main_dag.py
[2024-03-05T18:44:19.764+0000] {logging_mixin.py:188} INFO - [2024-03-05T18:44:19.762+0000] {dag.py:3047} INFO - Sync 1 DAGs
[2024-03-05T18:44:19.827+0000] {logging_mixin.py:188} INFO - [2024-03-05T18:44:19.826+0000] {dag.py:3834} INFO - Setting next_dagrun for airflow_main_dag to None, run_after=None
[2024-03-05T18:44:20.059+0000] {processor.py:183} INFO - Processing /opt/airflow/dags/airflow_main_dag.py took 3.422 seconds
[2024-03-05T18:44:20.410+0000] {processor.py:840} INFO - DAG(s) 'airflow_main_dag' retrieved from /opt/airflow/dags/airflow_main_dag.py
[2024-03-05T18:44:20.473+0000] {logging_mixin.py:188} INFO - [2024-03-05T18:44:20.471+0000] {dag.py:3047} INFO - Sync 1 DAGs
[2024-03-05T18:44:20.507+0000] {logging_mixin.py:188} INFO - [2024-03-05T18:44:20.507+0000] {dag.py:3834} INFO - Setting next_dagrun for airflow_main_dag to None, run_after=None
[2024-03-05T18:44:20.708+0000] {processor.py:183} INFO - Processing /opt/airflow/dags/airflow_main_dag.py took 3.593 seconds
[2024-03-05T18:44:52.729+0000] {processor.py:161} INFO - Started process (PID=1020) to work on /opt/airflow/dags/airflow_main_dag.py
[2024-03-05T18:44:52.740+0000] {processor.py:830} INFO - Processing file /opt/airflow/dags/airflow_main_dag.py for tasks to queue
[2024-03-05T18:44:52.751+0000] {logging_mixin.py:188} INFO - [2024-03-05T18:44:52.748+0000] {dagbag.py:540} INFO - Filling up the DagBag from /opt/airflow/dags/airflow_main_dag.py
[2024-03-05T18:44:53.390+0000] {processor.py:161} INFO - Started process (PID=1022) to work on /opt/airflow/dags/airflow_main_dag.py
[2024-03-05T18:44:53.396+0000] {processor.py:830} INFO - Processing file /opt/airflow/dags/airflow_main_dag.py for tasks to queue
[2024-03-05T18:44:53.399+0000] {logging_mixin.py:188} INFO - [2024-03-05T18:44:53.398+0000] {dagbag.py:540} INFO - Filling up the DagBag from /opt/airflow/dags/airflow_main_dag.py
[2024-03-05T18:45:06.429+0000] {processor.py:840} INFO - DAG(s) 'airflow_main_dag' retrieved from /opt/airflow/dags/airflow_main_dag.py
[2024-03-05T18:45:08.343+0000] {logging_mixin.py:188} INFO - [2024-03-05T18:45:08.341+0000] {dag.py:3047} INFO - Sync 1 DAGs
[2024-03-05T18:45:08.591+0000] {logging_mixin.py:188} INFO - [2024-03-05T18:45:08.591+0000] {dag.py:3834} INFO - Setting next_dagrun for airflow_main_dag to None, run_after=None
[2024-03-05T18:45:09.529+0000] {processor.py:183} INFO - Processing /opt/airflow/dags/airflow_main_dag.py took 16.821 seconds
[2024-03-05T18:45:10.157+0000] {processor.py:840} INFO - DAG(s) 'airflow_main_dag' retrieved from /opt/airflow/dags/airflow_main_dag.py
[2024-03-05T18:45:10.395+0000] {logging_mixin.py:188} INFO - [2024-03-05T18:45:10.394+0000] {dag.py:3047} INFO - Sync 1 DAGs
[2024-03-05T18:45:10.543+0000] {logging_mixin.py:188} INFO - [2024-03-05T18:45:10.543+0000] {dag.py:3834} INFO - Setting next_dagrun for airflow_main_dag to None, run_after=None
[2024-03-05T18:45:11.034+0000] {processor.py:183} INFO - Processing /opt/airflow/dags/airflow_main_dag.py took 17.647 seconds
[2024-03-05T18:45:40.006+0000] {processor.py:161} INFO - Started process (PID=1096) to work on /opt/airflow/dags/airflow_main_dag.py
[2024-03-05T18:45:40.008+0000] {processor.py:830} INFO - Processing file /opt/airflow/dags/airflow_main_dag.py for tasks to queue
[2024-03-05T18:45:40.011+0000] {logging_mixin.py:188} INFO - [2024-03-05T18:45:40.010+0000] {dagbag.py:540} INFO - Filling up the DagBag from /opt/airflow/dags/airflow_main_dag.py
[2024-03-05T18:45:41.968+0000] {processor.py:161} INFO - Started process (PID=1105) to work on /opt/airflow/dags/airflow_main_dag.py
[2024-03-05T18:45:41.970+0000] {processor.py:830} INFO - Processing file /opt/airflow/dags/airflow_main_dag.py for tasks to queue
[2024-03-05T18:45:41.972+0000] {logging_mixin.py:188} INFO - [2024-03-05T18:45:41.971+0000] {dagbag.py:540} INFO - Filling up the DagBag from /opt/airflow/dags/airflow_main_dag.py
[2024-03-05T18:45:42.675+0000] {processor.py:840} INFO - DAG(s) 'airflow_main_dag' retrieved from /opt/airflow/dags/airflow_main_dag.py
[2024-03-05T18:45:42.743+0000] {logging_mixin.py:188} INFO - [2024-03-05T18:45:42.742+0000] {dag.py:3047} INFO - Sync 1 DAGs
[2024-03-05T18:45:42.774+0000] {logging_mixin.py:188} INFO - [2024-03-05T18:45:42.773+0000] {dag.py:3834} INFO - Setting next_dagrun for airflow_main_dag to None, run_after=None
[2024-03-05T18:45:42.933+0000] {processor.py:183} INFO - Processing /opt/airflow/dags/airflow_main_dag.py took 2.932 seconds
[2024-03-05T18:45:44.492+0000] {processor.py:840} INFO - DAG(s) 'airflow_main_dag' retrieved from /opt/airflow/dags/airflow_main_dag.py
[2024-03-05T18:45:44.538+0000] {logging_mixin.py:188} INFO - [2024-03-05T18:45:44.537+0000] {dag.py:3047} INFO - Sync 1 DAGs
[2024-03-05T18:45:44.563+0000] {logging_mixin.py:188} INFO - [2024-03-05T18:45:44.563+0000] {dag.py:3834} INFO - Setting next_dagrun for airflow_main_dag to None, run_after=None
[2024-03-05T18:45:44.720+0000] {processor.py:183} INFO - Processing /opt/airflow/dags/airflow_main_dag.py took 2.763 seconds
[2024-03-05T18:46:23.588+0000] {processor.py:161} INFO - Started process (PID=1162) to work on /opt/airflow/dags/airflow_main_dag.py
[2024-03-05T18:46:23.591+0000] {processor.py:830} INFO - Processing file /opt/airflow/dags/airflow_main_dag.py for tasks to queue
[2024-03-05T18:46:23.596+0000] {logging_mixin.py:188} INFO - [2024-03-05T18:46:23.593+0000] {dagbag.py:540} INFO - Filling up the DagBag from /opt/airflow/dags/airflow_main_dag.py
[2024-03-05T18:46:32.123+0000] {processor.py:840} INFO - DAG(s) 'airflow_main_dag' retrieved from /opt/airflow/dags/airflow_main_dag.py
[2024-03-05T18:46:32.861+0000] {logging_mixin.py:188} INFO - [2024-03-05T18:46:32.860+0000] {dag.py:3047} INFO - Sync 1 DAGs
[2024-03-05T18:46:33.199+0000] {logging_mixin.py:188} INFO - [2024-03-05T18:46:33.198+0000] {dag.py:3834} INFO - Setting next_dagrun for airflow_main_dag to None, run_after=None
[2024-03-05T18:46:33.725+0000] {processor.py:183} INFO - Processing /opt/airflow/dags/airflow_main_dag.py took 10.149 seconds
[2024-03-05T18:46:58.032+0000] {processor.py:161} INFO - Started process (PID=1237) to work on /opt/airflow/dags/airflow_main_dag.py
[2024-03-05T18:46:58.035+0000] {processor.py:830} INFO - Processing file /opt/airflow/dags/airflow_main_dag.py for tasks to queue
[2024-03-05T18:46:58.039+0000] {logging_mixin.py:188} INFO - [2024-03-05T18:46:58.037+0000] {dagbag.py:540} INFO - Filling up the DagBag from /opt/airflow/dags/airflow_main_dag.py
[2024-03-05T18:47:00.480+0000] {processor.py:840} INFO - DAG(s) 'airflow_main_dag' retrieved from /opt/airflow/dags/airflow_main_dag.py
[2024-03-05T18:47:00.611+0000] {logging_mixin.py:188} INFO - [2024-03-05T18:47:00.607+0000] {dag.py:3047} INFO - Sync 1 DAGs
[2024-03-05T18:47:00.690+0000] {logging_mixin.py:188} INFO - [2024-03-05T18:47:00.687+0000] {dag.py:3834} INFO - Setting next_dagrun for airflow_main_dag to None, run_after=None
[2024-03-05T18:47:00.934+0000] {processor.py:183} INFO - Processing /opt/airflow/dags/airflow_main_dag.py took 2.919 seconds
[2024-03-05T18:47:04.775+0000] {processor.py:161} INFO - Started process (PID=1264) to work on /opt/airflow/dags/airflow_main_dag.py
[2024-03-05T18:47:04.778+0000] {processor.py:830} INFO - Processing file /opt/airflow/dags/airflow_main_dag.py for tasks to queue
[2024-03-05T18:47:04.786+0000] {logging_mixin.py:188} INFO - [2024-03-05T18:47:04.783+0000] {dagbag.py:540} INFO - Filling up the DagBag from /opt/airflow/dags/airflow_main_dag.py
[2024-03-05T18:47:08.420+0000] {processor.py:840} INFO - DAG(s) 'airflow_main_dag' retrieved from /opt/airflow/dags/airflow_main_dag.py
[2024-03-05T18:47:08.473+0000] {logging_mixin.py:188} INFO - [2024-03-05T18:47:08.472+0000] {dag.py:3047} INFO - Sync 1 DAGs
[2024-03-05T18:47:08.500+0000] {logging_mixin.py:188} INFO - [2024-03-05T18:47:08.499+0000] {dag.py:3834} INFO - Setting next_dagrun for airflow_main_dag to None, run_after=None
[2024-03-05T18:47:08.630+0000] {processor.py:183} INFO - Processing /opt/airflow/dags/airflow_main_dag.py took 3.872 seconds
[2024-03-05T18:47:39.299+0000] {processor.py:161} INFO - Started process (PID=1322) to work on /opt/airflow/dags/airflow_main_dag.py
[2024-03-05T18:47:39.314+0000] {processor.py:830} INFO - Processing file /opt/airflow/dags/airflow_main_dag.py for tasks to queue
[2024-03-05T18:47:39.321+0000] {logging_mixin.py:188} INFO - [2024-03-05T18:47:39.320+0000] {dagbag.py:540} INFO - Filling up the DagBag from /opt/airflow/dags/airflow_main_dag.py
[2024-03-05T18:47:43.660+0000] {processor.py:840} INFO - DAG(s) 'airflow_main_dag' retrieved from /opt/airflow/dags/airflow_main_dag.py
[2024-03-05T18:47:43.954+0000] {logging_mixin.py:188} INFO - [2024-03-05T18:47:43.946+0000] {dag.py:3047} INFO - Sync 1 DAGs
[2024-03-05T18:47:44.017+0000] {processor.py:161} INFO - Started process (PID=1331) to work on /opt/airflow/dags/airflow_main_dag.py
[2024-03-05T18:47:44.022+0000] {processor.py:830} INFO - Processing file /opt/airflow/dags/airflow_main_dag.py for tasks to queue
[2024-03-05T18:47:44.030+0000] {logging_mixin.py:188} INFO - [2024-03-05T18:47:44.025+0000] {dagbag.py:540} INFO - Filling up the DagBag from /opt/airflow/dags/airflow_main_dag.py
[2024-03-05T18:47:44.033+0000] {logging_mixin.py:188} INFO - [2024-03-05T18:47:44.033+0000] {dag.py:3834} INFO - Setting next_dagrun for airflow_main_dag to None, run_after=None
[2024-03-05T18:47:45.075+0000] {processor.py:183} INFO - Processing /opt/airflow/dags/airflow_main_dag.py took 5.786 seconds
[2024-03-05T18:47:50.350+0000] {processor.py:840} INFO - DAG(s) 'airflow_main_dag' retrieved from /opt/airflow/dags/airflow_main_dag.py
[2024-03-05T18:47:50.505+0000] {logging_mixin.py:188} INFO - [2024-03-05T18:47:50.504+0000] {dag.py:3047} INFO - Sync 1 DAGs
[2024-03-05T18:47:50.561+0000] {logging_mixin.py:188} INFO - [2024-03-05T18:47:50.560+0000] {dag.py:3834} INFO - Setting next_dagrun for airflow_main_dag to None, run_after=None
[2024-03-05T18:47:50.759+0000] {processor.py:183} INFO - Processing /opt/airflow/dags/airflow_main_dag.py took 6.762 seconds
[2024-03-05T18:48:16.304+0000] {processor.py:161} INFO - Started process (PID=1398) to work on /opt/airflow/dags/airflow_main_dag.py
[2024-03-05T18:48:16.305+0000] {processor.py:830} INFO - Processing file /opt/airflow/dags/airflow_main_dag.py for tasks to queue
[2024-03-05T18:48:16.307+0000] {logging_mixin.py:188} INFO - [2024-03-05T18:48:16.306+0000] {dagbag.py:540} INFO - Filling up the DagBag from /opt/airflow/dags/airflow_main_dag.py
[2024-03-05T18:48:18.257+0000] {processor.py:840} INFO - DAG(s) 'airflow_main_dag' retrieved from /opt/airflow/dags/airflow_main_dag.py
[2024-03-05T18:48:18.307+0000] {logging_mixin.py:188} INFO - [2024-03-05T18:48:18.306+0000] {dag.py:3047} INFO - Sync 1 DAGs
[2024-03-05T18:48:18.340+0000] {logging_mixin.py:188} INFO - [2024-03-05T18:48:18.340+0000] {dag.py:3834} INFO - Setting next_dagrun for airflow_main_dag to None, run_after=None
[2024-03-05T18:48:18.541+0000] {processor.py:183} INFO - Processing /opt/airflow/dags/airflow_main_dag.py took 2.244 seconds
[2024-03-05T18:48:21.688+0000] {processor.py:161} INFO - Started process (PID=1407) to work on /opt/airflow/dags/airflow_main_dag.py
[2024-03-05T18:48:21.690+0000] {processor.py:830} INFO - Processing file /opt/airflow/dags/airflow_main_dag.py for tasks to queue
[2024-03-05T18:48:21.695+0000] {logging_mixin.py:188} INFO - [2024-03-05T18:48:21.692+0000] {dagbag.py:540} INFO - Filling up the DagBag from /opt/airflow/dags/airflow_main_dag.py
[2024-03-05T18:48:23.900+0000] {processor.py:840} INFO - DAG(s) 'airflow_main_dag' retrieved from /opt/airflow/dags/airflow_main_dag.py
[2024-03-05T18:48:24.017+0000] {logging_mixin.py:188} INFO - [2024-03-05T18:48:24.015+0000] {dag.py:3047} INFO - Sync 1 DAGs
[2024-03-05T18:48:24.059+0000] {logging_mixin.py:188} INFO - [2024-03-05T18:48:24.058+0000] {dag.py:3834} INFO - Setting next_dagrun for airflow_main_dag to None, run_after=None
[2024-03-05T18:48:24.232+0000] {processor.py:183} INFO - Processing /opt/airflow/dags/airflow_main_dag.py took 2.550 seconds
[2024-03-05T18:48:49.502+0000] {processor.py:161} INFO - Started process (PID=1474) to work on /opt/airflow/dags/airflow_main_dag.py
[2024-03-05T18:48:49.518+0000] {processor.py:830} INFO - Processing file /opt/airflow/dags/airflow_main_dag.py for tasks to queue
[2024-03-05T18:48:49.543+0000] {logging_mixin.py:188} INFO - [2024-03-05T18:48:49.541+0000] {dagbag.py:540} INFO - Filling up the DagBag from /opt/airflow/dags/airflow_main_dag.py
[2024-03-05T18:48:56.106+0000] {processor.py:840} INFO - DAG(s) 'airflow_main_dag' retrieved from /opt/airflow/dags/airflow_main_dag.py
[2024-03-05T18:48:56.763+0000] {logging_mixin.py:188} INFO - [2024-03-05T18:48:56.760+0000] {dag.py:3047} INFO - Sync 1 DAGs
[2024-03-05T18:48:56.906+0000] {logging_mixin.py:188} INFO - [2024-03-05T18:48:56.905+0000] {dag.py:3834} INFO - Setting next_dagrun for airflow_main_dag to None, run_after=None
[2024-03-05T18:48:57.151+0000] {processor.py:161} INFO - Started process (PID=1483) to work on /opt/airflow/dags/airflow_main_dag.py
[2024-03-05T18:48:57.164+0000] {processor.py:830} INFO - Processing file /opt/airflow/dags/airflow_main_dag.py for tasks to queue
[2024-03-05T18:48:57.169+0000] {logging_mixin.py:188} INFO - [2024-03-05T18:48:57.167+0000] {dagbag.py:540} INFO - Filling up the DagBag from /opt/airflow/dags/airflow_main_dag.py
[2024-03-05T18:48:57.516+0000] {processor.py:183} INFO - Processing /opt/airflow/dags/airflow_main_dag.py took 8.028 seconds
[2024-03-05T18:49:03.191+0000] {processor.py:840} INFO - DAG(s) 'airflow_main_dag' retrieved from /opt/airflow/dags/airflow_main_dag.py
[2024-03-05T18:49:03.539+0000] {logging_mixin.py:188} INFO - [2024-03-05T18:49:03.538+0000] {dag.py:3047} INFO - Sync 1 DAGs
[2024-03-05T18:49:03.698+0000] {logging_mixin.py:188} INFO - [2024-03-05T18:49:03.697+0000] {dag.py:3834} INFO - Setting next_dagrun for airflow_main_dag to None, run_after=None
[2024-03-05T18:49:04.203+0000] {processor.py:183} INFO - Processing /opt/airflow/dags/airflow_main_dag.py took 7.062 seconds
