[2024-03-05T17:47:59.197+0000] {processor.py:161} INFO - Started process (PID=114) to work on /opt/airflow/dags/sad_dag.py
[2024-03-05T17:47:59.204+0000] {processor.py:830} INFO - Processing file /opt/airflow/dags/sad_dag.py for tasks to queue
[2024-03-05T17:47:59.206+0000] {logging_mixin.py:188} INFO - [2024-03-05T17:47:59.206+0000] {dagbag.py:540} INFO - Filling up the DagBag from /opt/airflow/dags/sad_dag.py
[2024-03-05T17:47:59.376+0000] {processor.py:840} INFO - DAG(s) 'sad_dag' retrieved from /opt/airflow/dags/sad_dag.py
[2024-03-05T17:47:59.713+0000] {logging_mixin.py:188} INFO - [2024-03-05T17:47:59.712+0000] {override.py:1769} INFO - Created Permission View: can edit on DAG:sad_dag
[2024-03-05T17:47:59.763+0000] {logging_mixin.py:188} INFO - [2024-03-05T17:47:59.763+0000] {override.py:1769} INFO - Created Permission View: can read on DAG:sad_dag
[2024-03-05T17:47:59.824+0000] {logging_mixin.py:188} INFO - [2024-03-05T17:47:59.823+0000] {override.py:1769} INFO - Created Permission View: can delete on DAG:sad_dag
[2024-03-05T17:47:59.825+0000] {logging_mixin.py:188} INFO - [2024-03-05T17:47:59.825+0000] {dag.py:3047} INFO - Sync 1 DAGs
[2024-03-05T17:47:59.860+0000] {logging_mixin.py:188} INFO - [2024-03-05T17:47:59.860+0000] {dag.py:3069} INFO - Creating ORM DAG for sad_dag
[2024-03-05T17:48:00.169+0000] {logging_mixin.py:188} INFO - [2024-03-05T17:48:00.169+0000] {dag.py:3834} INFO - Setting next_dagrun for sad_dag to 2024-03-04 23:00:00+00:00, run_after=2024-03-05 23:00:00+00:00
[2024-03-05T17:48:00.258+0000] {processor.py:183} INFO - Processing /opt/airflow/dags/sad_dag.py took 1.065 seconds
[2024-03-05T17:48:31.104+0000] {processor.py:161} INFO - Started process (PID=143) to work on /opt/airflow/dags/sad_dag.py
[2024-03-05T17:48:31.107+0000] {processor.py:830} INFO - Processing file /opt/airflow/dags/sad_dag.py for tasks to queue
[2024-03-05T17:48:31.109+0000] {logging_mixin.py:188} INFO - [2024-03-05T17:48:31.108+0000] {dagbag.py:540} INFO - Filling up the DagBag from /opt/airflow/dags/sad_dag.py
[2024-03-05T17:48:31.183+0000] {processor.py:840} INFO - DAG(s) 'sad_dag' retrieved from /opt/airflow/dags/sad_dag.py
[2024-03-05T17:48:31.231+0000] {logging_mixin.py:188} INFO - [2024-03-05T17:48:31.231+0000] {dag.py:3047} INFO - Sync 1 DAGs
[2024-03-05T17:48:31.295+0000] {logging_mixin.py:188} INFO - [2024-03-05T17:48:31.295+0000] {dag.py:3834} INFO - Setting next_dagrun for sad_dag to 2024-03-04 23:00:00+00:00, run_after=2024-03-05 23:00:00+00:00
[2024-03-05T17:48:31.440+0000] {processor.py:183} INFO - Processing /opt/airflow/dags/sad_dag.py took 0.345 seconds
[2024-03-05T17:49:02.606+0000] {processor.py:161} INFO - Started process (PID=172) to work on /opt/airflow/dags/sad_dag.py
[2024-03-05T17:49:02.610+0000] {processor.py:830} INFO - Processing file /opt/airflow/dags/sad_dag.py for tasks to queue
[2024-03-05T17:49:02.619+0000] {logging_mixin.py:188} INFO - [2024-03-05T17:49:02.617+0000] {dagbag.py:540} INFO - Filling up the DagBag from /opt/airflow/dags/sad_dag.py
[2024-03-05T17:49:02.734+0000] {processor.py:840} INFO - DAG(s) 'sad_dag' retrieved from /opt/airflow/dags/sad_dag.py
[2024-03-05T17:49:03.371+0000] {logging_mixin.py:188} INFO - [2024-03-05T17:49:03.370+0000] {dag.py:3047} INFO - Sync 1 DAGs
[2024-03-05T17:49:03.516+0000] {logging_mixin.py:188} INFO - [2024-03-05T17:49:03.514+0000] {dag.py:3834} INFO - Setting next_dagrun for sad_dag to 2024-03-04 23:00:00+00:00, run_after=2024-03-05 23:00:00+00:00
[2024-03-05T17:49:04.500+0000] {processor.py:183} INFO - Processing /opt/airflow/dags/sad_dag.py took 1.902 seconds
[2024-03-05T17:49:34.766+0000] {processor.py:161} INFO - Started process (PID=218) to work on /opt/airflow/dags/sad_dag.py
[2024-03-05T17:49:34.772+0000] {processor.py:830} INFO - Processing file /opt/airflow/dags/sad_dag.py for tasks to queue
[2024-03-05T17:49:34.777+0000] {logging_mixin.py:188} INFO - [2024-03-05T17:49:34.775+0000] {dagbag.py:540} INFO - Filling up the DagBag from /opt/airflow/dags/sad_dag.py
[2024-03-05T17:49:34.933+0000] {processor.py:840} INFO - DAG(s) 'sad_dag' retrieved from /opt/airflow/dags/sad_dag.py
[2024-03-05T17:49:35.062+0000] {logging_mixin.py:188} INFO - [2024-03-05T17:49:35.061+0000] {dag.py:3047} INFO - Sync 1 DAGs
[2024-03-05T17:49:35.119+0000] {logging_mixin.py:188} INFO - [2024-03-05T17:49:35.119+0000] {dag.py:3834} INFO - Setting next_dagrun for sad_dag to 2024-03-04 23:00:00+00:00, run_after=2024-03-05 23:00:00+00:00
[2024-03-05T17:49:35.229+0000] {processor.py:183} INFO - Processing /opt/airflow/dags/sad_dag.py took 0.477 seconds
[2024-03-05T17:50:08.295+0000] {processor.py:161} INFO - Started process (PID=297) to work on /opt/airflow/dags/sad_dag.py
[2024-03-05T17:50:08.297+0000] {processor.py:830} INFO - Processing file /opt/airflow/dags/sad_dag.py for tasks to queue
[2024-03-05T17:50:08.298+0000] {logging_mixin.py:188} INFO - [2024-03-05T17:50:08.298+0000] {dagbag.py:540} INFO - Filling up the DagBag from /opt/airflow/dags/sad_dag.py
[2024-03-05T17:50:08.396+0000] {processor.py:840} INFO - DAG(s) 'sad_dag' retrieved from /opt/airflow/dags/sad_dag.py
[2024-03-05T17:50:08.486+0000] {logging_mixin.py:188} INFO - [2024-03-05T17:50:08.486+0000] {dag.py:3047} INFO - Sync 1 DAGs
[2024-03-05T17:50:08.631+0000] {logging_mixin.py:188} INFO - [2024-03-05T17:50:08.630+0000] {dag.py:3834} INFO - Setting next_dagrun for sad_dag to 2024-03-04 23:00:00+00:00, run_after=2024-03-05 23:00:00+00:00
[2024-03-05T17:50:08.779+0000] {processor.py:183} INFO - Processing /opt/airflow/dags/sad_dag.py took 0.488 seconds
[2024-03-05T17:50:43.531+0000] {processor.py:161} INFO - Started process (PID=377) to work on /opt/airflow/dags/sad_dag.py
[2024-03-05T17:50:43.533+0000] {processor.py:830} INFO - Processing file /opt/airflow/dags/sad_dag.py for tasks to queue
[2024-03-05T17:50:43.535+0000] {logging_mixin.py:188} INFO - [2024-03-05T17:50:43.534+0000] {dagbag.py:540} INFO - Filling up the DagBag from /opt/airflow/dags/sad_dag.py
[2024-03-05T17:50:43.588+0000] {processor.py:840} INFO - DAG(s) 'sad_dag' retrieved from /opt/airflow/dags/sad_dag.py
[2024-03-05T17:50:43.632+0000] {logging_mixin.py:188} INFO - [2024-03-05T17:50:43.632+0000] {dag.py:3047} INFO - Sync 1 DAGs
[2024-03-05T17:50:43.805+0000] {logging_mixin.py:188} INFO - [2024-03-05T17:50:43.804+0000] {dag.py:3834} INFO - Setting next_dagrun for sad_dag to 2024-03-04 23:00:00+00:00, run_after=2024-03-05 23:00:00+00:00
[2024-03-05T17:50:43.929+0000] {processor.py:183} INFO - Processing /opt/airflow/dags/sad_dag.py took 0.403 seconds
[2024-03-05T17:50:47.876+0000] {processor.py:161} INFO - Started process (PID=387) to work on /opt/airflow/dags/sad_dag.py
[2024-03-05T17:50:47.878+0000] {processor.py:830} INFO - Processing file /opt/airflow/dags/sad_dag.py for tasks to queue
[2024-03-05T17:50:47.879+0000] {logging_mixin.py:188} INFO - [2024-03-05T17:50:47.879+0000] {dagbag.py:540} INFO - Filling up the DagBag from /opt/airflow/dags/sad_dag.py
[2024-03-05T17:50:47.918+0000] {processor.py:840} INFO - DAG(s) 'sad_dag' retrieved from /opt/airflow/dags/sad_dag.py
[2024-03-05T17:50:47.962+0000] {logging_mixin.py:188} INFO - [2024-03-05T17:50:47.962+0000] {dag.py:3047} INFO - Sync 1 DAGs
[2024-03-05T17:50:47.997+0000] {logging_mixin.py:188} INFO - [2024-03-05T17:50:47.997+0000] {dag.py:3834} INFO - Setting next_dagrun for sad_dag to 2024-03-04 23:00:00+00:00, run_after=2024-03-05 23:00:00+00:00
[2024-03-05T17:50:48.095+0000] {processor.py:183} INFO - Processing /opt/airflow/dags/sad_dag.py took 0.222 seconds
[2024-03-05T18:40:53.686+0000] {processor.py:161} INFO - Started process (PID=468) to work on /opt/airflow/dags/sad_dag.py
[2024-03-05T18:40:53.696+0000] {processor.py:830} INFO - Processing file /opt/airflow/dags/sad_dag.py for tasks to queue
[2024-03-05T18:40:53.698+0000] {logging_mixin.py:188} INFO - [2024-03-05T18:40:53.697+0000] {dagbag.py:540} INFO - Filling up the DagBag from /opt/airflow/dags/sad_dag.py
[2024-03-05T18:40:53.780+0000] {processor.py:840} INFO - DAG(s) 'sad_dag' retrieved from /opt/airflow/dags/sad_dag.py
[2024-03-05T18:40:53.904+0000] {logging_mixin.py:188} INFO - [2024-03-05T18:40:53.903+0000] {dag.py:3047} INFO - Sync 1 DAGs
[2024-03-05T18:40:53.991+0000] {processor.py:161} INFO - Started process (PID=469) to work on /opt/airflow/dags/sad_dag.py
[2024-03-05T18:40:53.994+0000] {processor.py:830} INFO - Processing file /opt/airflow/dags/sad_dag.py for tasks to queue
[2024-03-05T18:40:54.005+0000] {logging_mixin.py:188} INFO - [2024-03-05T18:40:54.004+0000] {dagbag.py:540} INFO - Filling up the DagBag from /opt/airflow/dags/sad_dag.py
[2024-03-05T18:40:54.060+0000] {logging_mixin.py:188} INFO - [2024-03-05T18:40:54.059+0000] {dag.py:3834} INFO - Setting next_dagrun for sad_dag to 2024-03-04 23:00:00+00:00, run_after=2024-03-05 23:00:00+00:00
[2024-03-05T18:40:54.121+0000] {processor.py:840} INFO - DAG(s) 'sad_dag' retrieved from /opt/airflow/dags/sad_dag.py
[2024-03-05T18:40:54.219+0000] {logging_mixin.py:188} INFO - [2024-03-05T18:40:54.218+0000] {dag.py:3047} INFO - Sync 1 DAGs
[2024-03-05T18:40:54.232+0000] {processor.py:183} INFO - Processing /opt/airflow/dags/sad_dag.py took 0.553 seconds
[2024-03-05T18:40:54.314+0000] {logging_mixin.py:188} INFO - [2024-03-05T18:40:54.313+0000] {dag.py:3834} INFO - Setting next_dagrun for sad_dag to 2024-03-04 23:00:00+00:00, run_after=2024-03-05 23:00:00+00:00
[2024-03-05T18:40:54.507+0000] {processor.py:183} INFO - Processing /opt/airflow/dags/sad_dag.py took 0.525 seconds
[2024-03-05T18:41:28.093+0000] {processor.py:161} INFO - Started process (PID=544) to work on /opt/airflow/dags/sad_dag.py
[2024-03-05T18:41:28.095+0000] {processor.py:830} INFO - Processing file /opt/airflow/dags/sad_dag.py for tasks to queue
[2024-03-05T18:41:28.096+0000] {logging_mixin.py:188} INFO - [2024-03-05T18:41:28.095+0000] {dagbag.py:540} INFO - Filling up the DagBag from /opt/airflow/dags/sad_dag.py
[2024-03-05T18:41:28.115+0000] {processor.py:161} INFO - Started process (PID=545) to work on /opt/airflow/dags/sad_dag.py
[2024-03-05T18:41:28.116+0000] {processor.py:830} INFO - Processing file /opt/airflow/dags/sad_dag.py for tasks to queue
[2024-03-05T18:41:28.118+0000] {logging_mixin.py:188} INFO - [2024-03-05T18:41:28.118+0000] {dagbag.py:540} INFO - Filling up the DagBag from /opt/airflow/dags/sad_dag.py
[2024-03-05T18:41:28.144+0000] {processor.py:840} INFO - DAG(s) 'sad_dag' retrieved from /opt/airflow/dags/sad_dag.py
[2024-03-05T18:41:28.185+0000] {processor.py:840} INFO - DAG(s) 'sad_dag' retrieved from /opt/airflow/dags/sad_dag.py
[2024-03-05T18:41:28.219+0000] {logging_mixin.py:188} INFO - [2024-03-05T18:41:28.219+0000] {dag.py:3047} INFO - Sync 1 DAGs
[2024-03-05T18:41:28.247+0000] {logging_mixin.py:188} INFO - [2024-03-05T18:41:28.247+0000] {dag.py:3047} INFO - Sync 1 DAGs
[2024-03-05T18:41:28.272+0000] {logging_mixin.py:188} INFO - [2024-03-05T18:41:28.271+0000] {dag.py:3834} INFO - Setting next_dagrun for sad_dag to 2024-03-04 23:00:00+00:00, run_after=2024-03-05 23:00:00+00:00
[2024-03-05T18:41:28.291+0000] {logging_mixin.py:188} INFO - [2024-03-05T18:41:28.290+0000] {dag.py:3834} INFO - Setting next_dagrun for sad_dag to 2024-03-04 23:00:00+00:00, run_after=2024-03-05 23:00:00+00:00
[2024-03-05T18:41:28.452+0000] {processor.py:183} INFO - Processing /opt/airflow/dags/sad_dag.py took 0.362 seconds
[2024-03-05T18:41:28.469+0000] {processor.py:183} INFO - Processing /opt/airflow/dags/sad_dag.py took 0.359 seconds
[2024-03-05T18:41:59.857+0000] {processor.py:161} INFO - Started process (PID=620) to work on /opt/airflow/dags/sad_dag.py
[2024-03-05T18:41:59.858+0000] {processor.py:161} INFO - Started process (PID=621) to work on /opt/airflow/dags/sad_dag.py
[2024-03-05T18:41:59.859+0000] {processor.py:830} INFO - Processing file /opt/airflow/dags/sad_dag.py for tasks to queue
[2024-03-05T18:41:59.860+0000] {processor.py:830} INFO - Processing file /opt/airflow/dags/sad_dag.py for tasks to queue
[2024-03-05T18:41:59.861+0000] {logging_mixin.py:188} INFO - [2024-03-05T18:41:59.860+0000] {dagbag.py:540} INFO - Filling up the DagBag from /opt/airflow/dags/sad_dag.py
[2024-03-05T18:41:59.861+0000] {logging_mixin.py:188} INFO - [2024-03-05T18:41:59.861+0000] {dagbag.py:540} INFO - Filling up the DagBag from /opt/airflow/dags/sad_dag.py
[2024-03-05T18:41:59.900+0000] {processor.py:840} INFO - DAG(s) 'sad_dag' retrieved from /opt/airflow/dags/sad_dag.py
[2024-03-05T18:41:59.900+0000] {processor.py:840} INFO - DAG(s) 'sad_dag' retrieved from /opt/airflow/dags/sad_dag.py
[2024-03-05T18:41:59.941+0000] {logging_mixin.py:188} INFO - [2024-03-05T18:41:59.941+0000] {dag.py:3047} INFO - Sync 1 DAGs
[2024-03-05T18:41:59.944+0000] {logging_mixin.py:188} INFO - [2024-03-05T18:41:59.944+0000] {dag.py:3047} INFO - Sync 1 DAGs
[2024-03-05T18:41:59.978+0000] {logging_mixin.py:188} INFO - [2024-03-05T18:41:59.978+0000] {dag.py:3834} INFO - Setting next_dagrun for sad_dag to 2024-03-04 23:00:00+00:00, run_after=2024-03-05 23:00:00+00:00
[2024-03-05T18:41:59.980+0000] {logging_mixin.py:188} INFO - [2024-03-05T18:41:59.980+0000] {dag.py:3834} INFO - Setting next_dagrun for sad_dag to 2024-03-04 23:00:00+00:00, run_after=2024-03-05 23:00:00+00:00
[2024-03-05T18:42:00.104+0000] {processor.py:183} INFO - Processing /opt/airflow/dags/sad_dag.py took 0.252 seconds
[2024-03-05T18:42:00.115+0000] {processor.py:183} INFO - Processing /opt/airflow/dags/sad_dag.py took 0.263 seconds
[2024-03-05T18:42:31.730+0000] {processor.py:161} INFO - Started process (PID=696) to work on /opt/airflow/dags/sad_dag.py
[2024-03-05T18:42:31.732+0000] {processor.py:830} INFO - Processing file /opt/airflow/dags/sad_dag.py for tasks to queue
[2024-03-05T18:42:31.734+0000] {logging_mixin.py:188} INFO - [2024-03-05T18:42:31.733+0000] {dagbag.py:540} INFO - Filling up the DagBag from /opt/airflow/dags/sad_dag.py
[2024-03-05T18:42:31.781+0000] {processor.py:840} INFO - DAG(s) 'sad_dag' retrieved from /opt/airflow/dags/sad_dag.py
[2024-03-05T18:42:31.816+0000] {logging_mixin.py:188} INFO - [2024-03-05T18:42:31.816+0000] {dag.py:3047} INFO - Sync 1 DAGs
[2024-03-05T18:42:31.846+0000] {logging_mixin.py:188} INFO - [2024-03-05T18:42:31.846+0000] {dag.py:3834} INFO - Setting next_dagrun for sad_dag to 2024-03-04 23:00:00+00:00, run_after=2024-03-05 23:00:00+00:00
[2024-03-05T18:42:31.931+0000] {processor.py:183} INFO - Processing /opt/airflow/dags/sad_dag.py took 0.222 seconds
[2024-03-05T18:42:32.805+0000] {processor.py:161} INFO - Started process (PID=697) to work on /opt/airflow/dags/sad_dag.py
[2024-03-05T18:42:32.808+0000] {processor.py:830} INFO - Processing file /opt/airflow/dags/sad_dag.py for tasks to queue
[2024-03-05T18:42:32.809+0000] {logging_mixin.py:188} INFO - [2024-03-05T18:42:32.809+0000] {dagbag.py:540} INFO - Filling up the DagBag from /opt/airflow/dags/sad_dag.py
[2024-03-05T18:42:32.849+0000] {processor.py:840} INFO - DAG(s) 'sad_dag' retrieved from /opt/airflow/dags/sad_dag.py
[2024-03-05T18:42:32.892+0000] {logging_mixin.py:188} INFO - [2024-03-05T18:42:32.891+0000] {dag.py:3047} INFO - Sync 1 DAGs
[2024-03-05T18:42:32.925+0000] {logging_mixin.py:188} INFO - [2024-03-05T18:42:32.924+0000] {dag.py:3834} INFO - Setting next_dagrun for sad_dag to 2024-03-04 23:00:00+00:00, run_after=2024-03-05 23:00:00+00:00
[2024-03-05T18:42:33.024+0000] {processor.py:183} INFO - Processing /opt/airflow/dags/sad_dag.py took 0.222 seconds
[2024-03-05T18:43:04.077+0000] {processor.py:161} INFO - Started process (PID=772) to work on /opt/airflow/dags/sad_dag.py
[2024-03-05T18:43:04.079+0000] {processor.py:830} INFO - Processing file /opt/airflow/dags/sad_dag.py for tasks to queue
[2024-03-05T18:43:04.080+0000] {logging_mixin.py:188} INFO - [2024-03-05T18:43:04.079+0000] {dagbag.py:540} INFO - Filling up the DagBag from /opt/airflow/dags/sad_dag.py
[2024-03-05T18:43:04.118+0000] {processor.py:840} INFO - DAG(s) 'sad_dag' retrieved from /opt/airflow/dags/sad_dag.py
[2024-03-05T18:43:04.161+0000] {logging_mixin.py:188} INFO - [2024-03-05T18:43:04.161+0000] {dag.py:3047} INFO - Sync 1 DAGs
[2024-03-05T18:43:04.193+0000] {logging_mixin.py:188} INFO - [2024-03-05T18:43:04.193+0000] {dag.py:3834} INFO - Setting next_dagrun for sad_dag to 2024-03-04 23:00:00+00:00, run_after=2024-03-05 23:00:00+00:00
[2024-03-05T18:43:04.302+0000] {processor.py:183} INFO - Processing /opt/airflow/dags/sad_dag.py took 0.228 seconds
[2024-03-05T18:43:04.674+0000] {processor.py:161} INFO - Started process (PID=773) to work on /opt/airflow/dags/sad_dag.py
[2024-03-05T18:43:04.677+0000] {processor.py:830} INFO - Processing file /opt/airflow/dags/sad_dag.py for tasks to queue
[2024-03-05T18:43:04.678+0000] {logging_mixin.py:188} INFO - [2024-03-05T18:43:04.678+0000] {dagbag.py:540} INFO - Filling up the DagBag from /opt/airflow/dags/sad_dag.py
[2024-03-05T18:43:04.726+0000] {processor.py:840} INFO - DAG(s) 'sad_dag' retrieved from /opt/airflow/dags/sad_dag.py
[2024-03-05T18:43:04.770+0000] {logging_mixin.py:188} INFO - [2024-03-05T18:43:04.770+0000] {dag.py:3047} INFO - Sync 1 DAGs
[2024-03-05T18:43:04.804+0000] {logging_mixin.py:188} INFO - [2024-03-05T18:43:04.804+0000] {dag.py:3834} INFO - Setting next_dagrun for sad_dag to 2024-03-04 23:00:00+00:00, run_after=2024-03-05 23:00:00+00:00
[2024-03-05T18:43:04.916+0000] {processor.py:183} INFO - Processing /opt/airflow/dags/sad_dag.py took 0.246 seconds
[2024-03-05T18:43:36.548+0000] {processor.py:161} INFO - Started process (PID=848) to work on /opt/airflow/dags/sad_dag.py
[2024-03-05T18:43:36.551+0000] {processor.py:830} INFO - Processing file /opt/airflow/dags/sad_dag.py for tasks to queue
[2024-03-05T18:43:36.553+0000] {logging_mixin.py:188} INFO - [2024-03-05T18:43:36.552+0000] {dagbag.py:540} INFO - Filling up the DagBag from /opt/airflow/dags/sad_dag.py
[2024-03-05T18:43:36.621+0000] {processor.py:840} INFO - DAG(s) 'sad_dag' retrieved from /opt/airflow/dags/sad_dag.py
[2024-03-05T18:43:36.691+0000] {logging_mixin.py:188} INFO - [2024-03-05T18:43:36.690+0000] {dag.py:3047} INFO - Sync 1 DAGs
[2024-03-05T18:43:36.791+0000] {logging_mixin.py:188} INFO - [2024-03-05T18:43:36.791+0000] {dag.py:3834} INFO - Setting next_dagrun for sad_dag to 2024-03-04 23:00:00+00:00, run_after=2024-03-05 23:00:00+00:00
[2024-03-05T18:43:36.860+0000] {processor.py:161} INFO - Started process (PID=849) to work on /opt/airflow/dags/sad_dag.py
[2024-03-05T18:43:36.861+0000] {processor.py:830} INFO - Processing file /opt/airflow/dags/sad_dag.py for tasks to queue
[2024-03-05T18:43:36.863+0000] {logging_mixin.py:188} INFO - [2024-03-05T18:43:36.863+0000] {dagbag.py:540} INFO - Filling up the DagBag from /opt/airflow/dags/sad_dag.py
[2024-03-05T18:43:36.935+0000] {processor.py:840} INFO - DAG(s) 'sad_dag' retrieved from /opt/airflow/dags/sad_dag.py
[2024-03-05T18:43:36.940+0000] {processor.py:183} INFO - Processing /opt/airflow/dags/sad_dag.py took 0.397 seconds
[2024-03-05T18:43:37.012+0000] {logging_mixin.py:188} INFO - [2024-03-05T18:43:37.011+0000] {dag.py:3047} INFO - Sync 1 DAGs
[2024-03-05T18:43:37.071+0000] {logging_mixin.py:188} INFO - [2024-03-05T18:43:37.070+0000] {dag.py:3834} INFO - Setting next_dagrun for sad_dag to 2024-03-04 23:00:00+00:00, run_after=2024-03-05 23:00:00+00:00
[2024-03-05T18:43:37.236+0000] {processor.py:183} INFO - Processing /opt/airflow/dags/sad_dag.py took 0.384 seconds
[2024-03-05T18:44:10.464+0000] {processor.py:161} INFO - Started process (PID=924) to work on /opt/airflow/dags/sad_dag.py
[2024-03-05T18:44:10.470+0000] {processor.py:830} INFO - Processing file /opt/airflow/dags/sad_dag.py for tasks to queue
[2024-03-05T18:44:10.472+0000] {logging_mixin.py:188} INFO - [2024-03-05T18:44:10.471+0000] {dagbag.py:540} INFO - Filling up the DagBag from /opt/airflow/dags/sad_dag.py
[2024-03-05T18:44:10.542+0000] {processor.py:840} INFO - DAG(s) 'sad_dag' retrieved from /opt/airflow/dags/sad_dag.py
[2024-03-05T18:44:10.637+0000] {logging_mixin.py:188} INFO - [2024-03-05T18:44:10.637+0000] {dag.py:3047} INFO - Sync 1 DAGs
[2024-03-05T18:44:10.708+0000] {logging_mixin.py:188} INFO - [2024-03-05T18:44:10.708+0000] {dag.py:3834} INFO - Setting next_dagrun for sad_dag to 2024-03-04 23:00:00+00:00, run_after=2024-03-05 23:00:00+00:00
[2024-03-05T18:44:10.839+0000] {processor.py:161} INFO - Started process (PID=925) to work on /opt/airflow/dags/sad_dag.py
[2024-03-05T18:44:10.841+0000] {processor.py:830} INFO - Processing file /opt/airflow/dags/sad_dag.py for tasks to queue
[2024-03-05T18:44:10.843+0000] {logging_mixin.py:188} INFO - [2024-03-05T18:44:10.842+0000] {dagbag.py:540} INFO - Filling up the DagBag from /opt/airflow/dags/sad_dag.py
[2024-03-05T18:44:10.907+0000] {processor.py:183} INFO - Processing /opt/airflow/dags/sad_dag.py took 0.448 seconds
[2024-03-05T18:44:10.971+0000] {processor.py:840} INFO - DAG(s) 'sad_dag' retrieved from /opt/airflow/dags/sad_dag.py
[2024-03-05T18:44:11.068+0000] {logging_mixin.py:188} INFO - [2024-03-05T18:44:11.068+0000] {dag.py:3047} INFO - Sync 1 DAGs
[2024-03-05T18:44:11.190+0000] {logging_mixin.py:188} INFO - [2024-03-05T18:44:11.188+0000] {dag.py:3834} INFO - Setting next_dagrun for sad_dag to 2024-03-04 23:00:00+00:00, run_after=2024-03-05 23:00:00+00:00
[2024-03-05T18:44:11.441+0000] {processor.py:183} INFO - Processing /opt/airflow/dags/sad_dag.py took 0.605 seconds
[2024-03-05T18:44:45.410+0000] {processor.py:161} INFO - Started process (PID=1000) to work on /opt/airflow/dags/sad_dag.py
[2024-03-05T18:44:45.417+0000] {processor.py:830} INFO - Processing file /opt/airflow/dags/sad_dag.py for tasks to queue
[2024-03-05T18:44:45.420+0000] {logging_mixin.py:188} INFO - [2024-03-05T18:44:45.419+0000] {dagbag.py:540} INFO - Filling up the DagBag from /opt/airflow/dags/sad_dag.py
[2024-03-05T18:44:45.544+0000] {processor.py:840} INFO - DAG(s) 'sad_dag' retrieved from /opt/airflow/dags/sad_dag.py
[2024-03-05T18:44:45.703+0000] {logging_mixin.py:188} INFO - [2024-03-05T18:44:45.703+0000] {dag.py:3047} INFO - Sync 1 DAGs
[2024-03-05T18:44:45.715+0000] {processor.py:161} INFO - Started process (PID=1001) to work on /opt/airflow/dags/sad_dag.py
[2024-03-05T18:44:45.726+0000] {processor.py:830} INFO - Processing file /opt/airflow/dags/sad_dag.py for tasks to queue
[2024-03-05T18:44:45.732+0000] {logging_mixin.py:188} INFO - [2024-03-05T18:44:45.731+0000] {dagbag.py:540} INFO - Filling up the DagBag from /opt/airflow/dags/sad_dag.py
[2024-03-05T18:44:45.905+0000] {logging_mixin.py:188} INFO - [2024-03-05T18:44:45.904+0000] {dag.py:3834} INFO - Setting next_dagrun for sad_dag to 2024-03-04 23:00:00+00:00, run_after=2024-03-05 23:00:00+00:00
[2024-03-05T18:44:45.934+0000] {processor.py:840} INFO - DAG(s) 'sad_dag' retrieved from /opt/airflow/dags/sad_dag.py
[2024-03-05T18:44:46.233+0000] {logging_mixin.py:188} INFO - [2024-03-05T18:44:46.232+0000] {dag.py:3047} INFO - Sync 1 DAGs
[2024-03-05T18:44:46.285+0000] {processor.py:183} INFO - Processing /opt/airflow/dags/sad_dag.py took 0.883 seconds
[2024-03-05T18:44:46.349+0000] {logging_mixin.py:188} INFO - [2024-03-05T18:44:46.348+0000] {dag.py:3834} INFO - Setting next_dagrun for sad_dag to 2024-03-04 23:00:00+00:00, run_after=2024-03-05 23:00:00+00:00
[2024-03-05T18:44:46.568+0000] {processor.py:183} INFO - Processing /opt/airflow/dags/sad_dag.py took 0.868 seconds
[2024-03-05T18:45:26.530+0000] {processor.py:161} INFO - Started process (PID=1076) to work on /opt/airflow/dags/sad_dag.py
[2024-03-05T18:45:26.532+0000] {processor.py:830} INFO - Processing file /opt/airflow/dags/sad_dag.py for tasks to queue
[2024-03-05T18:45:26.534+0000] {logging_mixin.py:188} INFO - [2024-03-05T18:45:26.533+0000] {dagbag.py:540} INFO - Filling up the DagBag from /opt/airflow/dags/sad_dag.py
[2024-03-05T18:45:26.609+0000] {processor.py:840} INFO - DAG(s) 'sad_dag' retrieved from /opt/airflow/dags/sad_dag.py
[2024-03-05T18:45:26.671+0000] {logging_mixin.py:188} INFO - [2024-03-05T18:45:26.671+0000] {dag.py:3047} INFO - Sync 1 DAGs
[2024-03-05T18:45:26.733+0000] {logging_mixin.py:188} INFO - [2024-03-05T18:45:26.733+0000] {dag.py:3834} INFO - Setting next_dagrun for sad_dag to 2024-03-04 23:00:00+00:00, run_after=2024-03-05 23:00:00+00:00
[2024-03-05T18:45:26.868+0000] {processor.py:183} INFO - Processing /opt/airflow/dags/sad_dag.py took 0.344 seconds
[2024-03-05T18:45:28.821+0000] {processor.py:161} INFO - Started process (PID=1077) to work on /opt/airflow/dags/sad_dag.py
[2024-03-05T18:45:28.825+0000] {processor.py:830} INFO - Processing file /opt/airflow/dags/sad_dag.py for tasks to queue
[2024-03-05T18:45:28.830+0000] {logging_mixin.py:188} INFO - [2024-03-05T18:45:28.829+0000] {dagbag.py:540} INFO - Filling up the DagBag from /opt/airflow/dags/sad_dag.py
[2024-03-05T18:45:28.917+0000] {processor.py:840} INFO - DAG(s) 'sad_dag' retrieved from /opt/airflow/dags/sad_dag.py
[2024-03-05T18:45:28.983+0000] {logging_mixin.py:188} INFO - [2024-03-05T18:45:28.982+0000] {dag.py:3047} INFO - Sync 1 DAGs
[2024-03-05T18:45:29.058+0000] {logging_mixin.py:188} INFO - [2024-03-05T18:45:29.057+0000] {dag.py:3834} INFO - Setting next_dagrun for sad_dag to 2024-03-04 23:00:00+00:00, run_after=2024-03-05 23:00:00+00:00
[2024-03-05T18:45:29.219+0000] {processor.py:183} INFO - Processing /opt/airflow/dags/sad_dag.py took 0.410 seconds
[2024-03-05T18:46:10.986+0000] {processor.py:161} INFO - Started process (PID=1152) to work on /opt/airflow/dags/sad_dag.py
[2024-03-05T18:46:10.993+0000] {processor.py:830} INFO - Processing file /opt/airflow/dags/sad_dag.py for tasks to queue
[2024-03-05T18:46:11.003+0000] {logging_mixin.py:188} INFO - [2024-03-05T18:46:10.997+0000] {dagbag.py:540} INFO - Filling up the DagBag from /opt/airflow/dags/sad_dag.py
[2024-03-05T18:46:11.191+0000] {processor.py:840} INFO - DAG(s) 'sad_dag' retrieved from /opt/airflow/dags/sad_dag.py
[2024-03-05T18:46:11.286+0000] {logging_mixin.py:188} INFO - [2024-03-05T18:46:11.286+0000] {dag.py:3047} INFO - Sync 1 DAGs
[2024-03-05T18:46:11.389+0000] {logging_mixin.py:188} INFO - [2024-03-05T18:46:11.388+0000] {dag.py:3834} INFO - Setting next_dagrun for sad_dag to 2024-03-04 23:00:00+00:00, run_after=2024-03-05 23:00:00+00:00
[2024-03-05T18:46:11.578+0000] {processor.py:183} INFO - Processing /opt/airflow/dags/sad_dag.py took 0.612 seconds
[2024-03-05T18:46:51.327+0000] {processor.py:161} INFO - Started process (PID=1218) to work on /opt/airflow/dags/sad_dag.py
[2024-03-05T18:46:51.330+0000] {processor.py:830} INFO - Processing file /opt/airflow/dags/sad_dag.py for tasks to queue
[2024-03-05T18:46:51.334+0000] {logging_mixin.py:188} INFO - [2024-03-05T18:46:51.333+0000] {dagbag.py:540} INFO - Filling up the DagBag from /opt/airflow/dags/sad_dag.py
[2024-03-05T18:46:51.402+0000] {processor.py:840} INFO - DAG(s) 'sad_dag' retrieved from /opt/airflow/dags/sad_dag.py
[2024-03-05T18:46:51.474+0000] {logging_mixin.py:188} INFO - [2024-03-05T18:46:51.473+0000] {dag.py:3047} INFO - Sync 1 DAGs
[2024-03-05T18:46:51.535+0000] {logging_mixin.py:188} INFO - [2024-03-05T18:46:51.534+0000] {dag.py:3834} INFO - Setting next_dagrun for sad_dag to 2024-03-04 23:00:00+00:00, run_after=2024-03-05 23:00:00+00:00
[2024-03-05T18:46:51.710+0000] {processor.py:183} INFO - Processing /opt/airflow/dags/sad_dag.py took 0.387 seconds
[2024-03-05T18:46:57.545+0000] {processor.py:161} INFO - Started process (PID=1236) to work on /opt/airflow/dags/sad_dag.py
[2024-03-05T18:46:57.549+0000] {processor.py:830} INFO - Processing file /opt/airflow/dags/sad_dag.py for tasks to queue
[2024-03-05T18:46:57.552+0000] {logging_mixin.py:188} INFO - [2024-03-05T18:46:57.551+0000] {dagbag.py:540} INFO - Filling up the DagBag from /opt/airflow/dags/sad_dag.py
[2024-03-05T18:46:57.627+0000] {processor.py:840} INFO - DAG(s) 'sad_dag' retrieved from /opt/airflow/dags/sad_dag.py
[2024-03-05T18:46:57.698+0000] {logging_mixin.py:188} INFO - [2024-03-05T18:46:57.697+0000] {dag.py:3047} INFO - Sync 1 DAGs
[2024-03-05T18:46:57.769+0000] {logging_mixin.py:188} INFO - [2024-03-05T18:46:57.768+0000] {dag.py:3834} INFO - Setting next_dagrun for sad_dag to 2024-03-04 23:00:00+00:00, run_after=2024-03-05 23:00:00+00:00
[2024-03-05T18:46:58.030+0000] {processor.py:183} INFO - Processing /opt/airflow/dags/sad_dag.py took 0.491 seconds
[2024-03-05T18:47:26.133+0000] {processor.py:161} INFO - Started process (PID=1302) to work on /opt/airflow/dags/sad_dag.py
[2024-03-05T18:47:26.135+0000] {processor.py:830} INFO - Processing file /opt/airflow/dags/sad_dag.py for tasks to queue
[2024-03-05T18:47:26.136+0000] {logging_mixin.py:188} INFO - [2024-03-05T18:47:26.136+0000] {dagbag.py:540} INFO - Filling up the DagBag from /opt/airflow/dags/sad_dag.py
[2024-03-05T18:47:26.210+0000] {processor.py:840} INFO - DAG(s) 'sad_dag' retrieved from /opt/airflow/dags/sad_dag.py
[2024-03-05T18:47:26.273+0000] {logging_mixin.py:188} INFO - [2024-03-05T18:47:26.272+0000] {dag.py:3047} INFO - Sync 1 DAGs
[2024-03-05T18:47:26.344+0000] {logging_mixin.py:188} INFO - [2024-03-05T18:47:26.344+0000] {dag.py:3834} INFO - Setting next_dagrun for sad_dag to 2024-03-04 23:00:00+00:00, run_after=2024-03-05 23:00:00+00:00
[2024-03-05T18:47:26.522+0000] {processor.py:183} INFO - Processing /opt/airflow/dags/sad_dag.py took 0.395 seconds
[2024-03-05T18:47:28.821+0000] {processor.py:161} INFO - Started process (PID=1305) to work on /opt/airflow/dags/sad_dag.py
[2024-03-05T18:47:28.831+0000] {processor.py:830} INFO - Processing file /opt/airflow/dags/sad_dag.py for tasks to queue
[2024-03-05T18:47:28.837+0000] {logging_mixin.py:188} INFO - [2024-03-05T18:47:28.832+0000] {dagbag.py:540} INFO - Filling up the DagBag from /opt/airflow/dags/sad_dag.py
[2024-03-05T18:47:29.076+0000] {processor.py:840} INFO - DAG(s) 'sad_dag' retrieved from /opt/airflow/dags/sad_dag.py
[2024-03-05T18:47:29.523+0000] {logging_mixin.py:188} INFO - [2024-03-05T18:47:29.522+0000] {dag.py:3047} INFO - Sync 1 DAGs
[2024-03-05T18:47:29.874+0000] {logging_mixin.py:188} INFO - [2024-03-05T18:47:29.874+0000] {dag.py:3834} INFO - Setting next_dagrun for sad_dag to 2024-03-04 23:00:00+00:00, run_after=2024-03-05 23:00:00+00:00
[2024-03-05T18:47:31.136+0000] {processor.py:183} INFO - Processing /opt/airflow/dags/sad_dag.py took 2.331 seconds
[2024-03-05T18:48:04.599+0000] {processor.py:161} INFO - Started process (PID=1377) to work on /opt/airflow/dags/sad_dag.py
[2024-03-05T18:48:04.601+0000] {processor.py:830} INFO - Processing file /opt/airflow/dags/sad_dag.py for tasks to queue
[2024-03-05T18:48:04.602+0000] {logging_mixin.py:188} INFO - [2024-03-05T18:48:04.602+0000] {dagbag.py:540} INFO - Filling up the DagBag from /opt/airflow/dags/sad_dag.py
[2024-03-05T18:48:04.670+0000] {processor.py:840} INFO - DAG(s) 'sad_dag' retrieved from /opt/airflow/dags/sad_dag.py
[2024-03-05T18:48:04.743+0000] {logging_mixin.py:188} INFO - [2024-03-05T18:48:04.743+0000] {dag.py:3047} INFO - Sync 1 DAGs
[2024-03-05T18:48:04.804+0000] {logging_mixin.py:188} INFO - [2024-03-05T18:48:04.804+0000] {dag.py:3834} INFO - Setting next_dagrun for sad_dag to 2024-03-04 23:00:00+00:00, run_after=2024-03-05 23:00:00+00:00
[2024-03-05T18:48:04.964+0000] {processor.py:183} INFO - Processing /opt/airflow/dags/sad_dag.py took 0.373 seconds
[2024-03-05T18:48:06.536+0000] {processor.py:161} INFO - Started process (PID=1379) to work on /opt/airflow/dags/sad_dag.py
[2024-03-05T18:48:06.538+0000] {processor.py:830} INFO - Processing file /opt/airflow/dags/sad_dag.py for tasks to queue
[2024-03-05T18:48:06.541+0000] {logging_mixin.py:188} INFO - [2024-03-05T18:48:06.540+0000] {dagbag.py:540} INFO - Filling up the DagBag from /opt/airflow/dags/sad_dag.py
[2024-03-05T18:48:06.644+0000] {processor.py:840} INFO - DAG(s) 'sad_dag' retrieved from /opt/airflow/dags/sad_dag.py
[2024-03-05T18:48:06.722+0000] {logging_mixin.py:188} INFO - [2024-03-05T18:48:06.721+0000] {dag.py:3047} INFO - Sync 1 DAGs
[2024-03-05T18:48:06.770+0000] {logging_mixin.py:188} INFO - [2024-03-05T18:48:06.770+0000] {dag.py:3834} INFO - Setting next_dagrun for sad_dag to 2024-03-04 23:00:00+00:00, run_after=2024-03-05 23:00:00+00:00
[2024-03-05T18:48:06.912+0000] {processor.py:183} INFO - Processing /opt/airflow/dags/sad_dag.py took 0.379 seconds
[2024-03-05T18:48:39.186+0000] {processor.py:161} INFO - Started process (PID=1453) to work on /opt/airflow/dags/sad_dag.py
[2024-03-05T18:48:39.188+0000] {processor.py:830} INFO - Processing file /opt/airflow/dags/sad_dag.py for tasks to queue
[2024-03-05T18:48:39.189+0000] {logging_mixin.py:188} INFO - [2024-03-05T18:48:39.189+0000] {dagbag.py:540} INFO - Filling up the DagBag from /opt/airflow/dags/sad_dag.py
[2024-03-05T18:48:39.250+0000] {processor.py:840} INFO - DAG(s) 'sad_dag' retrieved from /opt/airflow/dags/sad_dag.py
[2024-03-05T18:48:39.322+0000] {logging_mixin.py:188} INFO - [2024-03-05T18:48:39.321+0000] {dag.py:3047} INFO - Sync 1 DAGs
[2024-03-05T18:48:39.388+0000] {logging_mixin.py:188} INFO - [2024-03-05T18:48:39.388+0000] {dag.py:3834} INFO - Setting next_dagrun for sad_dag to 2024-03-04 23:00:00+00:00, run_after=2024-03-05 23:00:00+00:00
[2024-03-05T18:48:39.548+0000] {processor.py:183} INFO - Processing /opt/airflow/dags/sad_dag.py took 0.366 seconds
[2024-03-05T18:48:43.093+0000] {processor.py:161} INFO - Started process (PID=1464) to work on /opt/airflow/dags/sad_dag.py
[2024-03-05T18:48:43.096+0000] {processor.py:830} INFO - Processing file /opt/airflow/dags/sad_dag.py for tasks to queue
[2024-03-05T18:48:43.105+0000] {logging_mixin.py:188} INFO - [2024-03-05T18:48:43.103+0000] {dagbag.py:540} INFO - Filling up the DagBag from /opt/airflow/dags/sad_dag.py
[2024-03-05T18:48:43.221+0000] {processor.py:840} INFO - DAG(s) 'sad_dag' retrieved from /opt/airflow/dags/sad_dag.py
[2024-03-05T18:48:43.305+0000] {logging_mixin.py:188} INFO - [2024-03-05T18:48:43.304+0000] {dag.py:3047} INFO - Sync 1 DAGs
[2024-03-05T18:48:43.364+0000] {logging_mixin.py:188} INFO - [2024-03-05T18:48:43.364+0000] {dag.py:3834} INFO - Setting next_dagrun for sad_dag to 2024-03-04 23:00:00+00:00, run_after=2024-03-05 23:00:00+00:00
[2024-03-05T18:48:43.530+0000] {processor.py:183} INFO - Processing /opt/airflow/dags/sad_dag.py took 0.448 seconds
[2024-03-05T18:49:15.464+0000] {processor.py:161} INFO - Started process (PID=1529) to work on /opt/airflow/dags/sad_dag.py
[2024-03-05T18:49:15.468+0000] {processor.py:830} INFO - Processing file /opt/airflow/dags/sad_dag.py for tasks to queue
[2024-03-05T18:49:15.475+0000] {logging_mixin.py:188} INFO - [2024-03-05T18:49:15.474+0000] {dagbag.py:540} INFO - Filling up the DagBag from /opt/airflow/dags/sad_dag.py
[2024-03-05T18:49:15.581+0000] {processor.py:840} INFO - DAG(s) 'sad_dag' retrieved from /opt/airflow/dags/sad_dag.py
[2024-03-05T18:49:15.685+0000] {logging_mixin.py:188} INFO - [2024-03-05T18:49:15.684+0000] {dag.py:3047} INFO - Sync 1 DAGs
[2024-03-05T18:49:15.786+0000] {logging_mixin.py:188} INFO - [2024-03-05T18:49:15.786+0000] {dag.py:3834} INFO - Setting next_dagrun for sad_dag to 2024-03-04 23:00:00+00:00, run_after=2024-03-05 23:00:00+00:00
[2024-03-05T18:49:16.001+0000] {processor.py:183} INFO - Processing /opt/airflow/dags/sad_dag.py took 0.557 seconds
[2024-03-05T18:49:19.649+0000] {processor.py:161} INFO - Started process (PID=1540) to work on /opt/airflow/dags/sad_dag.py
[2024-03-05T18:49:19.652+0000] {processor.py:830} INFO - Processing file /opt/airflow/dags/sad_dag.py for tasks to queue
[2024-03-05T18:49:19.655+0000] {logging_mixin.py:188} INFO - [2024-03-05T18:49:19.654+0000] {dagbag.py:540} INFO - Filling up the DagBag from /opt/airflow/dags/sad_dag.py
[2024-03-05T18:49:19.725+0000] {processor.py:840} INFO - DAG(s) 'sad_dag' retrieved from /opt/airflow/dags/sad_dag.py
[2024-03-05T18:49:19.806+0000] {logging_mixin.py:188} INFO - [2024-03-05T18:49:19.805+0000] {dag.py:3047} INFO - Sync 1 DAGs
[2024-03-05T18:49:19.868+0000] {logging_mixin.py:188} INFO - [2024-03-05T18:49:19.867+0000] {dag.py:3834} INFO - Setting next_dagrun for sad_dag to 2024-03-04 23:00:00+00:00, run_after=2024-03-05 23:00:00+00:00
[2024-03-05T18:49:20.044+0000] {processor.py:183} INFO - Processing /opt/airflow/dags/sad_dag.py took 0.407 seconds
