[2024-03-05T17:48:17.063+0000] {processor.py:161} INFO - Started process (PID=142) to work on /opt/airflow/dags/welcome_dag.py
[2024-03-05T17:48:17.065+0000] {processor.py:830} INFO - Processing file /opt/airflow/dags/welcome_dag.py for tasks to queue
[2024-03-05T17:48:17.067+0000] {logging_mixin.py:188} INFO - [2024-03-05T17:48:17.066+0000] {dagbag.py:540} INFO - Filling up the DagBag from /opt/airflow/dags/welcome_dag.py
[2024-03-05T17:48:17.119+0000] {processor.py:840} INFO - DAG(s) 'welcome_dag' retrieved from /opt/airflow/dags/welcome_dag.py
[2024-03-05T17:48:17.452+0000] {logging_mixin.py:188} INFO - [2024-03-05T17:48:17.451+0000] {override.py:1769} INFO - Created Permission View: can edit on DAG:welcome_dag
[2024-03-05T17:48:17.508+0000] {logging_mixin.py:188} INFO - [2024-03-05T17:48:17.507+0000] {override.py:1769} INFO - Created Permission View: can read on DAG:welcome_dag
[2024-03-05T17:48:17.557+0000] {logging_mixin.py:188} INFO - [2024-03-05T17:48:17.556+0000] {override.py:1769} INFO - Created Permission View: can delete on DAG:welcome_dag
[2024-03-05T17:48:17.558+0000] {logging_mixin.py:188} INFO - [2024-03-05T17:48:17.558+0000] {dag.py:3047} INFO - Sync 1 DAGs
[2024-03-05T17:48:17.580+0000] {logging_mixin.py:188} INFO - [2024-03-05T17:48:17.580+0000] {dag.py:3069} INFO - Creating ORM DAG for welcome_dag
[2024-03-05T17:48:17.597+0000] {logging_mixin.py:188} INFO - [2024-03-05T17:48:17.597+0000] {dag.py:3834} INFO - Setting next_dagrun for welcome_dag to 2024-03-04 23:00:00+00:00, run_after=2024-03-05 23:00:00+00:00
[2024-03-05T17:48:17.678+0000] {processor.py:183} INFO - Processing /opt/airflow/dags/welcome_dag.py took 0.621 seconds
[2024-03-05T17:48:49.500+0000] {processor.py:161} INFO - Started process (PID=171) to work on /opt/airflow/dags/welcome_dag.py
[2024-03-05T17:48:49.502+0000] {processor.py:830} INFO - Processing file /opt/airflow/dags/welcome_dag.py for tasks to queue
[2024-03-05T17:48:49.503+0000] {logging_mixin.py:188} INFO - [2024-03-05T17:48:49.503+0000] {dagbag.py:540} INFO - Filling up the DagBag from /opt/airflow/dags/welcome_dag.py
[2024-03-05T17:48:49.541+0000] {processor.py:840} INFO - DAG(s) 'welcome_dag' retrieved from /opt/airflow/dags/welcome_dag.py
[2024-03-05T17:48:49.713+0000] {logging_mixin.py:188} INFO - [2024-03-05T17:48:49.713+0000] {dag.py:3047} INFO - Sync 1 DAGs
[2024-03-05T17:48:49.747+0000] {logging_mixin.py:188} INFO - [2024-03-05T17:48:49.747+0000] {dag.py:3834} INFO - Setting next_dagrun for welcome_dag to 2024-03-04 23:00:00+00:00, run_after=2024-03-05 23:00:00+00:00
[2024-03-05T17:48:49.876+0000] {processor.py:183} INFO - Processing /opt/airflow/dags/welcome_dag.py took 0.379 seconds
[2024-03-05T17:49:28.317+0000] {processor.py:161} INFO - Started process (PID=201) to work on /opt/airflow/dags/welcome_dag.py
[2024-03-05T17:49:28.318+0000] {processor.py:830} INFO - Processing file /opt/airflow/dags/welcome_dag.py for tasks to queue
[2024-03-05T17:49:28.321+0000] {logging_mixin.py:188} INFO - [2024-03-05T17:49:28.320+0000] {dagbag.py:540} INFO - Filling up the DagBag from /opt/airflow/dags/welcome_dag.py
[2024-03-05T17:49:28.373+0000] {processor.py:840} INFO - DAG(s) 'welcome_dag' retrieved from /opt/airflow/dags/welcome_dag.py
[2024-03-05T17:49:28.416+0000] {logging_mixin.py:188} INFO - [2024-03-05T17:49:28.416+0000] {dag.py:3047} INFO - Sync 1 DAGs
[2024-03-05T17:49:28.451+0000] {logging_mixin.py:188} INFO - [2024-03-05T17:49:28.451+0000] {dag.py:3834} INFO - Setting next_dagrun for welcome_dag to 2024-03-04 23:00:00+00:00, run_after=2024-03-05 23:00:00+00:00
[2024-03-05T17:49:28.549+0000] {processor.py:183} INFO - Processing /opt/airflow/dags/welcome_dag.py took 0.237 seconds
[2024-03-05T17:50:06.681+0000] {processor.py:161} INFO - Started process (PID=281) to work on /opt/airflow/dags/welcome_dag.py
[2024-03-05T17:50:06.684+0000] {processor.py:830} INFO - Processing file /opt/airflow/dags/welcome_dag.py for tasks to queue
[2024-03-05T17:50:06.693+0000] {logging_mixin.py:188} INFO - [2024-03-05T17:50:06.690+0000] {dagbag.py:540} INFO - Filling up the DagBag from /opt/airflow/dags/welcome_dag.py
[2024-03-05T17:50:06.742+0000] {processor.py:840} INFO - DAG(s) 'welcome_dag' retrieved from /opt/airflow/dags/welcome_dag.py
[2024-03-05T17:50:06.826+0000] {logging_mixin.py:188} INFO - [2024-03-05T17:50:06.826+0000] {dag.py:3047} INFO - Sync 1 DAGs
[2024-03-05T17:50:06.900+0000] {logging_mixin.py:188} INFO - [2024-03-05T17:50:06.899+0000] {dag.py:3834} INFO - Setting next_dagrun for welcome_dag to 2024-03-04 23:00:00+00:00, run_after=2024-03-05 23:00:00+00:00
[2024-03-05T17:50:06.999+0000] {processor.py:183} INFO - Processing /opt/airflow/dags/welcome_dag.py took 0.324 seconds
[2024-03-05T17:50:55.606+0000] {processor.py:161} INFO - Started process (PID=415) to work on /opt/airflow/dags/welcome_dag.py
[2024-03-05T17:50:55.608+0000] {processor.py:830} INFO - Processing file /opt/airflow/dags/welcome_dag.py for tasks to queue
[2024-03-05T17:50:55.609+0000] {logging_mixin.py:188} INFO - [2024-03-05T17:50:55.609+0000] {dagbag.py:540} INFO - Filling up the DagBag from /opt/airflow/dags/welcome_dag.py
[2024-03-05T17:50:55.675+0000] {processor.py:840} INFO - DAG(s) 'welcome_dag' retrieved from /opt/airflow/dags/welcome_dag.py
[2024-03-05T17:50:55.721+0000] {logging_mixin.py:188} INFO - [2024-03-05T17:50:55.721+0000] {dag.py:3047} INFO - Sync 1 DAGs
[2024-03-05T17:50:55.758+0000] {logging_mixin.py:188} INFO - [2024-03-05T17:50:55.757+0000] {dag.py:3834} INFO - Setting next_dagrun for welcome_dag to 2024-03-04 23:00:00+00:00, run_after=2024-03-05 23:00:00+00:00
[2024-03-05T17:50:55.916+0000] {processor.py:183} INFO - Processing /opt/airflow/dags/welcome_dag.py took 0.314 seconds
[2024-03-05T17:50:57.619+0000] {processor.py:161} INFO - Started process (PID=416) to work on /opt/airflow/dags/welcome_dag.py
[2024-03-05T17:50:57.622+0000] {processor.py:830} INFO - Processing file /opt/airflow/dags/welcome_dag.py for tasks to queue
[2024-03-05T17:50:57.625+0000] {logging_mixin.py:188} INFO - [2024-03-05T17:50:57.624+0000] {dagbag.py:540} INFO - Filling up the DagBag from /opt/airflow/dags/welcome_dag.py
[2024-03-05T17:50:57.734+0000] {processor.py:840} INFO - DAG(s) 'welcome_dag' retrieved from /opt/airflow/dags/welcome_dag.py
[2024-03-05T17:50:57.849+0000] {logging_mixin.py:188} INFO - [2024-03-05T17:50:57.848+0000] {dag.py:3047} INFO - Sync 1 DAGs
[2024-03-05T17:50:58.037+0000] {logging_mixin.py:188} INFO - [2024-03-05T17:50:58.036+0000] {dag.py:3834} INFO - Setting next_dagrun for welcome_dag to 2024-03-04 23:00:00+00:00, run_after=2024-03-05 23:00:00+00:00
[2024-03-05T17:50:59.097+0000] {processor.py:183} INFO - Processing /opt/airflow/dags/welcome_dag.py took 1.488 seconds
[2024-03-05T18:41:04.945+0000] {processor.py:161} INFO - Started process (PID=524) to work on /opt/airflow/dags/welcome_dag.py
[2024-03-05T18:41:04.949+0000] {processor.py:830} INFO - Processing file /opt/airflow/dags/welcome_dag.py for tasks to queue
[2024-03-05T18:41:04.951+0000] {logging_mixin.py:188} INFO - [2024-03-05T18:41:04.950+0000] {dagbag.py:540} INFO - Filling up the DagBag from /opt/airflow/dags/welcome_dag.py
[2024-03-05T18:41:05.000+0000] {processor.py:840} INFO - DAG(s) 'welcome_dag' retrieved from /opt/airflow/dags/welcome_dag.py
[2024-03-05T18:41:05.047+0000] {logging_mixin.py:188} INFO - [2024-03-05T18:41:05.046+0000] {dag.py:3047} INFO - Sync 1 DAGs
[2024-03-05T18:41:05.084+0000] {logging_mixin.py:188} INFO - [2024-03-05T18:41:05.084+0000] {dag.py:3834} INFO - Setting next_dagrun for welcome_dag to 2024-03-04 23:00:00+00:00, run_after=2024-03-05 23:00:00+00:00
[2024-03-05T18:41:05.186+0000] {processor.py:183} INFO - Processing /opt/airflow/dags/welcome_dag.py took 0.245 seconds
[2024-03-05T18:41:05.751+0000] {processor.py:161} INFO - Started process (PID=525) to work on /opt/airflow/dags/welcome_dag.py
[2024-03-05T18:41:05.753+0000] {processor.py:830} INFO - Processing file /opt/airflow/dags/welcome_dag.py for tasks to queue
[2024-03-05T18:41:05.755+0000] {logging_mixin.py:188} INFO - [2024-03-05T18:41:05.754+0000] {dagbag.py:540} INFO - Filling up the DagBag from /opt/airflow/dags/welcome_dag.py
[2024-03-05T18:41:05.795+0000] {processor.py:840} INFO - DAG(s) 'welcome_dag' retrieved from /opt/airflow/dags/welcome_dag.py
[2024-03-05T18:41:05.833+0000] {logging_mixin.py:188} INFO - [2024-03-05T18:41:05.833+0000] {dag.py:3047} INFO - Sync 1 DAGs
[2024-03-05T18:41:05.881+0000] {logging_mixin.py:188} INFO - [2024-03-05T18:41:05.880+0000] {dag.py:3834} INFO - Setting next_dagrun for welcome_dag to 2024-03-04 23:00:00+00:00, run_after=2024-03-05 23:00:00+00:00
[2024-03-05T18:41:05.970+0000] {processor.py:183} INFO - Processing /opt/airflow/dags/welcome_dag.py took 0.222 seconds
[2024-03-05T18:41:38.144+0000] {processor.py:161} INFO - Started process (PID=600) to work on /opt/airflow/dags/welcome_dag.py
[2024-03-05T18:41:38.147+0000] {processor.py:830} INFO - Processing file /opt/airflow/dags/welcome_dag.py for tasks to queue
[2024-03-05T18:41:38.149+0000] {logging_mixin.py:188} INFO - [2024-03-05T18:41:38.148+0000] {dagbag.py:540} INFO - Filling up the DagBag from /opt/airflow/dags/welcome_dag.py
[2024-03-05T18:41:38.210+0000] {processor.py:840} INFO - DAG(s) 'welcome_dag' retrieved from /opt/airflow/dags/welcome_dag.py
[2024-03-05T18:41:38.268+0000] {logging_mixin.py:188} INFO - [2024-03-05T18:41:38.268+0000] {dag.py:3047} INFO - Sync 1 DAGs
[2024-03-05T18:41:38.312+0000] {logging_mixin.py:188} INFO - [2024-03-05T18:41:38.312+0000] {dag.py:3834} INFO - Setting next_dagrun for welcome_dag to 2024-03-04 23:00:00+00:00, run_after=2024-03-05 23:00:00+00:00
[2024-03-05T18:41:38.438+0000] {processor.py:183} INFO - Processing /opt/airflow/dags/welcome_dag.py took 0.298 seconds
[2024-03-05T18:41:38.595+0000] {processor.py:161} INFO - Started process (PID=601) to work on /opt/airflow/dags/welcome_dag.py
[2024-03-05T18:41:38.598+0000] {processor.py:830} INFO - Processing file /opt/airflow/dags/welcome_dag.py for tasks to queue
[2024-03-05T18:41:38.600+0000] {logging_mixin.py:188} INFO - [2024-03-05T18:41:38.600+0000] {dagbag.py:540} INFO - Filling up the DagBag from /opt/airflow/dags/welcome_dag.py
[2024-03-05T18:41:38.675+0000] {processor.py:840} INFO - DAG(s) 'welcome_dag' retrieved from /opt/airflow/dags/welcome_dag.py
[2024-03-05T18:41:38.738+0000] {logging_mixin.py:188} INFO - [2024-03-05T18:41:38.737+0000] {dag.py:3047} INFO - Sync 1 DAGs
[2024-03-05T18:41:38.782+0000] {logging_mixin.py:188} INFO - [2024-03-05T18:41:38.782+0000] {dag.py:3834} INFO - Setting next_dagrun for welcome_dag to 2024-03-04 23:00:00+00:00, run_after=2024-03-05 23:00:00+00:00
[2024-03-05T18:41:38.913+0000] {processor.py:183} INFO - Processing /opt/airflow/dags/welcome_dag.py took 0.321 seconds
[2024-03-05T18:42:10.523+0000] {processor.py:161} INFO - Started process (PID=676) to work on /opt/airflow/dags/welcome_dag.py
[2024-03-05T18:42:10.525+0000] {processor.py:830} INFO - Processing file /opt/airflow/dags/welcome_dag.py for tasks to queue
[2024-03-05T18:42:10.527+0000] {logging_mixin.py:188} INFO - [2024-03-05T18:42:10.526+0000] {dagbag.py:540} INFO - Filling up the DagBag from /opt/airflow/dags/welcome_dag.py
[2024-03-05T18:42:10.575+0000] {processor.py:840} INFO - DAG(s) 'welcome_dag' retrieved from /opt/airflow/dags/welcome_dag.py
[2024-03-05T18:42:10.618+0000] {logging_mixin.py:188} INFO - [2024-03-05T18:42:10.618+0000] {dag.py:3047} INFO - Sync 1 DAGs
[2024-03-05T18:42:10.652+0000] {logging_mixin.py:188} INFO - [2024-03-05T18:42:10.652+0000] {dag.py:3834} INFO - Setting next_dagrun for welcome_dag to 2024-03-04 23:00:00+00:00, run_after=2024-03-05 23:00:00+00:00
[2024-03-05T18:42:10.744+0000] {processor.py:183} INFO - Processing /opt/airflow/dags/welcome_dag.py took 0.225 seconds
[2024-03-05T18:42:11.102+0000] {processor.py:161} INFO - Started process (PID=677) to work on /opt/airflow/dags/welcome_dag.py
[2024-03-05T18:42:11.104+0000] {processor.py:830} INFO - Processing file /opt/airflow/dags/welcome_dag.py for tasks to queue
[2024-03-05T18:42:11.106+0000] {logging_mixin.py:188} INFO - [2024-03-05T18:42:11.105+0000] {dagbag.py:540} INFO - Filling up the DagBag from /opt/airflow/dags/welcome_dag.py
[2024-03-05T18:42:11.148+0000] {processor.py:840} INFO - DAG(s) 'welcome_dag' retrieved from /opt/airflow/dags/welcome_dag.py
[2024-03-05T18:42:11.188+0000] {logging_mixin.py:188} INFO - [2024-03-05T18:42:11.188+0000] {dag.py:3047} INFO - Sync 1 DAGs
[2024-03-05T18:42:11.224+0000] {logging_mixin.py:188} INFO - [2024-03-05T18:42:11.224+0000] {dag.py:3834} INFO - Setting next_dagrun for welcome_dag to 2024-03-04 23:00:00+00:00, run_after=2024-03-05 23:00:00+00:00
[2024-03-05T18:42:11.329+0000] {processor.py:183} INFO - Processing /opt/airflow/dags/welcome_dag.py took 0.230 seconds
[2024-03-05T18:42:41.360+0000] {processor.py:161} INFO - Started process (PID=745) to work on /opt/airflow/dags/welcome_dag.py
[2024-03-05T18:42:41.362+0000] {processor.py:830} INFO - Processing file /opt/airflow/dags/welcome_dag.py for tasks to queue
[2024-03-05T18:42:41.365+0000] {logging_mixin.py:188} INFO - [2024-03-05T18:42:41.364+0000] {dagbag.py:540} INFO - Filling up the DagBag from /opt/airflow/dags/welcome_dag.py
[2024-03-05T18:42:41.421+0000] {processor.py:840} INFO - DAG(s) 'welcome_dag' retrieved from /opt/airflow/dags/welcome_dag.py
[2024-03-05T18:42:41.463+0000] {logging_mixin.py:188} INFO - [2024-03-05T18:42:41.463+0000] {dag.py:3047} INFO - Sync 1 DAGs
[2024-03-05T18:42:41.511+0000] {logging_mixin.py:188} INFO - [2024-03-05T18:42:41.511+0000] {dag.py:3834} INFO - Setting next_dagrun for welcome_dag to 2024-03-04 23:00:00+00:00, run_after=2024-03-05 23:00:00+00:00
[2024-03-05T18:42:41.653+0000] {processor.py:183} INFO - Processing /opt/airflow/dags/welcome_dag.py took 0.296 seconds
[2024-03-05T18:42:43.642+0000] {processor.py:161} INFO - Started process (PID=753) to work on /opt/airflow/dags/welcome_dag.py
[2024-03-05T18:42:43.643+0000] {processor.py:830} INFO - Processing file /opt/airflow/dags/welcome_dag.py for tasks to queue
[2024-03-05T18:42:43.645+0000] {logging_mixin.py:188} INFO - [2024-03-05T18:42:43.644+0000] {dagbag.py:540} INFO - Filling up the DagBag from /opt/airflow/dags/welcome_dag.py
[2024-03-05T18:42:43.688+0000] {processor.py:840} INFO - DAG(s) 'welcome_dag' retrieved from /opt/airflow/dags/welcome_dag.py
[2024-03-05T18:42:43.732+0000] {logging_mixin.py:188} INFO - [2024-03-05T18:42:43.732+0000] {dag.py:3047} INFO - Sync 1 DAGs
[2024-03-05T18:42:43.785+0000] {logging_mixin.py:188} INFO - [2024-03-05T18:42:43.785+0000] {dag.py:3834} INFO - Setting next_dagrun for welcome_dag to 2024-03-04 23:00:00+00:00, run_after=2024-03-05 23:00:00+00:00
[2024-03-05T18:42:43.894+0000] {processor.py:183} INFO - Processing /opt/airflow/dags/welcome_dag.py took 0.254 seconds
[2024-03-05T18:43:14.440+0000] {processor.py:161} INFO - Started process (PID=821) to work on /opt/airflow/dags/welcome_dag.py
[2024-03-05T18:43:14.444+0000] {processor.py:830} INFO - Processing file /opt/airflow/dags/welcome_dag.py for tasks to queue
[2024-03-05T18:43:14.447+0000] {logging_mixin.py:188} INFO - [2024-03-05T18:43:14.446+0000] {dagbag.py:540} INFO - Filling up the DagBag from /opt/airflow/dags/welcome_dag.py
[2024-03-05T18:43:14.536+0000] {processor.py:840} INFO - DAG(s) 'welcome_dag' retrieved from /opt/airflow/dags/welcome_dag.py
[2024-03-05T18:43:14.662+0000] {logging_mixin.py:188} INFO - [2024-03-05T18:43:14.662+0000] {dag.py:3047} INFO - Sync 1 DAGs
[2024-03-05T18:43:14.775+0000] {logging_mixin.py:188} INFO - [2024-03-05T18:43:14.774+0000] {dag.py:3834} INFO - Setting next_dagrun for welcome_dag to 2024-03-04 23:00:00+00:00, run_after=2024-03-05 23:00:00+00:00
[2024-03-05T18:43:15.161+0000] {processor.py:183} INFO - Processing /opt/airflow/dags/welcome_dag.py took 0.728 seconds
[2024-03-05T18:43:17.734+0000] {processor.py:161} INFO - Started process (PID=829) to work on /opt/airflow/dags/welcome_dag.py
[2024-03-05T18:43:17.736+0000] {processor.py:830} INFO - Processing file /opt/airflow/dags/welcome_dag.py for tasks to queue
[2024-03-05T18:43:17.738+0000] {logging_mixin.py:188} INFO - [2024-03-05T18:43:17.737+0000] {dagbag.py:540} INFO - Filling up the DagBag from /opt/airflow/dags/welcome_dag.py
[2024-03-05T18:43:17.797+0000] {processor.py:840} INFO - DAG(s) 'welcome_dag' retrieved from /opt/airflow/dags/welcome_dag.py
[2024-03-05T18:43:17.848+0000] {logging_mixin.py:188} INFO - [2024-03-05T18:43:17.847+0000] {dag.py:3047} INFO - Sync 1 DAGs
[2024-03-05T18:43:17.897+0000] {logging_mixin.py:188} INFO - [2024-03-05T18:43:17.897+0000] {dag.py:3834} INFO - Setting next_dagrun for welcome_dag to 2024-03-04 23:00:00+00:00, run_after=2024-03-05 23:00:00+00:00
[2024-03-05T18:43:18.006+0000] {processor.py:183} INFO - Processing /opt/airflow/dags/welcome_dag.py took 0.277 seconds
[2024-03-05T18:43:49.006+0000] {processor.py:161} INFO - Started process (PID=904) to work on /opt/airflow/dags/welcome_dag.py
[2024-03-05T18:43:49.010+0000] {processor.py:830} INFO - Processing file /opt/airflow/dags/welcome_dag.py for tasks to queue
[2024-03-05T18:43:49.013+0000] {logging_mixin.py:188} INFO - [2024-03-05T18:43:49.012+0000] {dagbag.py:540} INFO - Filling up the DagBag from /opt/airflow/dags/welcome_dag.py
[2024-03-05T18:43:49.077+0000] {processor.py:840} INFO - DAG(s) 'welcome_dag' retrieved from /opt/airflow/dags/welcome_dag.py
[2024-03-05T18:43:49.147+0000] {logging_mixin.py:188} INFO - [2024-03-05T18:43:49.146+0000] {dag.py:3047} INFO - Sync 1 DAGs
[2024-03-05T18:43:49.211+0000] {logging_mixin.py:188} INFO - [2024-03-05T18:43:49.211+0000] {dag.py:3834} INFO - Setting next_dagrun for welcome_dag to 2024-03-04 23:00:00+00:00, run_after=2024-03-05 23:00:00+00:00
[2024-03-05T18:43:49.400+0000] {processor.py:183} INFO - Processing /opt/airflow/dags/welcome_dag.py took 0.399 seconds
[2024-03-05T18:43:51.516+0000] {processor.py:161} INFO - Started process (PID=905) to work on /opt/airflow/dags/welcome_dag.py
[2024-03-05T18:43:51.519+0000] {processor.py:830} INFO - Processing file /opt/airflow/dags/welcome_dag.py for tasks to queue
[2024-03-05T18:43:51.525+0000] {logging_mixin.py:188} INFO - [2024-03-05T18:43:51.524+0000] {dagbag.py:540} INFO - Filling up the DagBag from /opt/airflow/dags/welcome_dag.py
[2024-03-05T18:43:51.607+0000] {processor.py:840} INFO - DAG(s) 'welcome_dag' retrieved from /opt/airflow/dags/welcome_dag.py
[2024-03-05T18:43:51.664+0000] {logging_mixin.py:188} INFO - [2024-03-05T18:43:51.664+0000] {dag.py:3047} INFO - Sync 1 DAGs
[2024-03-05T18:43:51.712+0000] {logging_mixin.py:188} INFO - [2024-03-05T18:43:51.711+0000] {dag.py:3834} INFO - Setting next_dagrun for welcome_dag to 2024-03-04 23:00:00+00:00, run_after=2024-03-05 23:00:00+00:00
[2024-03-05T18:43:51.853+0000] {processor.py:183} INFO - Processing /opt/airflow/dags/welcome_dag.py took 0.344 seconds
[2024-03-05T18:44:25.542+0000] {processor.py:161} INFO - Started process (PID=980) to work on /opt/airflow/dags/welcome_dag.py
[2024-03-05T18:44:25.546+0000] {processor.py:830} INFO - Processing file /opt/airflow/dags/welcome_dag.py for tasks to queue
[2024-03-05T18:44:25.553+0000] {logging_mixin.py:188} INFO - [2024-03-05T18:44:25.552+0000] {dagbag.py:540} INFO - Filling up the DagBag from /opt/airflow/dags/welcome_dag.py
[2024-03-05T18:44:25.707+0000] {processor.py:840} INFO - DAG(s) 'welcome_dag' retrieved from /opt/airflow/dags/welcome_dag.py
[2024-03-05T18:44:25.808+0000] {logging_mixin.py:188} INFO - [2024-03-05T18:44:25.808+0000] {dag.py:3047} INFO - Sync 1 DAGs
[2024-03-05T18:44:25.836+0000] {processor.py:161} INFO - Started process (PID=981) to work on /opt/airflow/dags/welcome_dag.py
[2024-03-05T18:44:25.838+0000] {processor.py:830} INFO - Processing file /opt/airflow/dags/welcome_dag.py for tasks to queue
[2024-03-05T18:44:25.840+0000] {logging_mixin.py:188} INFO - [2024-03-05T18:44:25.839+0000] {dagbag.py:540} INFO - Filling up the DagBag from /opt/airflow/dags/welcome_dag.py
[2024-03-05T18:44:25.881+0000] {logging_mixin.py:188} INFO - [2024-03-05T18:44:25.879+0000] {dag.py:3834} INFO - Setting next_dagrun for welcome_dag to 2024-03-04 23:00:00+00:00, run_after=2024-03-05 23:00:00+00:00
[2024-03-05T18:44:25.908+0000] {processor.py:840} INFO - DAG(s) 'welcome_dag' retrieved from /opt/airflow/dags/welcome_dag.py
[2024-03-05T18:44:26.060+0000] {logging_mixin.py:188} INFO - [2024-03-05T18:44:26.060+0000] {dag.py:3047} INFO - Sync 1 DAGs
[2024-03-05T18:44:26.108+0000] {processor.py:183} INFO - Processing /opt/airflow/dags/welcome_dag.py took 0.585 seconds
[2024-03-05T18:44:26.146+0000] {logging_mixin.py:188} INFO - [2024-03-05T18:44:26.145+0000] {dag.py:3834} INFO - Setting next_dagrun for welcome_dag to 2024-03-04 23:00:00+00:00, run_after=2024-03-05 23:00:00+00:00
[2024-03-05T18:44:26.388+0000] {processor.py:183} INFO - Processing /opt/airflow/dags/welcome_dag.py took 0.556 seconds
[2024-03-05T18:45:20.505+0000] {processor.py:161} INFO - Started process (PID=1056) to work on /opt/airflow/dags/welcome_dag.py
[2024-03-05T18:45:20.515+0000] {processor.py:830} INFO - Processing file /opt/airflow/dags/welcome_dag.py for tasks to queue
[2024-03-05T18:45:20.524+0000] {logging_mixin.py:188} INFO - [2024-03-05T18:45:20.519+0000] {dagbag.py:540} INFO - Filling up the DagBag from /opt/airflow/dags/welcome_dag.py
[2024-03-05T18:45:20.672+0000] {processor.py:840} INFO - DAG(s) 'welcome_dag' retrieved from /opt/airflow/dags/welcome_dag.py
[2024-03-05T18:45:20.778+0000] {logging_mixin.py:188} INFO - [2024-03-05T18:45:20.777+0000] {dag.py:3047} INFO - Sync 1 DAGs
[2024-03-05T18:45:20.861+0000] {logging_mixin.py:188} INFO - [2024-03-05T18:45:20.861+0000] {dag.py:3834} INFO - Setting next_dagrun for welcome_dag to 2024-03-04 23:00:00+00:00, run_after=2024-03-05 23:00:00+00:00
[2024-03-05T18:45:21.053+0000] {processor.py:183} INFO - Processing /opt/airflow/dags/welcome_dag.py took 0.560 seconds
[2024-03-05T18:45:21.189+0000] {processor.py:161} INFO - Started process (PID=1057) to work on /opt/airflow/dags/welcome_dag.py
[2024-03-05T18:45:21.195+0000] {processor.py:830} INFO - Processing file /opt/airflow/dags/welcome_dag.py for tasks to queue
[2024-03-05T18:45:21.205+0000] {logging_mixin.py:188} INFO - [2024-03-05T18:45:21.203+0000] {dagbag.py:540} INFO - Filling up the DagBag from /opt/airflow/dags/welcome_dag.py
[2024-03-05T18:45:21.335+0000] {processor.py:840} INFO - DAG(s) 'welcome_dag' retrieved from /opt/airflow/dags/welcome_dag.py
[2024-03-05T18:45:21.416+0000] {logging_mixin.py:188} INFO - [2024-03-05T18:45:21.415+0000] {dag.py:3047} INFO - Sync 1 DAGs
[2024-03-05T18:45:21.506+0000] {logging_mixin.py:188} INFO - [2024-03-05T18:45:21.506+0000] {dag.py:3834} INFO - Setting next_dagrun for welcome_dag to 2024-03-04 23:00:00+00:00, run_after=2024-03-05 23:00:00+00:00
[2024-03-05T18:45:21.703+0000] {processor.py:183} INFO - Processing /opt/airflow/dags/welcome_dag.py took 0.526 seconds
[2024-03-05T18:45:55.391+0000] {processor.py:161} INFO - Started process (PID=1132) to work on /opt/airflow/dags/welcome_dag.py
[2024-03-05T18:45:55.395+0000] {processor.py:830} INFO - Processing file /opt/airflow/dags/welcome_dag.py for tasks to queue
[2024-03-05T18:45:55.397+0000] {logging_mixin.py:188} INFO - [2024-03-05T18:45:55.396+0000] {dagbag.py:540} INFO - Filling up the DagBag from /opt/airflow/dags/welcome_dag.py
[2024-03-05T18:45:55.456+0000] {processor.py:840} INFO - DAG(s) 'welcome_dag' retrieved from /opt/airflow/dags/welcome_dag.py
[2024-03-05T18:45:55.513+0000] {logging_mixin.py:188} INFO - [2024-03-05T18:45:55.512+0000] {dag.py:3047} INFO - Sync 1 DAGs
[2024-03-05T18:45:55.603+0000] {logging_mixin.py:188} INFO - [2024-03-05T18:45:55.603+0000] {dag.py:3834} INFO - Setting next_dagrun for welcome_dag to 2024-03-04 23:00:00+00:00, run_after=2024-03-05 23:00:00+00:00
[2024-03-05T18:45:55.745+0000] {processor.py:183} INFO - Processing /opt/airflow/dags/welcome_dag.py took 0.364 seconds
[2024-03-05T18:46:36.542+0000] {processor.py:161} INFO - Started process (PID=1181) to work on /opt/airflow/dags/welcome_dag.py
[2024-03-05T18:46:36.545+0000] {processor.py:830} INFO - Processing file /opt/airflow/dags/welcome_dag.py for tasks to queue
[2024-03-05T18:46:36.556+0000] {logging_mixin.py:188} INFO - [2024-03-05T18:46:36.554+0000] {dagbag.py:540} INFO - Filling up the DagBag from /opt/airflow/dags/welcome_dag.py
[2024-03-05T18:46:36.661+0000] {processor.py:840} INFO - DAG(s) 'welcome_dag' retrieved from /opt/airflow/dags/welcome_dag.py
[2024-03-05T18:46:36.758+0000] {logging_mixin.py:188} INFO - [2024-03-05T18:46:36.757+0000] {dag.py:3047} INFO - Sync 1 DAGs
[2024-03-05T18:46:36.829+0000] {logging_mixin.py:188} INFO - [2024-03-05T18:46:36.828+0000] {dag.py:3834} INFO - Setting next_dagrun for welcome_dag to 2024-03-04 23:00:00+00:00, run_after=2024-03-05 23:00:00+00:00
[2024-03-05T18:46:37.074+0000] {processor.py:183} INFO - Processing /opt/airflow/dags/welcome_dag.py took 0.537 seconds
[2024-03-05T18:46:46.289+0000] {processor.py:161} INFO - Started process (PID=1207) to work on /opt/airflow/dags/welcome_dag.py
[2024-03-05T18:46:46.294+0000] {processor.py:830} INFO - Processing file /opt/airflow/dags/welcome_dag.py for tasks to queue
[2024-03-05T18:46:46.297+0000] {logging_mixin.py:188} INFO - [2024-03-05T18:46:46.296+0000] {dagbag.py:540} INFO - Filling up the DagBag from /opt/airflow/dags/welcome_dag.py
[2024-03-05T18:46:46.407+0000] {processor.py:840} INFO - DAG(s) 'welcome_dag' retrieved from /opt/airflow/dags/welcome_dag.py
[2024-03-05T18:46:46.506+0000] {logging_mixin.py:188} INFO - [2024-03-05T18:46:46.505+0000] {dag.py:3047} INFO - Sync 1 DAGs
[2024-03-05T18:46:46.603+0000] {logging_mixin.py:188} INFO - [2024-03-05T18:46:46.603+0000] {dag.py:3834} INFO - Setting next_dagrun for welcome_dag to 2024-03-04 23:00:00+00:00, run_after=2024-03-05 23:00:00+00:00
[2024-03-05T18:46:46.802+0000] {processor.py:183} INFO - Processing /opt/airflow/dags/welcome_dag.py took 0.524 seconds
[2024-03-05T18:47:07.446+0000] {processor.py:161} INFO - Started process (PID=1273) to work on /opt/airflow/dags/welcome_dag.py
[2024-03-05T18:47:07.459+0000] {processor.py:830} INFO - Processing file /opt/airflow/dags/welcome_dag.py for tasks to queue
[2024-03-05T18:47:07.463+0000] {logging_mixin.py:188} INFO - [2024-03-05T18:47:07.462+0000] {dagbag.py:540} INFO - Filling up the DagBag from /opt/airflow/dags/welcome_dag.py
[2024-03-05T18:47:07.583+0000] {processor.py:840} INFO - DAG(s) 'welcome_dag' retrieved from /opt/airflow/dags/welcome_dag.py
[2024-03-05T18:47:07.675+0000] {logging_mixin.py:188} INFO - [2024-03-05T18:47:07.674+0000] {dag.py:3047} INFO - Sync 1 DAGs
[2024-03-05T18:47:07.771+0000] {logging_mixin.py:188} INFO - [2024-03-05T18:47:07.770+0000] {dag.py:3834} INFO - Setting next_dagrun for welcome_dag to 2024-03-04 23:00:00+00:00, run_after=2024-03-05 23:00:00+00:00
[2024-03-05T18:47:08.091+0000] {processor.py:183} INFO - Processing /opt/airflow/dags/welcome_dag.py took 0.655 seconds
[2024-03-05T18:47:19.770+0000] {processor.py:161} INFO - Started process (PID=1292) to work on /opt/airflow/dags/welcome_dag.py
[2024-03-05T18:47:19.771+0000] {processor.py:830} INFO - Processing file /opt/airflow/dags/welcome_dag.py for tasks to queue
[2024-03-05T18:47:19.773+0000] {logging_mixin.py:188} INFO - [2024-03-05T18:47:19.772+0000] {dagbag.py:540} INFO - Filling up the DagBag from /opt/airflow/dags/welcome_dag.py
[2024-03-05T18:47:19.876+0000] {processor.py:840} INFO - DAG(s) 'welcome_dag' retrieved from /opt/airflow/dags/welcome_dag.py
[2024-03-05T18:47:19.960+0000] {logging_mixin.py:188} INFO - [2024-03-05T18:47:19.960+0000] {dag.py:3047} INFO - Sync 1 DAGs
[2024-03-05T18:47:20.042+0000] {logging_mixin.py:188} INFO - [2024-03-05T18:47:20.042+0000] {dag.py:3834} INFO - Setting next_dagrun for welcome_dag to 2024-03-04 23:00:00+00:00, run_after=2024-03-05 23:00:00+00:00
[2024-03-05T18:47:20.298+0000] {processor.py:183} INFO - Processing /opt/airflow/dags/welcome_dag.py took 0.534 seconds
[2024-03-05T18:47:53.571+0000] {processor.py:161} INFO - Started process (PID=1351) to work on /opt/airflow/dags/welcome_dag.py
[2024-03-05T18:47:53.574+0000] {processor.py:830} INFO - Processing file /opt/airflow/dags/welcome_dag.py for tasks to queue
[2024-03-05T18:47:53.578+0000] {logging_mixin.py:188} INFO - [2024-03-05T18:47:53.577+0000] {dagbag.py:540} INFO - Filling up the DagBag from /opt/airflow/dags/welcome_dag.py
[2024-03-05T18:47:53.669+0000] {processor.py:840} INFO - DAG(s) 'welcome_dag' retrieved from /opt/airflow/dags/welcome_dag.py
[2024-03-05T18:47:53.874+0000] {logging_mixin.py:188} INFO - [2024-03-05T18:47:53.873+0000] {dag.py:3047} INFO - Sync 1 DAGs
[2024-03-05T18:47:53.990+0000] {logging_mixin.py:188} INFO - [2024-03-05T18:47:53.989+0000] {dag.py:3834} INFO - Setting next_dagrun for welcome_dag to 2024-03-04 23:00:00+00:00, run_after=2024-03-05 23:00:00+00:00
[2024-03-05T18:47:54.270+0000] {processor.py:183} INFO - Processing /opt/airflow/dags/welcome_dag.py took 0.703 seconds
[2024-03-05T18:48:05.656+0000] {processor.py:161} INFO - Started process (PID=1378) to work on /opt/airflow/dags/welcome_dag.py
[2024-03-05T18:48:05.658+0000] {processor.py:830} INFO - Processing file /opt/airflow/dags/welcome_dag.py for tasks to queue
[2024-03-05T18:48:05.661+0000] {logging_mixin.py:188} INFO - [2024-03-05T18:48:05.661+0000] {dagbag.py:540} INFO - Filling up the DagBag from /opt/airflow/dags/welcome_dag.py
[2024-03-05T18:48:05.712+0000] {processor.py:840} INFO - DAG(s) 'welcome_dag' retrieved from /opt/airflow/dags/welcome_dag.py
[2024-03-05T18:48:05.763+0000] {logging_mixin.py:188} INFO - [2024-03-05T18:48:05.762+0000] {dag.py:3047} INFO - Sync 1 DAGs
[2024-03-05T18:48:05.853+0000] {logging_mixin.py:188} INFO - [2024-03-05T18:48:05.852+0000] {dag.py:3834} INFO - Setting next_dagrun for welcome_dag to 2024-03-04 23:00:00+00:00, run_after=2024-03-05 23:00:00+00:00
[2024-03-05T18:48:06.035+0000] {processor.py:183} INFO - Processing /opt/airflow/dags/welcome_dag.py took 0.383 seconds
[2024-03-05T18:48:26.630+0000] {processor.py:161} INFO - Started process (PID=1425) to work on /opt/airflow/dags/welcome_dag.py
[2024-03-05T18:48:26.633+0000] {processor.py:830} INFO - Processing file /opt/airflow/dags/welcome_dag.py for tasks to queue
[2024-03-05T18:48:26.639+0000] {logging_mixin.py:188} INFO - [2024-03-05T18:48:26.636+0000] {dagbag.py:540} INFO - Filling up the DagBag from /opt/airflow/dags/welcome_dag.py
[2024-03-05T18:48:26.741+0000] {processor.py:840} INFO - DAG(s) 'welcome_dag' retrieved from /opt/airflow/dags/welcome_dag.py
[2024-03-05T18:48:26.937+0000] {logging_mixin.py:188} INFO - [2024-03-05T18:48:26.936+0000] {dag.py:3047} INFO - Sync 1 DAGs
[2024-03-05T18:48:27.104+0000] {logging_mixin.py:188} INFO - [2024-03-05T18:48:27.103+0000] {dag.py:3834} INFO - Setting next_dagrun for welcome_dag to 2024-03-04 23:00:00+00:00, run_after=2024-03-05 23:00:00+00:00
[2024-03-05T18:48:27.300+0000] {processor.py:183} INFO - Processing /opt/airflow/dags/welcome_dag.py took 0.678 seconds
[2024-03-05T18:48:41.143+0000] {processor.py:161} INFO - Started process (PID=1456) to work on /opt/airflow/dags/welcome_dag.py
[2024-03-05T18:48:41.145+0000] {processor.py:830} INFO - Processing file /opt/airflow/dags/welcome_dag.py for tasks to queue
[2024-03-05T18:48:41.147+0000] {logging_mixin.py:188} INFO - [2024-03-05T18:48:41.146+0000] {dagbag.py:540} INFO - Filling up the DagBag from /opt/airflow/dags/welcome_dag.py
[2024-03-05T18:48:41.223+0000] {processor.py:840} INFO - DAG(s) 'welcome_dag' retrieved from /opt/airflow/dags/welcome_dag.py
[2024-03-05T18:48:41.425+0000] {logging_mixin.py:188} INFO - [2024-03-05T18:48:41.424+0000] {dag.py:3047} INFO - Sync 1 DAGs
[2024-03-05T18:48:41.542+0000] {logging_mixin.py:188} INFO - [2024-03-05T18:48:41.542+0000] {dag.py:3834} INFO - Setting next_dagrun for welcome_dag to 2024-03-04 23:00:00+00:00, run_after=2024-03-05 23:00:00+00:00
[2024-03-05T18:48:41.709+0000] {processor.py:183} INFO - Processing /opt/airflow/dags/welcome_dag.py took 0.569 seconds
[2024-03-05T18:49:07.701+0000] {processor.py:161} INFO - Started process (PID=1510) to work on /opt/airflow/dags/welcome_dag.py
[2024-03-05T18:49:07.705+0000] {processor.py:830} INFO - Processing file /opt/airflow/dags/welcome_dag.py for tasks to queue
[2024-03-05T18:49:07.708+0000] {logging_mixin.py:188} INFO - [2024-03-05T18:49:07.707+0000] {dagbag.py:540} INFO - Filling up the DagBag from /opt/airflow/dags/welcome_dag.py
[2024-03-05T18:49:07.873+0000] {processor.py:840} INFO - DAG(s) 'welcome_dag' retrieved from /opt/airflow/dags/welcome_dag.py
[2024-03-05T18:49:08.233+0000] {logging_mixin.py:188} INFO - [2024-03-05T18:49:08.232+0000] {dag.py:3047} INFO - Sync 1 DAGs
[2024-03-05T18:49:08.583+0000] {logging_mixin.py:188} INFO - [2024-03-05T18:49:08.582+0000] {dag.py:3834} INFO - Setting next_dagrun for welcome_dag to 2024-03-04 23:00:00+00:00, run_after=2024-03-05 23:00:00+00:00
[2024-03-05T18:49:08.874+0000] {processor.py:183} INFO - Processing /opt/airflow/dags/welcome_dag.py took 1.192 seconds
[2024-03-05T18:49:17.679+0000] {processor.py:161} INFO - Started process (PID=1532) to work on /opt/airflow/dags/welcome_dag.py
[2024-03-05T18:49:17.685+0000] {processor.py:830} INFO - Processing file /opt/airflow/dags/welcome_dag.py for tasks to queue
[2024-03-05T18:49:17.688+0000] {logging_mixin.py:188} INFO - [2024-03-05T18:49:17.687+0000] {dagbag.py:540} INFO - Filling up the DagBag from /opt/airflow/dags/welcome_dag.py
[2024-03-05T18:49:17.774+0000] {processor.py:840} INFO - DAG(s) 'welcome_dag' retrieved from /opt/airflow/dags/welcome_dag.py
[2024-03-05T18:49:17.917+0000] {logging_mixin.py:188} INFO - [2024-03-05T18:49:17.916+0000] {dag.py:3047} INFO - Sync 1 DAGs
[2024-03-05T18:49:18.032+0000] {logging_mixin.py:188} INFO - [2024-03-05T18:49:18.031+0000] {dag.py:3834} INFO - Setting next_dagrun for welcome_dag to 2024-03-04 23:00:00+00:00, run_after=2024-03-05 23:00:00+00:00
[2024-03-05T18:49:18.186+0000] {processor.py:183} INFO - Processing /opt/airflow/dags/welcome_dag.py took 0.511 seconds
